<?xml version="1.0" encoding="UTF-8"?>
<coverage generated="1673254681159" clover="3.2.0">
  <project timestamp="1673254681159" name="All files">
    <metrics statements="661" coveredstatements="443" conditionals="359" coveredconditionals="171" methods="226" coveredmethods="156" elements="1246" coveredelements="770" complexity="0" loc="661" ncloc="661" packages="1" files="1" classes="1"/>
    <file name="database.js" path="C:\Users\giovy\Documents\se2022-10-HikeTracker\backend\database.js">
      <metrics statements="661" coveredstatements="443" conditionals="359" coveredconditionals="171" methods="226" coveredmethods="156"/>
      <line num="3" count="1" type="stmt"/>
      <line num="4" count="1" type="stmt"/>
      <line num="5" count="1" type="stmt"/>
      <line num="6" count="1" type="stmt"/>
      <line num="7" count="1" type="stmt"/>
      <line num="8" count="1" type="stmt"/>
      <line num="11" count="1" type="stmt"/>
      <line num="13" count="1" type="cond" truecount="1" falsecount="1"/>
      <line num="14" count="1" type="stmt"/>
      <line num="18" count="1" type="cond" truecount="1" falsecount="1"/>
      <line num="19" count="1" type="stmt"/>
      <line num="22" count="1" type="cond" truecount="1" falsecount="1"/>
      <line num="23" count="1" type="stmt"/>
      <line num="26" count="1" type="cond" truecount="1" falsecount="1"/>
      <line num="27" count="1" type="stmt"/>
      <line num="30" count="1" type="stmt"/>
      <line num="35" count="1" type="stmt"/>
      <line num="36" count="1" type="cond" truecount="1" falsecount="1"/>
      <line num="40" count="1" type="stmt"/>
      <line num="44" count="1" type="stmt"/>
      <line num="46" count="1" type="stmt"/>
      <line num="47" count="1" type="stmt"/>
      <line num="48" count="1" type="cond" truecount="1" falsecount="1"/>
      <line num="49" count="0" type="stmt"/>
      <line num="50" count="0" type="stmt"/>
      <line num="51" count="0" type="stmt"/>
      <line num="52" count="0" type="stmt"/>
      <line num="53" count="0" type="cond" truecount="0" falsecount="2"/>
      <line num="59" count="0" type="stmt"/>
      <line num="61" count="0" type="cond" truecount="0" falsecount="2"/>
      <line num="65" count="0" type="cond" truecount="0" falsecount="2"/>
      <line num="66" count="0" type="stmt"/>
      <line num="67" count="0" type="cond" truecount="0" falsecount="2"/>
      <line num="68" count="0" type="stmt"/>
      <line num="70" count="0" type="stmt"/>
      <line num="72" count="0" type="cond" truecount="0" falsecount="4"/>
      <line num="73" count="0" type="cond" truecount="0" falsecount="2"/>
      <line num="74" count="0" type="stmt"/>
      <line num="75" count="0" type="cond" truecount="0" falsecount="2"/>
      <line num="76" count="0" type="stmt"/>
      <line num="77" count="0" type="cond" truecount="0" falsecount="2"/>
      <line num="78" count="0" type="stmt"/>
      <line num="79" count="0" type="cond" truecount="0" falsecount="2"/>
      <line num="80" count="0" type="stmt"/>
      <line num="83" count="0" type="stmt"/>
      <line num="85" count="0" type="stmt"/>
      <line num="88" count="1" type="stmt"/>
      <line num="93" count="1" type="stmt"/>
      <line num="94" count="1" type="cond" truecount="1" falsecount="1"/>
      <line num="95" count="0" type="stmt"/>
      <line num="96" count="0" type="stmt"/>
      <line num="98" count="100" type="stmt"/>
      <line num="116" count="1" type="stmt"/>
      <line num="117" count="1" type="stmt"/>
      <line num="118" count="2500" type="cond" truecount="2" falsecount="0"/>
      <line num="119" count="5000" type="stmt"/>
      <line num="120" count="50" type="cond" truecount="1" falsecount="1"/>
      <line num="121" count="0" type="stmt"/>
      <line num="123" count="50" type="stmt"/>
      <line num="124" count="50" type="stmt"/>
      <line num="125" count="100" type="stmt"/>
      <line num="132" count="100" type="stmt"/>
      <line num="134" count="50" type="stmt"/>
      <line num="151" count="1" type="stmt"/>
      <line num="152" count="50" type="stmt"/>
      <line num="154" count="1" type="stmt"/>
      <line num="156" count="1" type="stmt"/>
      <line num="157" count="50" type="stmt"/>
      <line num="163" count="1" type="stmt"/>
      <line num="168" count="1" type="stmt"/>
      <line num="169" count="3" type="stmt"/>
      <line num="171" count="3" type="stmt"/>
      <line num="172" count="3" type="stmt"/>
      <line num="173" count="3" type="cond" truecount="4" falsecount="0"/>
      <line num="175" count="2" type="stmt"/>
      <line num="194" count="1" type="stmt"/>
      <line num="195" count="1" type="stmt"/>
      <line num="196" count="2" type="cond" truecount="2" falsecount="0"/>
      <line num="197" count="2" type="stmt"/>
      <line num="198" count="1" type="cond" truecount="1" falsecount="1"/>
      <line num="199" count="0" type="stmt"/>
      <line num="201" count="1" type="stmt"/>
      <line num="202" count="1" type="stmt"/>
      <line num="203" count="2" type="stmt"/>
      <line num="210" count="2" type="stmt"/>
      <line num="212" count="1" type="stmt"/>
      <line num="230" count="1" type="stmt"/>
      <line num="231" count="1" type="stmt"/>
      <line num="233" count="1" type="stmt"/>
      <line num="235" count="1" type="stmt"/>
      <line num="236" count="1" type="stmt"/>
      <line num="242" count="1" type="stmt"/>
      <line num="243" count="1" type="stmt"/>
      <line num="245" count="1" type="stmt"/>
      <line num="247" count="1" type="stmt"/>
      <line num="248" count="1" type="stmt"/>
      <line num="251" count="1" type="stmt"/>
      <line num="258" count="1" type="stmt"/>
      <line num="259" count="2" type="stmt"/>
      <line num="260" count="2" type="stmt"/>
      <line num="261" count="2" type="stmt"/>
      <line num="262" count="2" type="cond" truecount="1" falsecount="1"/>
      <line num="263" count="2" type="stmt"/>
      <line num="268" count="1" type="stmt"/>
      <line num="269" count="1" type="stmt"/>
      <line num="270" count="1" type="stmt"/>
      <line num="271" count="1" type="stmt"/>
      <line num="272" count="1" type="cond" truecount="1" falsecount="1"/>
      <line num="273" count="1" type="stmt"/>
      <line num="278" count="1" type="stmt"/>
      <line num="279" count="1" type="stmt"/>
      <line num="280" count="1" type="stmt"/>
      <line num="281" count="1" type="stmt"/>
      <line num="282" count="1" type="cond" truecount="1" falsecount="1"/>
      <line num="283" count="1" type="stmt"/>
      <line num="288" count="1" type="stmt"/>
      <line num="289" count="51" type="stmt"/>
      <line num="290" count="51" type="stmt"/>
      <line num="291" count="51" type="stmt"/>
      <line num="292" count="51" type="cond" truecount="1" falsecount="1"/>
      <line num="294" count="51" type="cond" truecount="2" falsecount="0"/>
      <line num="295" count="43" type="stmt"/>
      <line num="296" count="43" type="stmt"/>
      <line num="297" count="43" type="stmt"/>
      <line num="300" count="8" type="stmt"/>
      <line num="301" count="8" type="stmt"/>
      <line num="303" count="8" type="stmt"/>
      <line num="308" count="1" type="stmt"/>
      <line num="309" count="0" type="stmt"/>
      <line num="310" count="0" type="stmt"/>
      <line num="311" count="0" type="stmt"/>
      <line num="312" count="0" type="cond" truecount="0" falsecount="2"/>
      <line num="313" count="0" type="stmt"/>
      <line num="318" count="1" type="stmt"/>
      <line num="319" count="2" type="stmt"/>
      <line num="320" count="2" type="stmt"/>
      <line num="321" count="2" type="stmt"/>
      <line num="322" count="2" type="cond" truecount="1" falsecount="1"/>
      <line num="323" count="2" type="stmt"/>
      <line num="328" count="1" type="stmt"/>
      <line num="329" count="1" type="stmt"/>
      <line num="330" count="1" type="stmt"/>
      <line num="331" count="1" type="stmt"/>
      <line num="332" count="1" type="cond" truecount="1" falsecount="1"/>
      <line num="333" count="1" type="stmt"/>
      <line num="338" count="1" type="stmt"/>
      <line num="339" count="1" type="stmt"/>
      <line num="340" count="1" type="stmt"/>
      <line num="341" count="1" type="stmt"/>
      <line num="342" count="1" type="cond" truecount="1" falsecount="1"/>
      <line num="343" count="1" type="stmt"/>
      <line num="348" count="1" type="stmt"/>
      <line num="349" count="1" type="stmt"/>
      <line num="350" count="1" type="stmt"/>
      <line num="351" count="1" type="stmt"/>
      <line num="352" count="1" type="cond" truecount="1" falsecount="1"/>
      <line num="353" count="1" type="stmt"/>
      <line num="358" count="1" type="stmt"/>
      <line num="359" count="0" type="stmt"/>
      <line num="360" count="0" type="stmt"/>
      <line num="361" count="0" type="stmt"/>
      <line num="362" count="0" type="cond" truecount="0" falsecount="2"/>
      <line num="363" count="0" type="stmt"/>
      <line num="368" count="1" type="stmt"/>
      <line num="369" count="0" type="stmt"/>
      <line num="371" count="0" type="stmt"/>
      <line num="372" count="0" type="stmt"/>
      <line num="373" count="0" type="cond" truecount="0" falsecount="2"/>
      <line num="374" count="0" type="stmt"/>
      <line num="379" count="1" type="stmt"/>
      <line num="380" count="0" type="stmt"/>
      <line num="382" count="0" type="stmt"/>
      <line num="383" count="0" type="stmt"/>
      <line num="387" count="0" type="cond" truecount="0" falsecount="2"/>
      <line num="388" count="0" type="stmt"/>
      <line num="394" count="1" type="stmt"/>
      <line num="395" count="2" type="stmt"/>
      <line num="397" count="2" type="stmt"/>
      <line num="398" count="2" type="stmt"/>
      <line num="399" count="2" type="cond" truecount="1" falsecount="1"/>
      <line num="400" count="2" type="stmt"/>
      <line num="405" count="1" type="stmt"/>
      <line num="406" count="1" type="stmt"/>
      <line num="408" count="1" type="stmt"/>
      <line num="409" count="1" type="stmt"/>
      <line num="410" count="1" type="cond" truecount="1" falsecount="1"/>
      <line num="411" count="1" type="stmt"/>
      <line num="416" count="1" type="stmt"/>
      <line num="417" count="1" type="stmt"/>
      <line num="419" count="1" type="stmt"/>
      <line num="420" count="1" type="stmt"/>
      <line num="421" count="1" type="cond" truecount="1" falsecount="1"/>
      <line num="422" count="1" type="stmt"/>
      <line num="427" count="1" type="stmt"/>
      <line num="428" count="3" type="stmt"/>
      <line num="429" count="3" type="stmt"/>
      <line num="430" count="3" type="stmt"/>
      <line num="431" count="3" type="cond" truecount="1" falsecount="1"/>
      <line num="432" count="3" type="stmt"/>
      <line num="437" count="1" type="stmt"/>
      <line num="438" count="0" type="stmt"/>
      <line num="440" count="0" type="stmt"/>
      <line num="441" count="0" type="stmt"/>
      <line num="442" count="0" type="cond" truecount="0" falsecount="2"/>
      <line num="443" count="0" type="stmt"/>
      <line num="448" count="1" type="stmt"/>
      <line num="449" count="3" type="stmt"/>
      <line num="450" count="3" type="stmt"/>
      <line num="451" count="3" type="cond" truecount="2" falsecount="0"/>
      <line num="452" count="2" type="stmt"/>
      <line num="455" count="0" type="stmt"/>
      <line num="458" count="1" type="stmt"/>
      <line num="459" count="1" type="stmt"/>
      <line num="460" count="1" type="cond" truecount="1" falsecount="1"/>
      <line num="461" count="1" type="stmt"/>
      <line num="466" count="1" type="stmt"/>
      <line num="467" count="2" type="stmt"/>
      <line num="469" count="2" type="stmt"/>
      <line num="470" count="2" type="stmt"/>
      <line num="471" count="2" type="cond" truecount="1" falsecount="1"/>
      <line num="472" count="2" type="stmt"/>
      <line num="477" count="1" type="stmt"/>
      <line num="478" count="1" type="stmt"/>
      <line num="479" count="1" type="stmt"/>
      <line num="480" count="1" type="stmt"/>
      <line num="481" count="1" type="cond" truecount="1" falsecount="1"/>
      <line num="482" count="1" type="stmt"/>
      <line num="487" count="1" type="stmt"/>
      <line num="488" count="1" type="stmt"/>
      <line num="489" count="1" type="stmt"/>
      <line num="490" count="1" type="stmt"/>
      <line num="491" count="1" type="cond" truecount="1" falsecount="1"/>
      <line num="492" count="1" type="stmt"/>
      <line num="497" count="1" type="stmt"/>
      <line num="498" count="1" type="stmt"/>
      <line num="499" count="1" type="stmt"/>
      <line num="500" count="1" type="stmt"/>
      <line num="501" count="1" type="cond" truecount="1" falsecount="1"/>
      <line num="502" count="1" type="stmt"/>
      <line num="507" count="1" type="stmt"/>
      <line num="508" count="1" type="stmt"/>
      <line num="509" count="1" type="stmt"/>
      <line num="510" count="1" type="stmt"/>
      <line num="511" count="1" type="cond" truecount="1" falsecount="1"/>
      <line num="512" count="1" type="stmt"/>
      <line num="517" count="1" type="stmt"/>
      <line num="518" count="1" type="stmt"/>
      <line num="519" count="1" type="stmt"/>
      <line num="520" count="1" type="stmt"/>
      <line num="521" count="1" type="cond" truecount="1" falsecount="1"/>
      <line num="522" count="1" type="stmt"/>
      <line num="527" count="1" type="stmt"/>
      <line num="528" count="0" type="stmt"/>
      <line num="530" count="0" type="stmt"/>
      <line num="531" count="0" type="stmt"/>
      <line num="532" count="0" type="cond" truecount="0" falsecount="2"/>
      <line num="533" count="0" type="stmt"/>
      <line num="538" count="1" type="stmt"/>
      <line num="539" count="1" type="stmt"/>
      <line num="540" count="1" type="stmt"/>
      <line num="541" count="1" type="stmt"/>
      <line num="542" count="1" type="cond" truecount="1" falsecount="1"/>
      <line num="543" count="1" type="stmt"/>
      <line num="548" count="1" type="stmt"/>
      <line num="549" count="0" type="stmt"/>
      <line num="551" count="0" type="stmt"/>
      <line num="552" count="0" type="stmt"/>
      <line num="553" count="0" type="cond" truecount="0" falsecount="2"/>
      <line num="554" count="0" type="stmt"/>
      <line num="559" count="1" type="stmt"/>
      <line num="560" count="3" type="stmt"/>
      <line num="561" count="3" type="stmt"/>
      <line num="562" count="3" type="cond" truecount="1" falsecount="1"/>
      <line num="563" count="0" type="stmt"/>
      <line num="566" count="0" type="stmt"/>
      <line num="568" count="3" type="stmt"/>
      <line num="570" count="3" type="stmt"/>
      <line num="571" count="3" type="cond" truecount="1" falsecount="1"/>
      <line num="573" count="3" type="cond" truecount="1" falsecount="1"/>
      <line num="575" count="0" type="stmt"/>
      <line num="582" count="1" type="stmt"/>
      <line num="583" count="2" type="stmt"/>
      <line num="585" count="2" type="stmt"/>
      <line num="586" count="2" type="stmt"/>
      <line num="587" count="2" type="cond" truecount="1" falsecount="1"/>
      <line num="588" count="2" type="stmt"/>
      <line num="593" count="1" type="stmt"/>
      <line num="594" count="1" type="stmt"/>
      <line num="596" count="1" type="stmt"/>
      <line num="597" count="1" type="stmt"/>
      <line num="598" count="1" type="cond" truecount="1" falsecount="1"/>
      <line num="599" count="1" type="stmt"/>
      <line num="604" count="1" type="stmt"/>
      <line num="605" count="1" type="stmt"/>
      <line num="607" count="1" type="stmt"/>
      <line num="608" count="1" type="stmt"/>
      <line num="609" count="1" type="cond" truecount="1" falsecount="1"/>
      <line num="610" count="1" type="stmt"/>
      <line num="615" count="1" type="stmt"/>
      <line num="616" count="1" type="stmt"/>
      <line num="617" count="1" type="stmt"/>
      <line num="618" count="1" type="stmt"/>
      <line num="619" count="1" type="cond" truecount="1" falsecount="1"/>
      <line num="620" count="1" type="stmt"/>
      <line num="625" count="1" type="stmt"/>
      <line num="626" count="1" type="stmt"/>
      <line num="627" count="1" type="stmt"/>
      <line num="628" count="1" type="stmt"/>
      <line num="629" count="1" type="cond" truecount="1" falsecount="1"/>
      <line num="630" count="1" type="stmt"/>
      <line num="635" count="1" type="stmt"/>
      <line num="636" count="1" type="stmt"/>
      <line num="637" count="1" type="stmt"/>
      <line num="638" count="1" type="stmt"/>
      <line num="639" count="1" type="cond" truecount="1" falsecount="1"/>
      <line num="640" count="1" type="stmt"/>
      <line num="647" count="1" type="stmt"/>
      <line num="648" count="3" type="stmt"/>
      <line num="649" count="3" type="stmt"/>
      <line num="650" count="3" type="cond" truecount="2" falsecount="0"/>
      <line num="658" count="1" type="stmt"/>
      <line num="661" count="1" type="stmt"/>
      <line num="663" count="1" type="stmt"/>
      <line num="664" count="1" type="stmt"/>
      <line num="665" count="1" type="stmt"/>
      <line num="666" count="1" type="stmt"/>
      <line num="668" count="1" type="stmt"/>
      <line num="669" count="1" type="stmt"/>
      <line num="681" count="1" type="cond" truecount="1" falsecount="1"/>
      <line num="682" count="1" type="stmt"/>
      <line num="688" count="1" type="stmt"/>
      <line num="689" count="4" type="stmt"/>
      <line num="690" count="4" type="stmt"/>
      <line num="691" count="4" type="cond" truecount="2" falsecount="0"/>
      <line num="698" count="1" type="stmt"/>
      <line num="701" count="1" type="stmt"/>
      <line num="703" count="2" type="stmt"/>
      <line num="704" count="2" type="stmt"/>
      <line num="705" count="2" type="stmt"/>
      <line num="706" count="2" type="stmt"/>
      <line num="708" count="2" type="stmt"/>
      <line num="709" count="2" type="stmt"/>
      <line num="710" count="2" type="stmt"/>
      <line num="712" count="2" type="cond" truecount="2" falsecount="0"/>
      <line num="713" count="1" type="stmt"/>
      <line num="714" count="1" type="stmt"/>
      <line num="715" count="1" type="stmt"/>
      <line num="716" count="1" type="cond" truecount="1" falsecount="1"/>
      <line num="717" count="1" type="stmt"/>
      <line num="718" count="1" type="stmt"/>
      <line num="719" count="1" type="stmt"/>
      <line num="721" count="0" type="stmt"/>
      <line num="724" count="2" type="stmt"/>
      <line num="725" count="2" type="stmt"/>
      <line num="737" count="2" type="cond" truecount="1" falsecount="1"/>
      <line num="738" count="2" type="stmt"/>
      <line num="744" count="1" type="stmt"/>
      <line num="745" count="3" type="stmt"/>
      <line num="746" count="3" type="stmt"/>
      <line num="747" count="3" type="cond" truecount="4" falsecount="0"/>
      <line num="748" count="2" type="stmt"/>
      <line num="751" count="0" type="stmt"/>
      <line num="753" count="1" type="stmt"/>
      <line num="754" count="1" type="stmt"/>
      <line num="755" count="1" type="cond" truecount="1" falsecount="1"/>
      <line num="756" count="1" type="stmt"/>
      <line num="761" count="1" type="stmt"/>
      <line num="762" count="0" type="stmt"/>
      <line num="763" count="0" type="stmt"/>
      <line num="764" count="0" type="cond" truecount="0" falsecount="4"/>
      <line num="765" count="0" type="stmt"/>
      <line num="768" count="0" type="stmt"/>
      <line num="770" count="0" type="stmt"/>
      <line num="771" count="0" type="stmt"/>
      <line num="772" count="0" type="cond" truecount="0" falsecount="2"/>
      <line num="773" count="0" type="stmt"/>
      <line num="778" count="1" type="stmt"/>
      <line num="779" count="3" type="stmt"/>
      <line num="780" count="3" type="stmt"/>
      <line num="781" count="3" type="cond" truecount="2" falsecount="0"/>
      <line num="786" count="1" type="stmt"/>
      <line num="789" count="1" type="stmt"/>
      <line num="792" count="1" type="stmt"/>
      <line num="793" count="1" type="stmt"/>
      <line num="797" count="1" type="cond" truecount="1" falsecount="1"/>
      <line num="798" count="1" type="stmt"/>
      <line num="804" count="1" type="stmt"/>
      <line num="805" count="3" type="stmt"/>
      <line num="806" count="3" type="stmt"/>
      <line num="807" count="3" type="cond" truecount="2" falsecount="0"/>
      <line num="812" count="2" type="stmt"/>
      <line num="815" count="0" type="stmt"/>
      <line num="818" count="1" type="stmt"/>
      <line num="819" count="1" type="stmt"/>
      <line num="820" count="1" type="cond" truecount="1" falsecount="1"/>
      <line num="821" count="1" type="stmt"/>
      <line num="826" count="1" type="stmt"/>
      <line num="827" count="0" type="stmt"/>
      <line num="828" count="0" type="stmt"/>
      <line num="829" count="0" type="cond" truecount="0" falsecount="4"/>
      <line num="830" count="0" type="stmt"/>
      <line num="833" count="0" type="stmt"/>
      <line num="835" count="0" type="stmt"/>
      <line num="836" count="0" type="stmt"/>
      <line num="837" count="0" type="cond" truecount="0" falsecount="2"/>
      <line num="838" count="0" type="stmt"/>
      <line num="843" count="1" type="stmt"/>
      <line num="844" count="3" type="stmt"/>
      <line num="845" count="3" type="stmt"/>
      <line num="846" count="3" type="cond" truecount="2" falsecount="0"/>
      <line num="853" count="1" type="stmt"/>
      <line num="856" count="1" type="stmt"/>
      <line num="859" count="1" type="stmt"/>
      <line num="860" count="1" type="cond" truecount="1" falsecount="1"/>
      <line num="861" count="0" type="stmt"/>
      <line num="864" count="1" type="stmt"/>
      <line num="865" count="1" type="stmt"/>
      <line num="866" count="1" type="stmt"/>
      <line num="872" count="1" type="stmt"/>
      <line num="873" count="1" type="stmt"/>
      <line num="885" count="1" type="cond" truecount="1" falsecount="1"/>
      <line num="887" count="1" type="stmt"/>
      <line num="896" count="1" type="stmt"/>
      <line num="897" count="3" type="stmt"/>
      <line num="898" count="3" type="stmt"/>
      <line num="899" count="3" type="cond" truecount="2" falsecount="0"/>
      <line num="915" count="1" type="stmt"/>
      <line num="918" count="1" type="stmt"/>
      <line num="921" count="1" type="stmt"/>
      <line num="922" count="1" type="stmt"/>
      <line num="941" count="1" type="cond" truecount="1" falsecount="1"/>
      <line num="943" count="1" type="stmt"/>
      <line num="950" count="1" type="stmt"/>
      <line num="951" count="3" type="stmt"/>
      <line num="952" count="3" type="stmt"/>
      <line num="953" count="3" type="cond" truecount="2" falsecount="0"/>
      <line num="962" count="1" type="stmt"/>
      <line num="965" count="1" type="stmt"/>
      <line num="968" count="1" type="stmt"/>
      <line num="969" count="1" type="stmt"/>
      <line num="981" count="1" type="cond" truecount="1" falsecount="1"/>
      <line num="983" count="1" type="stmt"/>
      <line num="990" count="1" type="stmt"/>
      <line num="991" count="3" type="stmt"/>
      <line num="992" count="3" type="stmt"/>
      <line num="993" count="3" type="cond" truecount="2" falsecount="0"/>
      <line num="1002" count="1" type="stmt"/>
      <line num="1005" count="1" type="stmt"/>
      <line num="1008" count="1" type="stmt"/>
      <line num="1009" count="1" type="stmt"/>
      <line num="1021" count="1" type="cond" truecount="1" falsecount="1"/>
      <line num="1023" count="1" type="stmt"/>
      <line num="1030" count="1" type="stmt"/>
      <line num="1031" count="1" type="stmt"/>
      <line num="1032" count="1" type="stmt"/>
      <line num="1033" count="1" type="stmt"/>
      <line num="1034" count="1" type="cond" truecount="1" falsecount="1"/>
      <line num="1035" count="0" type="stmt"/>
      <line num="1036" count="0" type="stmt"/>
      <line num="1037" count="0" type="stmt"/>
      <line num="1038" count="0" type="stmt"/>
      <line num="1039" count="0" type="cond" truecount="0" falsecount="2"/>
      <line num="1045" count="0" type="stmt"/>
      <line num="1047" count="0" type="cond" truecount="0" falsecount="2"/>
      <line num="1051" count="0" type="cond" truecount="0" falsecount="2"/>
      <line num="1052" count="0" type="stmt"/>
      <line num="1053" count="0" type="cond" truecount="0" falsecount="2"/>
      <line num="1054" count="0" type="stmt"/>
      <line num="1055" count="0" type="cond" truecount="0" falsecount="2"/>
      <line num="1056" count="0" type="stmt"/>
      <line num="1057" count="0" type="cond" truecount="0" falsecount="2"/>
      <line num="1058" count="0" type="stmt"/>
      <line num="1060" count="0" type="stmt"/>
      <line num="1062" count="0" type="cond" truecount="0" falsecount="4"/>
      <line num="1063" count="0" type="cond" truecount="0" falsecount="2"/>
      <line num="1064" count="0" type="stmt"/>
      <line num="1065" count="0" type="cond" truecount="0" falsecount="2"/>
      <line num="1066" count="0" type="stmt"/>
      <line num="1067" count="0" type="cond" truecount="0" falsecount="2"/>
      <line num="1068" count="0" type="stmt"/>
      <line num="1069" count="0" type="cond" truecount="0" falsecount="2"/>
      <line num="1070" count="0" type="stmt"/>
      <line num="1073" count="0" type="stmt"/>
      <line num="1075" count="0" type="stmt"/>
      <line num="1077" count="1" type="stmt"/>
      <line num="1079" count="1" type="stmt"/>
      <line num="1080" count="1" type="cond" truecount="1" falsecount="1"/>
      <line num="1081" count="0" type="stmt"/>
      <line num="1082" count="0" type="stmt"/>
      <line num="1084" count="21" type="stmt"/>
      <line num="1101" count="1" type="stmt"/>
      <line num="1107" count="1" type="stmt"/>
      <line num="1108" count="0" type="stmt"/>
      <line num="1109" count="0" type="stmt"/>
      <line num="1110" count="0" type="stmt"/>
      <line num="1111" count="0" type="cond" truecount="0" falsecount="2"/>
      <line num="1112" count="0" type="stmt"/>
      <line num="1118" count="1" type="stmt"/>
      <line num="1119" count="0" type="stmt"/>
      <line num="1120" count="0" type="stmt"/>
      <line num="1121" count="0" type="stmt"/>
      <line num="1122" count="0" type="cond" truecount="0" falsecount="2"/>
      <line num="1123" count="0" type="stmt"/>
      <line num="1128" count="1" type="stmt"/>
      <line num="1129" count="0" type="stmt"/>
      <line num="1131" count="0" type="stmt"/>
      <line num="1134" count="0" type="stmt"/>
      <line num="1135" count="0" type="cond" truecount="0" falsecount="2"/>
      <line num="1136" count="0" type="stmt"/>
      <line num="1141" count="1" type="stmt"/>
      <line num="1142" count="0" type="stmt"/>
      <line num="1144" count="0" type="stmt"/>
      <line num="1147" count="0" type="stmt"/>
      <line num="1148" count="0" type="cond" truecount="0" falsecount="2"/>
      <line num="1149" count="0" type="stmt"/>
      <line num="1155" count="1" type="stmt"/>
      <line num="1156" count="0" type="stmt"/>
      <line num="1157" count="0" type="stmt"/>
      <line num="1158" count="0" type="stmt"/>
      <line num="1159" count="0" type="cond" truecount="0" falsecount="2"/>
      <line num="1160" count="0" type="stmt"/>
      <line num="1165" count="1" type="stmt"/>
      <line num="1166" count="0" type="stmt"/>
      <line num="1167" count="0" type="stmt"/>
      <line num="1168" count="0" type="cond" truecount="0" falsecount="2"/>
      <line num="1169" count="0" type="stmt"/>
      <line num="1172" count="0" type="stmt"/>
      <line num="1175" count="0" type="stmt"/>
      <line num="1176" count="0" type="stmt"/>
      <line num="1177" count="0" type="cond" truecount="0" falsecount="2"/>
      <line num="1179" count="0" type="stmt"/>
      <line num="1185" count="1" type="stmt"/>
      <line num="1186" count="0" type="stmt"/>
      <line num="1187" count="0" type="stmt"/>
      <line num="1188" count="0" type="cond" truecount="0" falsecount="4"/>
      <line num="1189" count="0" type="stmt"/>
      <line num="1192" count="0" type="stmt"/>
      <line num="1196" count="0" type="stmt"/>
      <line num="1197" count="0" type="stmt"/>
      <line num="1198" count="0" type="cond" truecount="0" falsecount="2"/>
      <line num="1200" count="0" type="stmt"/>
      <line num="1206" count="1" type="stmt"/>
      <line num="1207" count="6" type="stmt"/>
      <line num="1208" count="6" type="stmt"/>
      <line num="1209" count="6" type="cond" truecount="2" falsecount="0"/>
      <line num="1215" count="4" type="stmt"/>
      <line num="1218" count="0" type="stmt"/>
      <line num="1221" count="2" type="stmt"/>
      <line num="1222" count="2" type="stmt"/>
      <line num="1223" count="2" type="cond" truecount="1" falsecount="1"/>
      <line num="1225" count="2" type="stmt"/>
      <line num="1231" count="1" type="stmt"/>
      <line num="1232" count="3" type="stmt"/>
      <line num="1233" count="3" type="stmt"/>
      <line num="1234" count="3" type="cond" truecount="2" falsecount="0"/>
      <line num="1239" count="2" type="stmt"/>
      <line num="1242" count="0" type="stmt"/>
      <line num="1245" count="1" type="stmt"/>
      <line num="1246" count="1" type="stmt"/>
      <line num="1247" count="1" type="cond" truecount="1" falsecount="1"/>
      <line num="1249" count="1" type="stmt"/>
      <line num="1255" count="1" type="stmt"/>
      <line num="1256" count="3" type="stmt"/>
      <line num="1257" count="3" type="stmt"/>
      <line num="1258" count="3" type="cond" truecount="2" falsecount="0"/>
      <line num="1263" count="2" type="stmt"/>
      <line num="1266" count="0" type="stmt"/>
      <line num="1269" count="1" type="stmt"/>
      <line num="1270" count="1" type="stmt"/>
      <line num="1271" count="1" type="cond" truecount="1" falsecount="1"/>
      <line num="1273" count="1" type="stmt"/>
      <line num="1279" count="1" type="stmt"/>
      <line num="1280" count="0" type="stmt"/>
      <line num="1281" count="0" type="stmt"/>
      <line num="1282" count="0" type="cond" truecount="0" falsecount="2"/>
      <line num="1283" count="0" type="stmt"/>
      <line num="1286" count="0" type="stmt"/>
      <line num="1289" count="0" type="stmt"/>
      <line num="1290" count="0" type="stmt"/>
      <line num="1291" count="0" type="cond" truecount="0" falsecount="2"/>
      <line num="1293" count="0" type="stmt"/>
      <line num="1299" count="1" type="stmt"/>
      <line num="1300" count="0" type="stmt"/>
      <line num="1301" count="0" type="stmt"/>
      <line num="1302" count="0" type="cond" truecount="0" falsecount="4"/>
      <line num="1303" count="0" type="stmt"/>
      <line num="1306" count="0" type="stmt"/>
      <line num="1310" count="0" type="stmt"/>
      <line num="1311" count="0" type="stmt"/>
      <line num="1312" count="0" type="cond" truecount="0" falsecount="2"/>
      <line num="1314" count="0" type="stmt"/>
      <line num="1320" count="1" type="stmt"/>
      <line num="1321" count="3" type="stmt"/>
      <line num="1322" count="3" type="stmt"/>
      <line num="1323" count="3" type="cond" truecount="2" falsecount="0"/>
      <line num="1329" count="2" type="stmt"/>
      <line num="1332" count="0" type="stmt"/>
      <line num="1336" count="1" type="stmt"/>
      <line num="1337" count="1" type="stmt"/>
      <line num="1341" count="1" type="cond" truecount="1" falsecount="1"/>
      <line num="1343" count="1" type="stmt"/>
      <line num="1350" count="1" type="stmt"/>
      <line num="1351" count="3" type="stmt"/>
      <line num="1352" count="3" type="stmt"/>
      <line num="1353" count="3" type="cond" truecount="2" falsecount="0"/>
      <line num="1358" count="2" type="stmt"/>
      <line num="1361" count="0" type="stmt"/>
      <line num="1364" count="1" type="stmt"/>
      <line num="1365" count="1" type="stmt"/>
      <line num="1366" count="1" type="cond" truecount="1" falsecount="1"/>
      <line num="1368" count="1" type="stmt"/>
      <line num="1375" count="1" type="stmt"/>
      <line num="1376" count="3" type="stmt"/>
      <line num="1377" count="3" type="stmt"/>
      <line num="1378" count="3" type="cond" truecount="2" falsecount="0"/>
      <line num="1379" count="2" type="stmt"/>
      <line num="1382" count="0" type="stmt"/>
      <line num="1384" count="1" type="stmt"/>
      <line num="1386" count="1" type="stmt"/>
      <line num="1387" count="1" type="cond" truecount="1" falsecount="1"/>
      <line num="1389" count="1" type="cond" truecount="1" falsecount="1"/>
      <line num="1391" count="0" type="stmt"/>
      <line num="1398" count="1" type="stmt"/>
      <line num="1399" count="0" type="stmt"/>
      <line num="1400" count="0" type="stmt"/>
      <line num="1401" count="0" type="stmt"/>
      <line num="1402" count="0" type="cond" truecount="0" falsecount="2"/>
      <line num="1403" count="0" type="stmt"/>
      <line num="1404" count="0" type="cond" truecount="0" falsecount="2"/>
      <line num="1405" count="0" type="stmt"/>
      <line num="1407" count="0" type="stmt"/>
      <line num="1415" count="0" type="stmt"/>
      <line num="1416" count="0" type="cond" truecount="0" falsecount="2"/>
      <line num="1417" count="0" type="cond" truecount="0" falsecount="2"/>
      <line num="1423" count="0" type="stmt"/>
      <line num="1424" count="0" type="stmt"/>
      <line num="1431" count="1" type="stmt"/>
      <line num="1432" count="0" type="stmt"/>
      <line num="1433" count="0" type="stmt"/>
      <line num="1434" count="0" type="stmt"/>
      <line num="1435" count="0" type="cond" truecount="0" falsecount="2"/>
      <line num="1436" count="0" type="stmt"/>
      <line num="1441" count="1" type="stmt"/>
      <line num="1442" count="0" type="stmt"/>
      <line num="1443" count="0" type="stmt"/>
      <line num="1444" count="0" type="stmt"/>
      <line num="1445" count="0" type="cond" truecount="0" falsecount="2"/>
      <line num="1446" count="0" type="stmt"/>
      <line num="1451" count="1" type="stmt"/>
      <line num="1452" count="0" type="stmt"/>
      <line num="1453" count="0" type="stmt"/>
      <line num="1454" count="0" type="stmt"/>
      <line num="1455" count="0" type="cond" truecount="0" falsecount="2"/>
      <line num="1456" count="0" type="stmt"/>
      <line num="1461" count="1" type="stmt"/>
      <line num="1462" count="0" type="stmt"/>
      <line num="1463" count="0" type="stmt"/>
      <line num="1464" count="0" type="stmt"/>
      <line num="1465" count="0" type="cond" truecount="0" falsecount="2"/>
      <line num="1466" count="0" type="stmt"/>
      <line num="1472" count="1" type="stmt"/>
    </file>
  </project>
</coverage>
