<?xml version="1.0" encoding="UTF-8"?>
<coverage generated="1673465914557" clover="3.2.0">
  <project timestamp="1673465914557" name="All files">
    <metrics statements="667" coveredstatements="444" conditionals="361" coveredconditionals="171" methods="229" coveredmethods="156" elements="1257" coveredelements="771" complexity="0" loc="667" ncloc="667" packages="1" files="1" classes="1"/>
    <file name="database.js" path="C:\Users\giovy\Documents\se2022-10-HikeTracker\backend\database.js">
      <metrics statements="667" coveredstatements="444" conditionals="361" coveredconditionals="171" methods="229" coveredmethods="156"/>
      <line num="3" count="1" type="stmt"/>
      <line num="4" count="1" type="stmt"/>
      <line num="5" count="1" type="stmt"/>
      <line num="6" count="1" type="stmt"/>
      <line num="7" count="1" type="stmt"/>
      <line num="8" count="1" type="stmt"/>
      <line num="11" count="1" type="stmt"/>
      <line num="13" count="1" type="cond" truecount="1" falsecount="1"/>
      <line num="14" count="1" type="stmt"/>
      <line num="17" count="1" type="cond" truecount="1" falsecount="1"/>
      <line num="18" count="1" type="stmt"/>
      <line num="20" count="1" type="cond" truecount="1" falsecount="1"/>
      <line num="21" count="1" type="stmt"/>
      <line num="23" count="1" type="cond" truecount="1" falsecount="1"/>
      <line num="24" count="1" type="stmt"/>
      <line num="27" count="1" type="stmt"/>
      <line num="32" count="1" type="stmt"/>
      <line num="33" count="1" type="cond" truecount="1" falsecount="1"/>
      <line num="37" count="1" type="stmt"/>
      <line num="38" count="1" type="stmt"/>
      <line num="40" count="1" type="stmt"/>
      <line num="41" count="1" type="stmt"/>
      <line num="42" count="1" type="cond" truecount="1" falsecount="1"/>
      <line num="43" count="0" type="stmt"/>
      <line num="44" count="0" type="stmt"/>
      <line num="45" count="0" type="stmt"/>
      <line num="46" count="0" type="stmt"/>
      <line num="47" count="0" type="cond" truecount="0" falsecount="2"/>
      <line num="53" count="0" type="stmt"/>
      <line num="55" count="0" type="cond" truecount="0" falsecount="2"/>
      <line num="59" count="0" type="cond" truecount="0" falsecount="2"/>
      <line num="60" count="0" type="stmt"/>
      <line num="61" count="0" type="cond" truecount="0" falsecount="2"/>
      <line num="62" count="0" type="stmt"/>
      <line num="64" count="0" type="stmt"/>
      <line num="66" count="0" type="cond" truecount="0" falsecount="4"/>
      <line num="67" count="0" type="cond" truecount="0" falsecount="2"/>
      <line num="68" count="0" type="stmt"/>
      <line num="69" count="0" type="cond" truecount="0" falsecount="2"/>
      <line num="70" count="0" type="stmt"/>
      <line num="71" count="0" type="cond" truecount="0" falsecount="2"/>
      <line num="72" count="0" type="stmt"/>
      <line num="73" count="0" type="cond" truecount="0" falsecount="2"/>
      <line num="74" count="0" type="stmt"/>
      <line num="77" count="0" type="stmt"/>
      <line num="79" count="0" type="stmt"/>
      <line num="81" count="1" type="stmt"/>
      <line num="83" count="1" type="stmt"/>
      <line num="84" count="1" type="cond" truecount="1" falsecount="1"/>
      <line num="85" count="0" type="stmt"/>
      <line num="86" count="0" type="stmt"/>
      <line num="88" count="100" type="stmt"/>
      <line num="106" count="1" type="stmt"/>
      <line num="107" count="1" type="stmt"/>
      <line num="108" count="2500" type="cond" truecount="2" falsecount="0"/>
      <line num="109" count="5000" type="stmt"/>
      <line num="110" count="50" type="cond" truecount="1" falsecount="1"/>
      <line num="111" count="0" type="stmt"/>
      <line num="113" count="50" type="stmt"/>
      <line num="114" count="50" type="stmt"/>
      <line num="115" count="100" type="stmt"/>
      <line num="122" count="100" type="stmt"/>
      <line num="124" count="50" type="stmt"/>
      <line num="141" count="1" type="stmt"/>
      <line num="142" count="50" type="stmt"/>
      <line num="144" count="1" type="stmt"/>
      <line num="146" count="1" type="stmt"/>
      <line num="147" count="50" type="stmt"/>
      <line num="153" count="1" type="stmt"/>
      <line num="158" count="1" type="stmt"/>
      <line num="159" count="3" type="stmt"/>
      <line num="161" count="3" type="stmt"/>
      <line num="162" count="3" type="stmt"/>
      <line num="163" count="3" type="cond" truecount="4" falsecount="0"/>
      <line num="165" count="2" type="stmt"/>
      <line num="184" count="1" type="stmt"/>
      <line num="185" count="1" type="stmt"/>
      <line num="186" count="2" type="cond" truecount="2" falsecount="0"/>
      <line num="187" count="2" type="stmt"/>
      <line num="188" count="1" type="cond" truecount="1" falsecount="1"/>
      <line num="189" count="0" type="stmt"/>
      <line num="191" count="1" type="stmt"/>
      <line num="192" count="1" type="stmt"/>
      <line num="193" count="2" type="stmt"/>
      <line num="200" count="2" type="stmt"/>
      <line num="202" count="1" type="stmt"/>
      <line num="220" count="1" type="stmt"/>
      <line num="221" count="1" type="stmt"/>
      <line num="223" count="1" type="stmt"/>
      <line num="225" count="1" type="stmt"/>
      <line num="226" count="1" type="stmt"/>
      <line num="232" count="1" type="stmt"/>
      <line num="233" count="1" type="stmt"/>
      <line num="235" count="1" type="stmt"/>
      <line num="237" count="1" type="stmt"/>
      <line num="238" count="1" type="stmt"/>
      <line num="241" count="1" type="stmt"/>
      <line num="247" count="1" type="stmt"/>
      <line num="248" count="2" type="stmt"/>
      <line num="249" count="2" type="stmt"/>
      <line num="250" count="2" type="stmt"/>
      <line num="251" count="2" type="cond" truecount="1" falsecount="1"/>
      <line num="252" count="2" type="stmt"/>
      <line num="257" count="1" type="stmt"/>
      <line num="258" count="1" type="stmt"/>
      <line num="259" count="1" type="stmt"/>
      <line num="260" count="1" type="stmt"/>
      <line num="261" count="1" type="cond" truecount="1" falsecount="1"/>
      <line num="262" count="1" type="stmt"/>
      <line num="267" count="1" type="stmt"/>
      <line num="268" count="1" type="stmt"/>
      <line num="269" count="1" type="stmt"/>
      <line num="270" count="1" type="stmt"/>
      <line num="271" count="1" type="cond" truecount="1" falsecount="1"/>
      <line num="272" count="1" type="stmt"/>
      <line num="277" count="1" type="stmt"/>
      <line num="278" count="51" type="stmt"/>
      <line num="279" count="51" type="stmt"/>
      <line num="280" count="51" type="stmt"/>
      <line num="281" count="51" type="cond" truecount="1" falsecount="1"/>
      <line num="283" count="51" type="cond" truecount="2" falsecount="0"/>
      <line num="284" count="43" type="stmt"/>
      <line num="285" count="43" type="stmt"/>
      <line num="286" count="43" type="stmt"/>
      <line num="289" count="8" type="stmt"/>
      <line num="290" count="8" type="stmt"/>
      <line num="292" count="8" type="stmt"/>
      <line num="297" count="1" type="stmt"/>
      <line num="298" count="0" type="stmt"/>
      <line num="299" count="0" type="stmt"/>
      <line num="300" count="0" type="stmt"/>
      <line num="301" count="0" type="cond" truecount="0" falsecount="2"/>
      <line num="302" count="0" type="stmt"/>
      <line num="307" count="1" type="stmt"/>
      <line num="308" count="2" type="stmt"/>
      <line num="309" count="2" type="stmt"/>
      <line num="310" count="2" type="stmt"/>
      <line num="311" count="2" type="cond" truecount="1" falsecount="1"/>
      <line num="312" count="2" type="stmt"/>
      <line num="317" count="1" type="stmt"/>
      <line num="318" count="1" type="stmt"/>
      <line num="319" count="1" type="stmt"/>
      <line num="320" count="1" type="stmt"/>
      <line num="321" count="1" type="cond" truecount="1" falsecount="1"/>
      <line num="322" count="1" type="stmt"/>
      <line num="327" count="1" type="stmt"/>
      <line num="328" count="1" type="stmt"/>
      <line num="329" count="1" type="stmt"/>
      <line num="330" count="1" type="stmt"/>
      <line num="331" count="1" type="cond" truecount="1" falsecount="1"/>
      <line num="332" count="1" type="stmt"/>
      <line num="337" count="1" type="stmt"/>
      <line num="338" count="1" type="stmt"/>
      <line num="339" count="1" type="stmt"/>
      <line num="340" count="1" type="stmt"/>
      <line num="341" count="1" type="cond" truecount="1" falsecount="1"/>
      <line num="342" count="1" type="stmt"/>
      <line num="347" count="1" type="stmt"/>
      <line num="348" count="0" type="stmt"/>
      <line num="349" count="0" type="stmt"/>
      <line num="350" count="0" type="stmt"/>
      <line num="351" count="0" type="cond" truecount="0" falsecount="2"/>
      <line num="352" count="0" type="stmt"/>
      <line num="357" count="1" type="stmt"/>
      <line num="358" count="0" type="stmt"/>
      <line num="360" count="0" type="stmt"/>
      <line num="361" count="0" type="stmt"/>
      <line num="362" count="0" type="cond" truecount="0" falsecount="2"/>
      <line num="363" count="0" type="stmt"/>
      <line num="368" count="1" type="stmt"/>
      <line num="369" count="0" type="stmt"/>
      <line num="371" count="0" type="stmt"/>
      <line num="372" count="0" type="stmt"/>
      <line num="376" count="0" type="cond" truecount="0" falsecount="2"/>
      <line num="377" count="0" type="stmt"/>
      <line num="383" count="1" type="stmt"/>
      <line num="384" count="2" type="stmt"/>
      <line num="386" count="2" type="stmt"/>
      <line num="387" count="2" type="stmt"/>
      <line num="388" count="2" type="cond" truecount="1" falsecount="1"/>
      <line num="389" count="2" type="stmt"/>
      <line num="394" count="1" type="stmt"/>
      <line num="395" count="1" type="stmt"/>
      <line num="397" count="1" type="stmt"/>
      <line num="398" count="1" type="stmt"/>
      <line num="399" count="1" type="cond" truecount="1" falsecount="1"/>
      <line num="400" count="1" type="stmt"/>
      <line num="405" count="1" type="stmt"/>
      <line num="406" count="1" type="stmt"/>
      <line num="408" count="1" type="stmt"/>
      <line num="409" count="1" type="stmt"/>
      <line num="410" count="1" type="cond" truecount="1" falsecount="1"/>
      <line num="411" count="1" type="stmt"/>
      <line num="416" count="1" type="stmt"/>
      <line num="417" count="3" type="stmt"/>
      <line num="418" count="3" type="stmt"/>
      <line num="419" count="3" type="stmt"/>
      <line num="420" count="3" type="cond" truecount="1" falsecount="1"/>
      <line num="421" count="3" type="stmt"/>
      <line num="426" count="1" type="stmt"/>
      <line num="427" count="0" type="stmt"/>
      <line num="429" count="0" type="stmt"/>
      <line num="430" count="0" type="stmt"/>
      <line num="431" count="0" type="cond" truecount="0" falsecount="2"/>
      <line num="432" count="0" type="stmt"/>
      <line num="437" count="1" type="stmt"/>
      <line num="438" count="3" type="stmt"/>
      <line num="439" count="3" type="stmt"/>
      <line num="440" count="3" type="cond" truecount="2" falsecount="0"/>
      <line num="441" count="2" type="stmt"/>
      <line num="444" count="0" type="stmt"/>
      <line num="447" count="1" type="stmt"/>
      <line num="448" count="1" type="stmt"/>
      <line num="449" count="1" type="cond" truecount="1" falsecount="1"/>
      <line num="450" count="1" type="stmt"/>
      <line num="455" count="1" type="stmt"/>
      <line num="456" count="2" type="stmt"/>
      <line num="458" count="2" type="stmt"/>
      <line num="459" count="2" type="stmt"/>
      <line num="460" count="2" type="cond" truecount="1" falsecount="1"/>
      <line num="461" count="2" type="stmt"/>
      <line num="466" count="1" type="stmt"/>
      <line num="467" count="1" type="stmt"/>
      <line num="468" count="1" type="stmt"/>
      <line num="469" count="1" type="stmt"/>
      <line num="470" count="1" type="cond" truecount="1" falsecount="1"/>
      <line num="471" count="1" type="stmt"/>
      <line num="476" count="1" type="stmt"/>
      <line num="477" count="1" type="stmt"/>
      <line num="478" count="1" type="stmt"/>
      <line num="479" count="1" type="stmt"/>
      <line num="480" count="1" type="cond" truecount="1" falsecount="1"/>
      <line num="481" count="1" type="stmt"/>
      <line num="486" count="1" type="stmt"/>
      <line num="487" count="1" type="stmt"/>
      <line num="488" count="1" type="stmt"/>
      <line num="489" count="1" type="stmt"/>
      <line num="490" count="1" type="cond" truecount="1" falsecount="1"/>
      <line num="491" count="1" type="stmt"/>
      <line num="496" count="1" type="stmt"/>
      <line num="497" count="1" type="stmt"/>
      <line num="498" count="1" type="stmt"/>
      <line num="499" count="1" type="stmt"/>
      <line num="500" count="1" type="cond" truecount="1" falsecount="1"/>
      <line num="501" count="1" type="stmt"/>
      <line num="506" count="1" type="stmt"/>
      <line num="507" count="1" type="stmt"/>
      <line num="508" count="1" type="stmt"/>
      <line num="509" count="1" type="stmt"/>
      <line num="510" count="1" type="cond" truecount="1" falsecount="1"/>
      <line num="511" count="1" type="stmt"/>
      <line num="516" count="1" type="stmt"/>
      <line num="517" count="0" type="stmt"/>
      <line num="519" count="0" type="stmt"/>
      <line num="520" count="0" type="stmt"/>
      <line num="521" count="0" type="cond" truecount="0" falsecount="2"/>
      <line num="522" count="0" type="stmt"/>
      <line num="527" count="1" type="stmt"/>
      <line num="528" count="1" type="stmt"/>
      <line num="529" count="1" type="stmt"/>
      <line num="530" count="1" type="stmt"/>
      <line num="531" count="1" type="cond" truecount="1" falsecount="1"/>
      <line num="532" count="1" type="stmt"/>
      <line num="537" count="1" type="stmt"/>
      <line num="538" count="0" type="stmt"/>
      <line num="540" count="0" type="stmt"/>
      <line num="541" count="0" type="stmt"/>
      <line num="542" count="0" type="cond" truecount="0" falsecount="2"/>
      <line num="543" count="0" type="stmt"/>
      <line num="548" count="1" type="stmt"/>
      <line num="549" count="3" type="stmt"/>
      <line num="550" count="3" type="stmt"/>
      <line num="551" count="3" type="cond" truecount="1" falsecount="1"/>
      <line num="552" count="0" type="stmt"/>
      <line num="555" count="0" type="stmt"/>
      <line num="557" count="3" type="stmt"/>
      <line num="559" count="3" type="stmt"/>
      <line num="560" count="3" type="cond" truecount="1" falsecount="1"/>
      <line num="562" count="3" type="cond" truecount="1" falsecount="1"/>
      <line num="564" count="0" type="stmt"/>
      <line num="571" count="1" type="stmt"/>
      <line num="572" count="2" type="stmt"/>
      <line num="574" count="2" type="stmt"/>
      <line num="575" count="2" type="stmt"/>
      <line num="576" count="2" type="cond" truecount="1" falsecount="1"/>
      <line num="577" count="2" type="stmt"/>
      <line num="582" count="1" type="stmt"/>
      <line num="583" count="1" type="stmt"/>
      <line num="585" count="1" type="stmt"/>
      <line num="586" count="1" type="stmt"/>
      <line num="587" count="1" type="cond" truecount="1" falsecount="1"/>
      <line num="588" count="1" type="stmt"/>
      <line num="593" count="1" type="stmt"/>
      <line num="594" count="1" type="stmt"/>
      <line num="596" count="1" type="stmt"/>
      <line num="597" count="1" type="stmt"/>
      <line num="598" count="1" type="cond" truecount="1" falsecount="1"/>
      <line num="599" count="1" type="stmt"/>
      <line num="604" count="1" type="stmt"/>
      <line num="605" count="1" type="stmt"/>
      <line num="606" count="1" type="stmt"/>
      <line num="607" count="1" type="stmt"/>
      <line num="608" count="1" type="cond" truecount="1" falsecount="1"/>
      <line num="609" count="1" type="stmt"/>
      <line num="614" count="1" type="stmt"/>
      <line num="615" count="1" type="stmt"/>
      <line num="616" count="1" type="stmt"/>
      <line num="617" count="1" type="stmt"/>
      <line num="618" count="1" type="cond" truecount="1" falsecount="1"/>
      <line num="619" count="1" type="stmt"/>
      <line num="624" count="1" type="stmt"/>
      <line num="625" count="1" type="stmt"/>
      <line num="626" count="1" type="stmt"/>
      <line num="627" count="1" type="stmt"/>
      <line num="628" count="1" type="cond" truecount="1" falsecount="1"/>
      <line num="629" count="1" type="stmt"/>
      <line num="634" count="1" type="stmt"/>
      <line num="635" count="3" type="stmt"/>
      <line num="636" count="3" type="stmt"/>
      <line num="637" count="3" type="cond" truecount="2" falsecount="0"/>
      <line num="645" count="1" type="stmt"/>
      <line num="648" count="1" type="stmt"/>
      <line num="650" count="1" type="stmt"/>
      <line num="651" count="1" type="stmt"/>
      <line num="652" count="1" type="stmt"/>
      <line num="653" count="1" type="stmt"/>
      <line num="655" count="1" type="stmt"/>
      <line num="656" count="1" type="stmt"/>
      <line num="668" count="1" type="cond" truecount="1" falsecount="1"/>
      <line num="669" count="1" type="stmt"/>
      <line num="675" count="1" type="stmt"/>
      <line num="676" count="4" type="stmt"/>
      <line num="677" count="4" type="stmt"/>
      <line num="678" count="4" type="cond" truecount="2" falsecount="0"/>
      <line num="685" count="1" type="stmt"/>
      <line num="688" count="1" type="stmt"/>
      <line num="690" count="2" type="stmt"/>
      <line num="691" count="2" type="stmt"/>
      <line num="692" count="2" type="stmt"/>
      <line num="693" count="2" type="stmt"/>
      <line num="695" count="2" type="stmt"/>
      <line num="696" count="2" type="stmt"/>
      <line num="697" count="2" type="stmt"/>
      <line num="699" count="2" type="cond" truecount="2" falsecount="0"/>
      <line num="700" count="1" type="stmt"/>
      <line num="701" count="1" type="stmt"/>
      <line num="702" count="1" type="stmt"/>
      <line num="703" count="1" type="cond" truecount="1" falsecount="1"/>
      <line num="704" count="1" type="stmt"/>
      <line num="705" count="1" type="stmt"/>
      <line num="706" count="1" type="stmt"/>
      <line num="708" count="0" type="stmt"/>
      <line num="711" count="2" type="stmt"/>
      <line num="712" count="2" type="stmt"/>
      <line num="724" count="2" type="cond" truecount="1" falsecount="1"/>
      <line num="725" count="2" type="stmt"/>
      <line num="731" count="1" type="stmt"/>
      <line num="732" count="3" type="stmt"/>
      <line num="733" count="3" type="stmt"/>
      <line num="734" count="3" type="cond" truecount="4" falsecount="0"/>
      <line num="735" count="2" type="stmt"/>
      <line num="738" count="0" type="stmt"/>
      <line num="740" count="1" type="stmt"/>
      <line num="741" count="1" type="stmt"/>
      <line num="742" count="1" type="cond" truecount="1" falsecount="1"/>
      <line num="743" count="1" type="stmt"/>
      <line num="748" count="1" type="stmt"/>
      <line num="749" count="0" type="stmt"/>
      <line num="750" count="0" type="stmt"/>
      <line num="751" count="0" type="cond" truecount="0" falsecount="4"/>
      <line num="752" count="0" type="stmt"/>
      <line num="755" count="0" type="stmt"/>
      <line num="757" count="0" type="stmt"/>
      <line num="758" count="0" type="stmt"/>
      <line num="759" count="0" type="cond" truecount="0" falsecount="2"/>
      <line num="760" count="0" type="stmt"/>
      <line num="765" count="1" type="stmt"/>
      <line num="766" count="3" type="stmt"/>
      <line num="767" count="3" type="stmt"/>
      <line num="768" count="3" type="cond" truecount="2" falsecount="0"/>
      <line num="773" count="1" type="stmt"/>
      <line num="776" count="1" type="stmt"/>
      <line num="779" count="1" type="stmt"/>
      <line num="780" count="1" type="stmt"/>
      <line num="784" count="1" type="cond" truecount="1" falsecount="1"/>
      <line num="785" count="1" type="stmt"/>
      <line num="791" count="1" type="stmt"/>
      <line num="792" count="3" type="stmt"/>
      <line num="793" count="3" type="stmt"/>
      <line num="794" count="3" type="cond" truecount="2" falsecount="0"/>
      <line num="799" count="2" type="stmt"/>
      <line num="802" count="0" type="stmt"/>
      <line num="805" count="1" type="stmt"/>
      <line num="806" count="1" type="stmt"/>
      <line num="807" count="1" type="cond" truecount="1" falsecount="1"/>
      <line num="808" count="1" type="stmt"/>
      <line num="813" count="1" type="stmt"/>
      <line num="814" count="0" type="stmt"/>
      <line num="815" count="0" type="stmt"/>
      <line num="816" count="0" type="cond" truecount="0" falsecount="4"/>
      <line num="817" count="0" type="stmt"/>
      <line num="820" count="0" type="stmt"/>
      <line num="822" count="0" type="stmt"/>
      <line num="823" count="0" type="stmt"/>
      <line num="824" count="0" type="cond" truecount="0" falsecount="2"/>
      <line num="825" count="0" type="stmt"/>
      <line num="830" count="1" type="stmt"/>
      <line num="831" count="3" type="stmt"/>
      <line num="832" count="3" type="stmt"/>
      <line num="833" count="3" type="cond" truecount="2" falsecount="0"/>
      <line num="840" count="1" type="stmt"/>
      <line num="843" count="1" type="stmt"/>
      <line num="846" count="1" type="stmt"/>
      <line num="847" count="1" type="cond" truecount="1" falsecount="1"/>
      <line num="848" count="0" type="stmt"/>
      <line num="851" count="1" type="stmt"/>
      <line num="852" count="1" type="stmt"/>
      <line num="853" count="1" type="stmt"/>
      <line num="859" count="1" type="stmt"/>
      <line num="860" count="1" type="stmt"/>
      <line num="872" count="1" type="cond" truecount="1" falsecount="1"/>
      <line num="874" count="1" type="stmt"/>
      <line num="883" count="1" type="stmt"/>
      <line num="884" count="3" type="stmt"/>
      <line num="885" count="3" type="stmt"/>
      <line num="886" count="3" type="cond" truecount="2" falsecount="0"/>
      <line num="902" count="1" type="stmt"/>
      <line num="905" count="1" type="stmt"/>
      <line num="908" count="1" type="stmt"/>
      <line num="909" count="1" type="stmt"/>
      <line num="928" count="1" type="cond" truecount="1" falsecount="1"/>
      <line num="930" count="1" type="stmt"/>
      <line num="937" count="1" type="stmt"/>
      <line num="938" count="3" type="stmt"/>
      <line num="939" count="3" type="stmt"/>
      <line num="940" count="3" type="cond" truecount="2" falsecount="0"/>
      <line num="949" count="1" type="stmt"/>
      <line num="952" count="1" type="stmt"/>
      <line num="955" count="1" type="stmt"/>
      <line num="956" count="1" type="stmt"/>
      <line num="968" count="1" type="cond" truecount="1" falsecount="1"/>
      <line num="970" count="1" type="stmt"/>
      <line num="977" count="1" type="stmt"/>
      <line num="978" count="3" type="stmt"/>
      <line num="979" count="3" type="stmt"/>
      <line num="980" count="3" type="cond" truecount="2" falsecount="0"/>
      <line num="989" count="1" type="stmt"/>
      <line num="992" count="1" type="stmt"/>
      <line num="995" count="1" type="stmt"/>
      <line num="996" count="1" type="stmt"/>
      <line num="1008" count="1" type="cond" truecount="1" falsecount="1"/>
      <line num="1010" count="1" type="stmt"/>
      <line num="1017" count="1" type="stmt"/>
      <line num="1018" count="1" type="stmt"/>
      <line num="1019" count="1" type="stmt"/>
      <line num="1020" count="1" type="stmt"/>
      <line num="1021" count="1" type="cond" truecount="1" falsecount="1"/>
      <line num="1022" count="0" type="stmt"/>
      <line num="1023" count="0" type="stmt"/>
      <line num="1024" count="0" type="stmt"/>
      <line num="1025" count="0" type="stmt"/>
      <line num="1026" count="0" type="cond" truecount="0" falsecount="2"/>
      <line num="1032" count="0" type="stmt"/>
      <line num="1034" count="0" type="cond" truecount="0" falsecount="2"/>
      <line num="1038" count="0" type="cond" truecount="0" falsecount="2"/>
      <line num="1039" count="0" type="stmt"/>
      <line num="1040" count="0" type="cond" truecount="0" falsecount="2"/>
      <line num="1041" count="0" type="stmt"/>
      <line num="1042" count="0" type="cond" truecount="0" falsecount="2"/>
      <line num="1043" count="0" type="stmt"/>
      <line num="1044" count="0" type="cond" truecount="0" falsecount="2"/>
      <line num="1045" count="0" type="stmt"/>
      <line num="1047" count="0" type="stmt"/>
      <line num="1049" count="0" type="cond" truecount="0" falsecount="4"/>
      <line num="1050" count="0" type="cond" truecount="0" falsecount="2"/>
      <line num="1051" count="0" type="stmt"/>
      <line num="1052" count="0" type="cond" truecount="0" falsecount="2"/>
      <line num="1053" count="0" type="stmt"/>
      <line num="1054" count="0" type="cond" truecount="0" falsecount="2"/>
      <line num="1055" count="0" type="stmt"/>
      <line num="1056" count="0" type="cond" truecount="0" falsecount="2"/>
      <line num="1057" count="0" type="stmt"/>
      <line num="1060" count="0" type="stmt"/>
      <line num="1062" count="0" type="stmt"/>
      <line num="1064" count="1" type="stmt"/>
      <line num="1066" count="1" type="stmt"/>
      <line num="1067" count="1" type="cond" truecount="1" falsecount="1"/>
      <line num="1068" count="0" type="stmt"/>
      <line num="1069" count="0" type="stmt"/>
      <line num="1071" count="21" type="stmt"/>
      <line num="1088" count="1" type="stmt"/>
      <line num="1093" count="1" type="stmt"/>
      <line num="1094" count="0" type="stmt"/>
      <line num="1095" count="0" type="stmt"/>
      <line num="1096" count="0" type="stmt"/>
      <line num="1097" count="0" type="cond" truecount="0" falsecount="2"/>
      <line num="1098" count="0" type="stmt"/>
      <line num="1103" count="1" type="stmt"/>
      <line num="1104" count="0" type="stmt"/>
      <line num="1105" count="0" type="stmt"/>
      <line num="1106" count="0" type="stmt"/>
      <line num="1107" count="0" type="cond" truecount="0" falsecount="2"/>
      <line num="1108" count="0" type="stmt"/>
      <line num="1113" count="1" type="stmt"/>
      <line num="1114" count="0" type="stmt"/>
      <line num="1116" count="0" type="stmt"/>
      <line num="1119" count="0" type="stmt"/>
      <line num="1120" count="0" type="cond" truecount="0" falsecount="2"/>
      <line num="1121" count="0" type="stmt"/>
      <line num="1126" count="1" type="stmt"/>
      <line num="1127" count="0" type="stmt"/>
      <line num="1129" count="0" type="stmt"/>
      <line num="1132" count="0" type="stmt"/>
      <line num="1133" count="0" type="cond" truecount="0" falsecount="2"/>
      <line num="1134" count="0" type="stmt"/>
      <line num="1139" count="1" type="stmt"/>
      <line num="1140" count="0" type="stmt"/>
      <line num="1142" count="0" type="stmt"/>
      <line num="1145" count="0" type="stmt"/>
      <line num="1146" count="0" type="cond" truecount="0" falsecount="2"/>
      <line num="1147" count="0" type="stmt"/>
      <line num="1152" count="1" type="stmt"/>
      <line num="1153" count="0" type="stmt"/>
      <line num="1154" count="0" type="stmt"/>
      <line num="1155" count="0" type="stmt"/>
      <line num="1156" count="0" type="cond" truecount="0" falsecount="2"/>
      <line num="1157" count="0" type="stmt"/>
      <line num="1162" count="1" type="stmt"/>
      <line num="1163" count="0" type="stmt"/>
      <line num="1164" count="0" type="stmt"/>
      <line num="1165" count="0" type="cond" truecount="0" falsecount="2"/>
      <line num="1166" count="0" type="stmt"/>
      <line num="1169" count="0" type="stmt"/>
      <line num="1172" count="0" type="stmt"/>
      <line num="1173" count="0" type="stmt"/>
      <line num="1174" count="0" type="cond" truecount="0" falsecount="2"/>
      <line num="1176" count="0" type="stmt"/>
      <line num="1182" count="1" type="stmt"/>
      <line num="1183" count="0" type="stmt"/>
      <line num="1184" count="0" type="stmt"/>
      <line num="1185" count="0" type="cond" truecount="0" falsecount="4"/>
      <line num="1186" count="0" type="stmt"/>
      <line num="1189" count="0" type="stmt"/>
      <line num="1193" count="0" type="stmt"/>
      <line num="1194" count="0" type="stmt"/>
      <line num="1195" count="0" type="cond" truecount="0" falsecount="2"/>
      <line num="1197" count="0" type="stmt"/>
      <line num="1203" count="1" type="stmt"/>
      <line num="1204" count="6" type="stmt"/>
      <line num="1205" count="6" type="stmt"/>
      <line num="1206" count="6" type="cond" truecount="2" falsecount="0"/>
      <line num="1212" count="4" type="stmt"/>
      <line num="1215" count="0" type="stmt"/>
      <line num="1218" count="2" type="stmt"/>
      <line num="1219" count="2" type="stmt"/>
      <line num="1220" count="2" type="cond" truecount="1" falsecount="1"/>
      <line num="1222" count="2" type="stmt"/>
      <line num="1228" count="1" type="stmt"/>
      <line num="1229" count="3" type="stmt"/>
      <line num="1230" count="3" type="stmt"/>
      <line num="1231" count="3" type="cond" truecount="2" falsecount="0"/>
      <line num="1236" count="2" type="stmt"/>
      <line num="1239" count="0" type="stmt"/>
      <line num="1242" count="1" type="stmt"/>
      <line num="1243" count="1" type="stmt"/>
      <line num="1244" count="1" type="cond" truecount="1" falsecount="1"/>
      <line num="1246" count="1" type="stmt"/>
      <line num="1252" count="1" type="stmt"/>
      <line num="1253" count="3" type="stmt"/>
      <line num="1254" count="3" type="stmt"/>
      <line num="1255" count="3" type="cond" truecount="2" falsecount="0"/>
      <line num="1260" count="2" type="stmt"/>
      <line num="1263" count="0" type="stmt"/>
      <line num="1266" count="1" type="stmt"/>
      <line num="1267" count="1" type="stmt"/>
      <line num="1268" count="1" type="cond" truecount="1" falsecount="1"/>
      <line num="1270" count="1" type="stmt"/>
      <line num="1276" count="1" type="stmt"/>
      <line num="1277" count="0" type="stmt"/>
      <line num="1278" count="0" type="stmt"/>
      <line num="1279" count="0" type="cond" truecount="0" falsecount="2"/>
      <line num="1280" count="0" type="stmt"/>
      <line num="1283" count="0" type="stmt"/>
      <line num="1286" count="0" type="stmt"/>
      <line num="1287" count="0" type="stmt"/>
      <line num="1288" count="0" type="cond" truecount="0" falsecount="2"/>
      <line num="1290" count="0" type="stmt"/>
      <line num="1296" count="1" type="stmt"/>
      <line num="1297" count="0" type="stmt"/>
      <line num="1298" count="0" type="stmt"/>
      <line num="1299" count="0" type="cond" truecount="0" falsecount="4"/>
      <line num="1300" count="0" type="stmt"/>
      <line num="1303" count="0" type="stmt"/>
      <line num="1307" count="0" type="stmt"/>
      <line num="1308" count="0" type="stmt"/>
      <line num="1309" count="0" type="cond" truecount="0" falsecount="2"/>
      <line num="1311" count="0" type="stmt"/>
      <line num="1317" count="1" type="stmt"/>
      <line num="1318" count="3" type="stmt"/>
      <line num="1319" count="3" type="stmt"/>
      <line num="1320" count="3" type="cond" truecount="2" falsecount="0"/>
      <line num="1326" count="2" type="stmt"/>
      <line num="1329" count="0" type="stmt"/>
      <line num="1333" count="1" type="stmt"/>
      <line num="1334" count="1" type="stmt"/>
      <line num="1338" count="1" type="cond" truecount="1" falsecount="1"/>
      <line num="1340" count="1" type="stmt"/>
      <line num="1347" count="1" type="stmt"/>
      <line num="1348" count="3" type="stmt"/>
      <line num="1349" count="3" type="stmt"/>
      <line num="1350" count="3" type="cond" truecount="2" falsecount="0"/>
      <line num="1355" count="2" type="stmt"/>
      <line num="1358" count="0" type="stmt"/>
      <line num="1361" count="1" type="stmt"/>
      <line num="1362" count="1" type="stmt"/>
      <line num="1363" count="1" type="cond" truecount="1" falsecount="1"/>
      <line num="1365" count="1" type="stmt"/>
      <line num="1371" count="1" type="stmt"/>
      <line num="1372" count="3" type="stmt"/>
      <line num="1373" count="3" type="stmt"/>
      <line num="1374" count="3" type="cond" truecount="2" falsecount="0"/>
      <line num="1375" count="2" type="stmt"/>
      <line num="1378" count="0" type="stmt"/>
      <line num="1380" count="1" type="stmt"/>
      <line num="1382" count="1" type="stmt"/>
      <line num="1383" count="1" type="cond" truecount="1" falsecount="1"/>
      <line num="1385" count="1" type="cond" truecount="1" falsecount="1"/>
      <line num="1387" count="0" type="stmt"/>
      <line num="1394" count="1" type="stmt"/>
      <line num="1395" count="0" type="stmt"/>
      <line num="1396" count="0" type="stmt"/>
      <line num="1397" count="0" type="stmt"/>
      <line num="1398" count="0" type="cond" truecount="0" falsecount="2"/>
      <line num="1399" count="0" type="stmt"/>
      <line num="1400" count="0" type="cond" truecount="0" falsecount="2"/>
      <line num="1401" count="0" type="stmt"/>
      <line num="1403" count="0" type="stmt"/>
      <line num="1411" count="0" type="stmt"/>
      <line num="1412" count="0" type="cond" truecount="0" falsecount="2"/>
      <line num="1413" count="0" type="cond" truecount="0" falsecount="2"/>
      <line num="1419" count="0" type="stmt"/>
      <line num="1420" count="0" type="stmt"/>
      <line num="1427" count="1" type="stmt"/>
      <line num="1428" count="0" type="stmt"/>
      <line num="1429" count="0" type="stmt"/>
      <line num="1430" count="0" type="stmt"/>
      <line num="1431" count="0" type="cond" truecount="0" falsecount="2"/>
      <line num="1432" count="0" type="stmt"/>
      <line num="1437" count="1" type="stmt"/>
      <line num="1438" count="0" type="stmt"/>
      <line num="1439" count="0" type="stmt"/>
      <line num="1440" count="0" type="stmt"/>
      <line num="1441" count="0" type="cond" truecount="0" falsecount="2"/>
      <line num="1442" count="0" type="stmt"/>
      <line num="1447" count="1" type="stmt"/>
      <line num="1448" count="0" type="stmt"/>
      <line num="1449" count="0" type="stmt"/>
      <line num="1450" count="0" type="stmt"/>
      <line num="1451" count="0" type="cond" truecount="0" falsecount="2"/>
      <line num="1452" count="0" type="stmt"/>
      <line num="1457" count="1" type="stmt"/>
      <line num="1458" count="0" type="stmt"/>
      <line num="1459" count="0" type="stmt"/>
      <line num="1460" count="0" type="stmt"/>
      <line num="1461" count="0" type="cond" truecount="0" falsecount="2"/>
      <line num="1462" count="0" type="stmt"/>
      <line num="1468" count="1" type="stmt"/>
    </file>
  </project>
</coverage>
