{"C:\\Users\\giovy\\Documents\\se2022-10-HikeTracker\\backend\\database.js": {"path":"C:\\Users\\giovy\\Documents\\se2022-10-HikeTracker\\backend\\database.js","statementMap":{"0":{"start":{"line":3,"column":15},"end":{"line":3,"column":33}},"1":{"start":{"line":4,"column":15},"end":{"line":4,"column":32}},"2":{"start":{"line":5,"column":14},"end":{"line":5,"column":30}},"3":{"start":{"line":6,"column":18},"end":{"line":6,"column":38}},"4":{"start":{"line":7,"column":11},"end":{"line":7,"column":24}},"5":{"start":{"line":8,"column":19},"end":{"line":8,"column":36}},"6":{"start":{"line":11,"column":14},"end":{"line":11,"column":15}},"7":{"start":{"line":13,"column":2},"end":{"line":15,"column":3}},"8":{"start":{"line":14,"column":4},"end":{"line":14,"column":15}},"9":{"start":{"line":18,"column":2},"end":{"line":20,"column":3}},"10":{"start":{"line":19,"column":4},"end":{"line":19,"column":15}},"11":{"start":{"line":22,"column":2},"end":{"line":24,"column":3}},"12":{"start":{"line":23,"column":4},"end":{"line":23,"column":15}},"13":{"start":{"line":26,"column":2},"end":{"line":28,"column":3}},"14":{"start":{"line":27,"column":4},"end":{"line":27,"column":15}},"15":{"start":{"line":30,"column":2},"end":{"line":30,"column":15}},"16":{"start":{"line":35,"column":4},"end":{"line":37,"column":7}},"17":{"start":{"line":36,"column":6},"end":{"line":36,"column":25}},"18":{"start":{"line":36,"column":15},"end":{"line":36,"column":25}},"19":{"start":{"line":40,"column":23},"end":{"line":166,"column":3}},"20":{"start":{"line":41,"column":4},"end":{"line":41,"column":25}},"21":{"start":{"line":42,"column":4},"end":{"line":42,"column":45}},"22":{"start":{"line":44,"column":4},"end":{"line":165,"column":7}},"23":{"start":{"line":46,"column":8},"end":{"line":46,"column":78}},"24":{"start":{"line":47,"column":19},"end":{"line":47,"column":21}},"25":{"start":{"line":48,"column":6},"end":{"line":90,"column":7}},"26":{"start":{"line":49,"column":8},"end":{"line":49,"column":41}},"27":{"start":{"line":50,"column":8},"end":{"line":84,"column":9}},"28":{"start":{"line":51,"column":20},"end":{"line":51,"column":28}},"29":{"start":{"line":52,"column":22},"end":{"line":52,"column":30}},"30":{"start":{"line":53,"column":10},"end":{"line":60,"column":11}},"31":{"start":{"line":59,"column":12},"end":{"line":59,"column":36}},"32":{"start":{"line":61,"column":10},"end":{"line":82,"column":11}},"33":{"start":{"line":65,"column":12},"end":{"line":71,"column":13}},"34":{"start":{"line":66,"column":14},"end":{"line":66,"column":80}},"35":{"start":{"line":67,"column":19},"end":{"line":71,"column":13}},"36":{"start":{"line":68,"column":14},"end":{"line":68,"column":78}},"37":{"start":{"line":70,"column":14},"end":{"line":70,"column":66}},"38":{"start":{"line":72,"column":17},"end":{"line":82,"column":11}},"39":{"start":{"line":73,"column":12},"end":{"line":81,"column":13}},"40":{"start":{"line":74,"column":14},"end":{"line":74,"column":61}},"41":{"start":{"line":75,"column":19},"end":{"line":81,"column":13}},"42":{"start":{"line":76,"column":14},"end":{"line":76,"column":61}},"43":{"start":{"line":77,"column":19},"end":{"line":81,"column":13}},"44":{"start":{"line":78,"column":14},"end":{"line":78,"column":61}},"45":{"start":{"line":79,"column":19},"end":{"line":81,"column":13}},"46":{"start":{"line":80,"column":14},"end":{"line":80,"column":61}},"47":{"start":{"line":83,"column":10},"end":{"line":83,"column":42}},"48":{"start":{"line":85,"column":8},"end":{"line":85,"column":52}},"49":{"start":{"line":86,"column":8},"end":{"line":86,"column":28}},"50":{"start":{"line":88,"column":8},"end":{"line":88,"column":38}},"51":{"start":{"line":89,"column":8},"end":{"line":89,"column":28}},"52":{"start":{"line":92,"column":6},"end":{"line":92,"column":43}},"53":{"start":{"line":93,"column":6},"end":{"line":164,"column":9}},"54":{"start":{"line":94,"column":8},"end":{"line":97,"column":9}},"55":{"start":{"line":95,"column":10},"end":{"line":95,"column":22}},"56":{"start":{"line":96,"column":10},"end":{"line":96,"column":17}},"57":{"start":{"line":98,"column":21},"end":{"line":115,"column":11}},"58":{"start":{"line":98,"column":38},"end":{"line":115,"column":9}},"59":{"start":{"line":116,"column":20},"end":{"line":116,"column":22}},"60":{"start":{"line":117,"column":8},"end":{"line":149,"column":11}},"61":{"start":{"line":118,"column":10},"end":{"line":148,"column":11}},"62":{"start":{"line":118,"column":32},"end":{"line":118,"column":45}},"63":{"start":{"line":119,"column":23},"end":{"line":119,"column":62}},"64":{"start":{"line":119,"column":45},"end":{"line":119,"column":61}},"65":{"start":{"line":120,"column":12},"end":{"line":147,"column":13}},"66":{"start":{"line":121,"column":14},"end":{"line":121,"column":34}},"67":{"start":{"line":123,"column":29},"end":{"line":123,"column":31}},"68":{"start":{"line":124,"column":14},"end":{"line":133,"column":17}},"69":{"start":{"line":125,"column":16},"end":{"line":131,"column":19}},"70":{"start":{"line":132,"column":16},"end":{"line":132,"column":25}},"71":{"start":{"line":134,"column":14},"end":{"line":146,"column":17}},"72":{"start":{"line":151,"column":25},"end":{"line":153,"column":10}},"73":{"start":{"line":152,"column":10},"end":{"line":152,"column":50}},"74":{"start":{"line":154,"column":24},"end":{"line":154,"column":51}},"75":{"start":{"line":156,"column":8},"end":{"line":161,"column":11}},"76":{"start":{"line":157,"column":10},"end":{"line":160,"column":12}},"77":{"start":{"line":163,"column":8},"end":{"line":163,"column":30}},"78":{"start":{"line":298,"column":28},"end":{"line":385,"column":3}},"79":{"start":{"line":299,"column":4},"end":{"line":384,"column":7}},"80":{"start":{"line":301,"column":8},"end":{"line":301,"column":146}},"81":{"start":{"line":302,"column":6},"end":{"line":383,"column":9}},"82":{"start":{"line":303,"column":8},"end":{"line":382,"column":9}},"83":{"start":{"line":303,"column":38},"end":{"line":303,"column":50}},"84":{"start":{"line":305,"column":23},"end":{"line":323,"column":13}},"85":{"start":{"line":305,"column":40},"end":{"line":323,"column":11}},"86":{"start":{"line":324,"column":22},"end":{"line":324,"column":24}},"87":{"start":{"line":325,"column":10},"end":{"line":358,"column":13}},"88":{"start":{"line":326,"column":12},"end":{"line":357,"column":13}},"89":{"start":{"line":326,"column":34},"end":{"line":326,"column":47}},"90":{"start":{"line":327,"column":25},"end":{"line":327,"column":64}},"91":{"start":{"line":327,"column":47},"end":{"line":327,"column":63}},"92":{"start":{"line":328,"column":14},"end":{"line":356,"column":15}},"93":{"start":{"line":329,"column":16},"end":{"line":329,"column":36}},"94":{"start":{"line":331,"column":31},"end":{"line":331,"column":33}},"95":{"start":{"line":332,"column":16},"end":{"line":341,"column":19}},"96":{"start":{"line":333,"column":18},"end":{"line":339,"column":21}},"97":{"start":{"line":340,"column":18},"end":{"line":340,"column":27}},"98":{"start":{"line":342,"column":16},"end":{"line":355,"column":19}},"99":{"start":{"line":360,"column":25},"end":{"line":362,"column":12}},"100":{"start":{"line":361,"column":12},"end":{"line":361,"column":52}},"101":{"start":{"line":363,"column":24},"end":{"line":363,"column":51}},"102":{"start":{"line":365,"column":10},"end":{"line":370,"column":13}},"103":{"start":{"line":366,"column":12},"end":{"line":369,"column":14}},"104":{"start":{"line":372,"column":10},"end":{"line":374,"column":13}},"105":{"start":{"line":373,"column":12},"end":{"line":373,"column":55}},"106":{"start":{"line":375,"column":10},"end":{"line":375,"column":48}},"107":{"start":{"line":377,"column":10},"end":{"line":379,"column":13}},"108":{"start":{"line":378,"column":12},"end":{"line":378,"column":46}},"109":{"start":{"line":381,"column":10},"end":{"line":381,"column":32}},"110":{"start":{"line":388,"column":16},"end":{"line":396,"column":3}},"111":{"start":{"line":389,"column":4},"end":{"line":395,"column":7}},"112":{"start":{"line":390,"column":18},"end":{"line":390,"column":51}},"113":{"start":{"line":391,"column":6},"end":{"line":394,"column":9}},"114":{"start":{"line":392,"column":8},"end":{"line":393,"column":27}},"115":{"start":{"line":392,"column":17},"end":{"line":392,"column":29}},"116":{"start":{"line":393,"column":13},"end":{"line":393,"column":27}},"117":{"start":{"line":398,"column":24},"end":{"line":406,"column":3}},"118":{"start":{"line":399,"column":4},"end":{"line":405,"column":7}},"119":{"start":{"line":400,"column":18},"end":{"line":400,"column":60}},"120":{"start":{"line":401,"column":6},"end":{"line":404,"column":9}},"121":{"start":{"line":402,"column":8},"end":{"line":403,"column":27}},"122":{"start":{"line":402,"column":17},"end":{"line":402,"column":29}},"123":{"start":{"line":403,"column":13},"end":{"line":403,"column":27}},"124":{"start":{"line":408,"column":19},"end":{"line":416,"column":3}},"125":{"start":{"line":409,"column":4},"end":{"line":415,"column":7}},"126":{"start":{"line":410,"column":18},"end":{"line":410,"column":60}},"127":{"start":{"line":411,"column":6},"end":{"line":414,"column":9}},"128":{"start":{"line":412,"column":8},"end":{"line":413,"column":27}},"129":{"start":{"line":412,"column":17},"end":{"line":412,"column":29}},"130":{"start":{"line":413,"column":13},"end":{"line":413,"column":27}},"131":{"start":{"line":418,"column":26},"end":{"line":436,"column":3}},"132":{"start":{"line":419,"column":4},"end":{"line":435,"column":7}},"133":{"start":{"line":420,"column":18},"end":{"line":420,"column":65}},"134":{"start":{"line":421,"column":6},"end":{"line":434,"column":9}},"135":{"start":{"line":422,"column":8},"end":{"line":422,"column":29}},"136":{"start":{"line":422,"column":17},"end":{"line":422,"column":29}},"137":{"start":{"line":424,"column":8},"end":{"line":428,"column":9}},"138":{"start":{"line":425,"column":10},"end":{"line":425,"column":41}},"139":{"start":{"line":426,"column":10},"end":{"line":426,"column":23}},"140":{"start":{"line":427,"column":10},"end":{"line":427,"column":17}},"141":{"start":{"line":430,"column":8},"end":{"line":430,"column":23}},"142":{"start":{"line":431,"column":8},"end":{"line":431,"column":37}},"143":{"start":{"line":433,"column":8},"end":{"line":433,"column":37}},"144":{"start":{"line":438,"column":16},"end":{"line":446,"column":3}},"145":{"start":{"line":439,"column":4},"end":{"line":445,"column":7}},"146":{"start":{"line":440,"column":18},"end":{"line":440,"column":61}},"147":{"start":{"line":441,"column":6},"end":{"line":444,"column":9}},"148":{"start":{"line":442,"column":8},"end":{"line":443,"column":27}},"149":{"start":{"line":442,"column":17},"end":{"line":442,"column":29}},"150":{"start":{"line":443,"column":13},"end":{"line":443,"column":27}},"151":{"start":{"line":448,"column":16},"end":{"line":456,"column":3}},"152":{"start":{"line":449,"column":4},"end":{"line":455,"column":7}},"153":{"start":{"line":450,"column":18},"end":{"line":450,"column":51}},"154":{"start":{"line":451,"column":6},"end":{"line":454,"column":9}},"155":{"start":{"line":452,"column":8},"end":{"line":453,"column":27}},"156":{"start":{"line":452,"column":17},"end":{"line":452,"column":29}},"157":{"start":{"line":453,"column":13},"end":{"line":453,"column":27}},"158":{"start":{"line":458,"column":15},"end":{"line":466,"column":3}},"159":{"start":{"line":459,"column":4},"end":{"line":465,"column":7}},"160":{"start":{"line":460,"column":18},"end":{"line":460,"column":50}},"161":{"start":{"line":461,"column":6},"end":{"line":464,"column":9}},"162":{"start":{"line":462,"column":8},"end":{"line":463,"column":27}},"163":{"start":{"line":462,"column":17},"end":{"line":462,"column":29}},"164":{"start":{"line":463,"column":13},"end":{"line":463,"column":27}},"165":{"start":{"line":468,"column":22},"end":{"line":476,"column":3}},"166":{"start":{"line":469,"column":4},"end":{"line":475,"column":7}},"167":{"start":{"line":470,"column":18},"end":{"line":470,"column":58}},"168":{"start":{"line":471,"column":6},"end":{"line":474,"column":9}},"169":{"start":{"line":472,"column":8},"end":{"line":473,"column":27}},"170":{"start":{"line":472,"column":17},"end":{"line":472,"column":29}},"171":{"start":{"line":473,"column":13},"end":{"line":473,"column":27}},"172":{"start":{"line":478,"column":26},"end":{"line":486,"column":3}},"173":{"start":{"line":479,"column":4},"end":{"line":485,"column":7}},"174":{"start":{"line":480,"column":18},"end":{"line":480,"column":62}},"175":{"start":{"line":481,"column":6},"end":{"line":484,"column":9}},"176":{"start":{"line":482,"column":8},"end":{"line":483,"column":27}},"177":{"start":{"line":482,"column":17},"end":{"line":482,"column":29}},"178":{"start":{"line":483,"column":13},"end":{"line":483,"column":27}},"179":{"start":{"line":488,"column":18},"end":{"line":496,"column":3}},"180":{"start":{"line":489,"column":4},"end":{"line":495,"column":7}},"181":{"start":{"line":490,"column":18},"end":{"line":490,"column":45}},"182":{"start":{"line":491,"column":6},"end":{"line":494,"column":9}},"183":{"start":{"line":492,"column":8},"end":{"line":493,"column":27}},"184":{"start":{"line":492,"column":17},"end":{"line":492,"column":29}},"185":{"start":{"line":493,"column":13},"end":{"line":493,"column":27}},"186":{"start":{"line":498,"column":23},"end":{"line":507,"column":3}},"187":{"start":{"line":499,"column":4},"end":{"line":506,"column":7}},"188":{"start":{"line":501,"column":8},"end":{"line":501,"column":80}},"189":{"start":{"line":502,"column":6},"end":{"line":505,"column":9}},"190":{"start":{"line":503,"column":8},"end":{"line":504,"column":27}},"191":{"start":{"line":503,"column":17},"end":{"line":503,"column":29}},"192":{"start":{"line":504,"column":13},"end":{"line":504,"column":27}},"193":{"start":{"line":509,"column":30},"end":{"line":522,"column":3}},"194":{"start":{"line":510,"column":4},"end":{"line":521,"column":7}},"195":{"start":{"line":512,"column":8},"end":{"line":512,"column":88}},"196":{"start":{"line":513,"column":6},"end":{"line":520,"column":8}},"197":{"start":{"line":517,"column":10},"end":{"line":518,"column":29}},"198":{"start":{"line":517,"column":19},"end":{"line":517,"column":31}},"199":{"start":{"line":518,"column":15},"end":{"line":518,"column":29}},"200":{"start":{"line":524,"column":19},"end":{"line":533,"column":3}},"201":{"start":{"line":525,"column":4},"end":{"line":532,"column":7}},"202":{"start":{"line":527,"column":8},"end":{"line":527,"column":80}},"203":{"start":{"line":528,"column":6},"end":{"line":531,"column":9}},"204":{"start":{"line":529,"column":8},"end":{"line":530,"column":27}},"205":{"start":{"line":529,"column":17},"end":{"line":529,"column":29}},"206":{"start":{"line":530,"column":13},"end":{"line":530,"column":27}},"207":{"start":{"line":535,"column":23},"end":{"line":544,"column":3}},"208":{"start":{"line":536,"column":4},"end":{"line":543,"column":7}},"209":{"start":{"line":538,"column":8},"end":{"line":538,"column":88}},"210":{"start":{"line":539,"column":6},"end":{"line":542,"column":9}},"211":{"start":{"line":540,"column":8},"end":{"line":541,"column":27}},"212":{"start":{"line":540,"column":17},"end":{"line":540,"column":29}},"213":{"start":{"line":541,"column":13},"end":{"line":541,"column":27}},"214":{"start":{"line":546,"column":19},"end":{"line":555,"column":3}},"215":{"start":{"line":547,"column":4},"end":{"line":554,"column":7}},"216":{"start":{"line":549,"column":8},"end":{"line":549,"column":80}},"217":{"start":{"line":550,"column":6},"end":{"line":553,"column":9}},"218":{"start":{"line":551,"column":8},"end":{"line":552,"column":27}},"219":{"start":{"line":551,"column":17},"end":{"line":551,"column":29}},"220":{"start":{"line":552,"column":13},"end":{"line":552,"column":27}},"221":{"start":{"line":557,"column":20},"end":{"line":565,"column":3}},"222":{"start":{"line":558,"column":4},"end":{"line":564,"column":7}},"223":{"start":{"line":559,"column":18},"end":{"line":559,"column":58}},"224":{"start":{"line":560,"column":6},"end":{"line":563,"column":9}},"225":{"start":{"line":561,"column":8},"end":{"line":562,"column":27}},"226":{"start":{"line":561,"column":17},"end":{"line":561,"column":29}},"227":{"start":{"line":562,"column":13},"end":{"line":562,"column":27}},"228":{"start":{"line":567,"column":27},"end":{"line":576,"column":3}},"229":{"start":{"line":568,"column":4},"end":{"line":575,"column":7}},"230":{"start":{"line":570,"column":8},"end":{"line":570,"column":222}},"231":{"start":{"line":571,"column":6},"end":{"line":574,"column":9}},"232":{"start":{"line":572,"column":8},"end":{"line":573,"column":27}},"233":{"start":{"line":572,"column":17},"end":{"line":572,"column":29}},"234":{"start":{"line":573,"column":13},"end":{"line":573,"column":27}},"235":{"start":{"line":578,"column":30},"end":{"line":594,"column":3}},"236":{"start":{"line":579,"column":4},"end":{"line":593,"column":7}},"237":{"start":{"line":580,"column":6},"end":{"line":586,"column":7}},"238":{"start":{"line":581,"column":8},"end":{"line":583,"column":9}},"239":{"start":{"line":582,"column":10},"end":{"line":582,"column":29}},"240":{"start":{"line":585,"column":8},"end":{"line":585,"column":27}},"241":{"start":{"line":588,"column":8},"end":{"line":588,"column":143}},"242":{"start":{"line":589,"column":6},"end":{"line":592,"column":9}},"243":{"start":{"line":590,"column":8},"end":{"line":591,"column":27}},"244":{"start":{"line":590,"column":17},"end":{"line":590,"column":29}},"245":{"start":{"line":591,"column":13},"end":{"line":591,"column":27}},"246":{"start":{"line":596,"column":18},"end":{"line":605,"column":3}},"247":{"start":{"line":597,"column":4},"end":{"line":604,"column":7}},"248":{"start":{"line":599,"column":8},"end":{"line":599,"column":78}},"249":{"start":{"line":600,"column":6},"end":{"line":603,"column":9}},"250":{"start":{"line":601,"column":8},"end":{"line":602,"column":27}},"251":{"start":{"line":601,"column":17},"end":{"line":601,"column":29}},"252":{"start":{"line":602,"column":13},"end":{"line":602,"column":27}},"253":{"start":{"line":607,"column":19},"end":{"line":615,"column":3}},"254":{"start":{"line":608,"column":4},"end":{"line":614,"column":7}},"255":{"start":{"line":609,"column":18},"end":{"line":609,"column":47}},"256":{"start":{"line":610,"column":6},"end":{"line":613,"column":9}},"257":{"start":{"line":611,"column":8},"end":{"line":612,"column":27}},"258":{"start":{"line":611,"column":17},"end":{"line":611,"column":29}},"259":{"start":{"line":612,"column":13},"end":{"line":612,"column":27}},"260":{"start":{"line":617,"column":27},"end":{"line":625,"column":3}},"261":{"start":{"line":618,"column":4},"end":{"line":624,"column":7}},"262":{"start":{"line":619,"column":18},"end":{"line":619,"column":56}},"263":{"start":{"line":620,"column":6},"end":{"line":623,"column":9}},"264":{"start":{"line":621,"column":8},"end":{"line":622,"column":27}},"265":{"start":{"line":621,"column":17},"end":{"line":621,"column":29}},"266":{"start":{"line":622,"column":13},"end":{"line":622,"column":27}},"267":{"start":{"line":627,"column":22},"end":{"line":635,"column":3}},"268":{"start":{"line":628,"column":4},"end":{"line":634,"column":7}},"269":{"start":{"line":629,"column":18},"end":{"line":629,"column":56}},"270":{"start":{"line":630,"column":6},"end":{"line":633,"column":9}},"271":{"start":{"line":631,"column":8},"end":{"line":632,"column":27}},"272":{"start":{"line":631,"column":17},"end":{"line":631,"column":29}},"273":{"start":{"line":632,"column":13},"end":{"line":632,"column":27}},"274":{"start":{"line":637,"column":19},"end":{"line":645,"column":3}},"275":{"start":{"line":638,"column":4},"end":{"line":644,"column":7}},"276":{"start":{"line":639,"column":18},"end":{"line":639,"column":47}},"277":{"start":{"line":640,"column":6},"end":{"line":643,"column":9}},"278":{"start":{"line":641,"column":8},"end":{"line":642,"column":27}},"279":{"start":{"line":641,"column":17},"end":{"line":641,"column":29}},"280":{"start":{"line":642,"column":13},"end":{"line":642,"column":27}},"281":{"start":{"line":647,"column":18},"end":{"line":655,"column":3}},"282":{"start":{"line":648,"column":4},"end":{"line":654,"column":7}},"283":{"start":{"line":649,"column":18},"end":{"line":649,"column":46}},"284":{"start":{"line":650,"column":6},"end":{"line":653,"column":9}},"285":{"start":{"line":651,"column":8},"end":{"line":652,"column":27}},"286":{"start":{"line":651,"column":17},"end":{"line":651,"column":29}},"287":{"start":{"line":652,"column":13},"end":{"line":652,"column":27}},"288":{"start":{"line":657,"column":26},"end":{"line":666,"column":3}},"289":{"start":{"line":658,"column":4},"end":{"line":665,"column":7}},"290":{"start":{"line":660,"column":8},"end":{"line":660,"column":78}},"291":{"start":{"line":661,"column":6},"end":{"line":664,"column":9}},"292":{"start":{"line":662,"column":8},"end":{"line":663,"column":27}},"293":{"start":{"line":662,"column":17},"end":{"line":662,"column":29}},"294":{"start":{"line":663,"column":13},"end":{"line":663,"column":27}},"295":{"start":{"line":668,"column":25},"end":{"line":676,"column":3}},"296":{"start":{"line":669,"column":4},"end":{"line":675,"column":7}},"297":{"start":{"line":670,"column":18},"end":{"line":670,"column":54}},"298":{"start":{"line":671,"column":6},"end":{"line":674,"column":9}},"299":{"start":{"line":672,"column":8},"end":{"line":673,"column":27}},"300":{"start":{"line":672,"column":17},"end":{"line":672,"column":29}},"301":{"start":{"line":673,"column":13},"end":{"line":673,"column":27}},"302":{"start":{"line":678,"column":30},"end":{"line":687,"column":3}},"303":{"start":{"line":679,"column":4},"end":{"line":686,"column":7}},"304":{"start":{"line":681,"column":8},"end":{"line":681,"column":86}},"305":{"start":{"line":682,"column":6},"end":{"line":685,"column":9}},"306":{"start":{"line":683,"column":8},"end":{"line":684,"column":27}},"307":{"start":{"line":683,"column":17},"end":{"line":683,"column":29}},"308":{"start":{"line":684,"column":13},"end":{"line":684,"column":27}},"309":{"start":{"line":689,"column":20},"end":{"line":710,"column":3}},"310":{"start":{"line":690,"column":4},"end":{"line":709,"column":7}},"311":{"start":{"line":691,"column":6},"end":{"line":697,"column":7}},"312":{"start":{"line":692,"column":8},"end":{"line":694,"column":9}},"313":{"start":{"line":693,"column":10},"end":{"line":693,"column":29}},"314":{"start":{"line":696,"column":8},"end":{"line":696,"column":27}},"315":{"start":{"line":698,"column":18},"end":{"line":698,"column":59}},"316":{"start":{"line":700,"column":6},"end":{"line":708,"column":9}},"317":{"start":{"line":701,"column":8},"end":{"line":707,"column":9}},"318":{"start":{"line":701,"column":17},"end":{"line":701,"column":29}},"319":{"start":{"line":703,"column":10},"end":{"line":706,"column":11}},"320":{"start":{"line":703,"column":32},"end":{"line":703,"column":42}},"321":{"start":{"line":705,"column":12},"end":{"line":705,"column":49}},"322":{"start":{"line":712,"column":22},"end":{"line":721,"column":3}},"323":{"start":{"line":713,"column":4},"end":{"line":720,"column":7}},"324":{"start":{"line":715,"column":8},"end":{"line":715,"column":78}},"325":{"start":{"line":716,"column":6},"end":{"line":719,"column":9}},"326":{"start":{"line":717,"column":8},"end":{"line":718,"column":27}},"327":{"start":{"line":717,"column":17},"end":{"line":717,"column":29}},"328":{"start":{"line":718,"column":13},"end":{"line":718,"column":27}},"329":{"start":{"line":723,"column":26},"end":{"line":732,"column":3}},"330":{"start":{"line":724,"column":4},"end":{"line":731,"column":7}},"331":{"start":{"line":726,"column":8},"end":{"line":726,"column":86}},"332":{"start":{"line":727,"column":6},"end":{"line":730,"column":9}},"333":{"start":{"line":728,"column":8},"end":{"line":729,"column":27}},"334":{"start":{"line":728,"column":17},"end":{"line":728,"column":29}},"335":{"start":{"line":729,"column":13},"end":{"line":729,"column":27}},"336":{"start":{"line":734,"column":33},"end":{"line":743,"column":3}},"337":{"start":{"line":735,"column":4},"end":{"line":742,"column":7}},"338":{"start":{"line":737,"column":8},"end":{"line":737,"column":78}},"339":{"start":{"line":738,"column":6},"end":{"line":741,"column":9}},"340":{"start":{"line":739,"column":8},"end":{"line":740,"column":27}},"341":{"start":{"line":739,"column":17},"end":{"line":739,"column":29}},"342":{"start":{"line":740,"column":13},"end":{"line":740,"column":27}},"343":{"start":{"line":745,"column":23},"end":{"line":753,"column":3}},"344":{"start":{"line":746,"column":4},"end":{"line":752,"column":7}},"345":{"start":{"line":747,"column":18},"end":{"line":747,"column":56}},"346":{"start":{"line":748,"column":6},"end":{"line":751,"column":9}},"347":{"start":{"line":749,"column":8},"end":{"line":750,"column":27}},"348":{"start":{"line":749,"column":17},"end":{"line":749,"column":29}},"349":{"start":{"line":750,"column":13},"end":{"line":750,"column":27}},"350":{"start":{"line":755,"column":29},"end":{"line":763,"column":3}},"351":{"start":{"line":756,"column":4},"end":{"line":762,"column":7}},"352":{"start":{"line":757,"column":18},"end":{"line":757,"column":58}},"353":{"start":{"line":758,"column":6},"end":{"line":761,"column":9}},"354":{"start":{"line":759,"column":8},"end":{"line":760,"column":27}},"355":{"start":{"line":759,"column":17},"end":{"line":759,"column":29}},"356":{"start":{"line":760,"column":13},"end":{"line":760,"column":27}},"357":{"start":{"line":765,"column":21},"end":{"line":773,"column":3}},"358":{"start":{"line":766,"column":4},"end":{"line":772,"column":7}},"359":{"start":{"line":767,"column":18},"end":{"line":767,"column":86}},"360":{"start":{"line":768,"column":6},"end":{"line":771,"column":9}},"361":{"start":{"line":769,"column":8},"end":{"line":770,"column":27}},"362":{"start":{"line":769,"column":17},"end":{"line":769,"column":29}},"363":{"start":{"line":770,"column":13},"end":{"line":770,"column":27}},"364":{"start":{"line":777,"column":15},"end":{"line":816,"column":3}},"365":{"start":{"line":778,"column":4},"end":{"line":815,"column":7}},"366":{"start":{"line":779,"column":6},"end":{"line":792,"column":7}},"367":{"start":{"line":780,"column":8},"end":{"line":789,"column":9}},"368":{"start":{"line":788,"column":10},"end":{"line":788,"column":29}},"369":{"start":{"line":791,"column":8},"end":{"line":791,"column":27}},"370":{"start":{"line":793,"column":16},"end":{"line":793,"column":31}},"371":{"start":{"line":794,"column":6},"end":{"line":794,"column":28}},"372":{"start":{"line":795,"column":19},"end":{"line":795,"column":64}},"373":{"start":{"line":796,"column":19},"end":{"line":796,"column":56}},"374":{"start":{"line":798,"column":8},"end":{"line":798,"column":114}},"375":{"start":{"line":799,"column":6},"end":{"line":814,"column":8}},"376":{"start":{"line":811,"column":10},"end":{"line":812,"column":36}},"377":{"start":{"line":811,"column":19},"end":{"line":811,"column":31}},"378":{"start":{"line":812,"column":15},"end":{"line":812,"column":36}},"379":{"start":{"line":818,"column":19},"end":{"line":872,"column":3}},"380":{"start":{"line":819,"column":4},"end":{"line":871,"column":7}},"381":{"start":{"line":820,"column":6},"end":{"line":832,"column":7}},"382":{"start":{"line":821,"column":8},"end":{"line":829,"column":9}},"383":{"start":{"line":828,"column":10},"end":{"line":828,"column":29}},"384":{"start":{"line":831,"column":8},"end":{"line":831,"column":27}},"385":{"start":{"line":833,"column":16},"end":{"line":833,"column":31}},"386":{"start":{"line":834,"column":6},"end":{"line":834,"column":28}},"387":{"start":{"line":835,"column":16},"end":{"line":835,"column":43}},"388":{"start":{"line":836,"column":16},"end":{"line":836,"column":43}},"389":{"start":{"line":838,"column":16},"end":{"line":838,"column":47}},"390":{"start":{"line":839,"column":20},"end":{"line":839,"column":49}},"391":{"start":{"line":840,"column":20},"end":{"line":840,"column":49}},"392":{"start":{"line":842,"column":6},"end":{"line":852,"column":7}},"393":{"start":{"line":843,"column":8},"end":{"line":843,"column":23}},"394":{"start":{"line":844,"column":8},"end":{"line":844,"column":24}},"395":{"start":{"line":845,"column":8},"end":{"line":845,"column":27}},"396":{"start":{"line":846,"column":13},"end":{"line":852,"column":7}},"397":{"start":{"line":847,"column":8},"end":{"line":847,"column":27}},"398":{"start":{"line":848,"column":8},"end":{"line":848,"column":28}},"399":{"start":{"line":849,"column":8},"end":{"line":849,"column":25}},"400":{"start":{"line":851,"column":8},"end":{"line":851,"column":27}},"401":{"start":{"line":854,"column":8},"end":{"line":854,"column":124}},"402":{"start":{"line":855,"column":6},"end":{"line":870,"column":8}},"403":{"start":{"line":867,"column":10},"end":{"line":868,"column":29}},"404":{"start":{"line":867,"column":19},"end":{"line":867,"column":31}},"405":{"start":{"line":868,"column":15},"end":{"line":868,"column":29}},"406":{"start":{"line":874,"column":18},"end":{"line":889,"column":3}},"407":{"start":{"line":875,"column":4},"end":{"line":888,"column":7}},"408":{"start":{"line":876,"column":6},"end":{"line":882,"column":7}},"409":{"start":{"line":877,"column":8},"end":{"line":879,"column":9}},"410":{"start":{"line":878,"column":10},"end":{"line":878,"column":29}},"411":{"start":{"line":881,"column":8},"end":{"line":881,"column":27}},"412":{"start":{"line":883,"column":18},"end":{"line":883,"column":65}},"413":{"start":{"line":884,"column":6},"end":{"line":887,"column":9}},"414":{"start":{"line":885,"column":8},"end":{"line":886,"column":34}},"415":{"start":{"line":885,"column":17},"end":{"line":885,"column":29}},"416":{"start":{"line":886,"column":13},"end":{"line":886,"column":34}},"417":{"start":{"line":891,"column":20},"end":{"line":906,"column":3}},"418":{"start":{"line":892,"column":4},"end":{"line":905,"column":7}},"419":{"start":{"line":893,"column":6},"end":{"line":899,"column":7}},"420":{"start":{"line":894,"column":8},"end":{"line":896,"column":9}},"421":{"start":{"line":895,"column":10},"end":{"line":895,"column":29}},"422":{"start":{"line":898,"column":8},"end":{"line":898,"column":27}},"423":{"start":{"line":900,"column":18},"end":{"line":900,"column":77}},"424":{"start":{"line":901,"column":6},"end":{"line":904,"column":9}},"425":{"start":{"line":902,"column":8},"end":{"line":903,"column":34}},"426":{"start":{"line":902,"column":17},"end":{"line":902,"column":29}},"427":{"start":{"line":903,"column":13},"end":{"line":903,"column":34}},"428":{"start":{"line":908,"column":16},"end":{"line":932,"column":3}},"429":{"start":{"line":909,"column":4},"end":{"line":931,"column":7}},"430":{"start":{"line":910,"column":6},"end":{"line":920,"column":7}},"431":{"start":{"line":911,"column":8},"end":{"line":917,"column":9}},"432":{"start":{"line":916,"column":10},"end":{"line":916,"column":29}},"433":{"start":{"line":919,"column":8},"end":{"line":919,"column":27}},"434":{"start":{"line":922,"column":8},"end":{"line":922,"column":136}},"435":{"start":{"line":923,"column":6},"end":{"line":930,"column":8}},"436":{"start":{"line":927,"column":10},"end":{"line":928,"column":36}},"437":{"start":{"line":927,"column":19},"end":{"line":927,"column":31}},"438":{"start":{"line":928,"column":15},"end":{"line":928,"column":36}},"439":{"start":{"line":934,"column":19},"end":{"line":954,"column":3}},"440":{"start":{"line":935,"column":4},"end":{"line":953,"column":7}},"441":{"start":{"line":936,"column":6},"end":{"line":946,"column":7}},"442":{"start":{"line":937,"column":8},"end":{"line":943,"column":9}},"443":{"start":{"line":942,"column":10},"end":{"line":942,"column":29}},"444":{"start":{"line":945,"column":8},"end":{"line":945,"column":27}},"445":{"start":{"line":948,"column":8},"end":{"line":948,"column":95}},"446":{"start":{"line":949,"column":6},"end":{"line":952,"column":9}},"447":{"start":{"line":950,"column":8},"end":{"line":951,"column":27}},"448":{"start":{"line":950,"column":17},"end":{"line":950,"column":29}},"449":{"start":{"line":951,"column":13},"end":{"line":951,"column":27}},"450":{"start":{"line":956,"column":20},"end":{"line":971,"column":3}},"451":{"start":{"line":957,"column":4},"end":{"line":970,"column":7}},"452":{"start":{"line":958,"column":6},"end":{"line":964,"column":7}},"453":{"start":{"line":959,"column":8},"end":{"line":961,"column":9}},"454":{"start":{"line":960,"column":10},"end":{"line":960,"column":29}},"455":{"start":{"line":963,"column":8},"end":{"line":963,"column":27}},"456":{"start":{"line":965,"column":18},"end":{"line":965,"column":77}},"457":{"start":{"line":966,"column":6},"end":{"line":969,"column":9}},"458":{"start":{"line":967,"column":8},"end":{"line":968,"column":27}},"459":{"start":{"line":967,"column":17},"end":{"line":967,"column":29}},"460":{"start":{"line":968,"column":13},"end":{"line":968,"column":27}},"461":{"start":{"line":973,"column":12},"end":{"line":1025,"column":3}},"462":{"start":{"line":974,"column":4},"end":{"line":1024,"column":7}},"463":{"start":{"line":975,"column":6},"end":{"line":987,"column":7}},"464":{"start":{"line":976,"column":8},"end":{"line":984,"column":9}},"465":{"start":{"line":983,"column":10},"end":{"line":983,"column":29}},"466":{"start":{"line":986,"column":8},"end":{"line":986,"column":27}},"467":{"start":{"line":989,"column":23},"end":{"line":989,"column":51}},"468":{"start":{"line":990,"column":6},"end":{"line":992,"column":7}},"469":{"start":{"line":991,"column":8},"end":{"line":991,"column":78}},"470":{"start":{"line":994,"column":21},"end":{"line":994,"column":28}},"471":{"start":{"line":995,"column":17},"end":{"line":995,"column":39}},"472":{"start":{"line":996,"column":6},"end":{"line":1023,"column":8}},"473":{"start":{"line":1002,"column":12},"end":{"line":1002,"column":99}},"474":{"start":{"line":1003,"column":10},"end":{"line":1021,"column":12}},"475":{"start":{"line":1015,"column":14},"end":{"line":1019,"column":15}},"476":{"start":{"line":1015,"column":23},"end":{"line":1015,"column":35}},"477":{"start":{"line":1017,"column":16},"end":{"line":1017,"column":41}},"478":{"start":{"line":1018,"column":16},"end":{"line":1018,"column":37}},"479":{"start":{"line":1027,"column":11},"end":{"line":1075,"column":3}},"480":{"start":{"line":1028,"column":4},"end":{"line":1074,"column":7}},"481":{"start":{"line":1029,"column":6},"end":{"line":1046,"column":7}},"482":{"start":{"line":1045,"column":8},"end":{"line":1045,"column":27}},"483":{"start":{"line":1048,"column":8},"end":{"line":1048,"column":183}},"484":{"start":{"line":1049,"column":6},"end":{"line":1073,"column":8}},"485":{"start":{"line":1068,"column":10},"end":{"line":1071,"column":11}},"486":{"start":{"line":1068,"column":19},"end":{"line":1068,"column":31}},"487":{"start":{"line":1070,"column":12},"end":{"line":1070,"column":33}},"488":{"start":{"line":1077,"column":15},"end":{"line":1112,"column":3}},"489":{"start":{"line":1078,"column":4},"end":{"line":1111,"column":7}},"490":{"start":{"line":1079,"column":6},"end":{"line":1089,"column":7}},"491":{"start":{"line":1088,"column":8},"end":{"line":1088,"column":27}},"492":{"start":{"line":1092,"column":8},"end":{"line":1092,"column":112}},"493":{"start":{"line":1093,"column":6},"end":{"line":1110,"column":8}},"494":{"start":{"line":1105,"column":10},"end":{"line":1108,"column":11}},"495":{"start":{"line":1105,"column":19},"end":{"line":1105,"column":31}},"496":{"start":{"line":1107,"column":12},"end":{"line":1107,"column":33}},"497":{"start":{"line":1114,"column":22},"end":{"line":1149,"column":3}},"498":{"start":{"line":1115,"column":4},"end":{"line":1148,"column":7}},"499":{"start":{"line":1116,"column":6},"end":{"line":1126,"column":7}},"500":{"start":{"line":1125,"column":8},"end":{"line":1125,"column":27}},"501":{"start":{"line":1129,"column":8},"end":{"line":1129,"column":112}},"502":{"start":{"line":1130,"column":6},"end":{"line":1147,"column":8}},"503":{"start":{"line":1142,"column":10},"end":{"line":1145,"column":11}},"504":{"start":{"line":1142,"column":19},"end":{"line":1142,"column":31}},"505":{"start":{"line":1144,"column":12},"end":{"line":1144,"column":33}},"506":{"start":{"line":1151,"column":23},"end":{"line":1233,"column":3}},"507":{"start":{"line":1152,"column":4},"end":{"line":1232,"column":7}},"508":{"start":{"line":1153,"column":18},"end":{"line":1153,"column":37}},"509":{"start":{"line":1154,"column":19},"end":{"line":1154,"column":21}},"510":{"start":{"line":1155,"column":6},"end":{"line":1205,"column":7}},"511":{"start":{"line":1156,"column":8},"end":{"line":1156,"column":41}},"512":{"start":{"line":1157,"column":8},"end":{"line":1199,"column":9}},"513":{"start":{"line":1158,"column":20},"end":{"line":1158,"column":28}},"514":{"start":{"line":1159,"column":22},"end":{"line":1159,"column":30}},"515":{"start":{"line":1160,"column":10},"end":{"line":1167,"column":11}},"516":{"start":{"line":1166,"column":12},"end":{"line":1166,"column":36}},"517":{"start":{"line":1168,"column":10},"end":{"line":1197,"column":11}},"518":{"start":{"line":1172,"column":12},"end":{"line":1182,"column":13}},"519":{"start":{"line":1173,"column":14},"end":{"line":1173,"column":79}},"520":{"start":{"line":1174,"column":19},"end":{"line":1182,"column":13}},"521":{"start":{"line":1175,"column":14},"end":{"line":1175,"column":77}},"522":{"start":{"line":1176,"column":19},"end":{"line":1182,"column":13}},"523":{"start":{"line":1177,"column":14},"end":{"line":1177,"column":79}},"524":{"start":{"line":1178,"column":19},"end":{"line":1182,"column":13}},"525":{"start":{"line":1179,"column":14},"end":{"line":1179,"column":77}},"526":{"start":{"line":1181,"column":14},"end":{"line":1181,"column":66}},"527":{"start":{"line":1183,"column":17},"end":{"line":1197,"column":11}},"528":{"start":{"line":1184,"column":12},"end":{"line":1196,"column":13}},"529":{"start":{"line":1186,"column":14},"end":{"line":1186,"column":63}},"530":{"start":{"line":1187,"column":19},"end":{"line":1196,"column":13}},"531":{"start":{"line":1189,"column":14},"end":{"line":1189,"column":63}},"532":{"start":{"line":1190,"column":19},"end":{"line":1196,"column":13}},"533":{"start":{"line":1192,"column":14},"end":{"line":1192,"column":62}},"534":{"start":{"line":1193,"column":19},"end":{"line":1196,"column":13}},"535":{"start":{"line":1195,"column":14},"end":{"line":1195,"column":62}},"536":{"start":{"line":1198,"column":10},"end":{"line":1198,"column":42}},"537":{"start":{"line":1200,"column":8},"end":{"line":1200,"column":52}},"538":{"start":{"line":1201,"column":8},"end":{"line":1201,"column":28}},"539":{"start":{"line":1203,"column":8},"end":{"line":1203,"column":38}},"540":{"start":{"line":1204,"column":8},"end":{"line":1204,"column":28}},"541":{"start":{"line":1207,"column":6},"end":{"line":1207,"column":43}},"542":{"start":{"line":1208,"column":6},"end":{"line":1231,"column":9}},"543":{"start":{"line":1209,"column":8},"end":{"line":1212,"column":9}},"544":{"start":{"line":1210,"column":10},"end":{"line":1210,"column":22}},"545":{"start":{"line":1211,"column":10},"end":{"line":1211,"column":17}},"546":{"start":{"line":1213,"column":21},"end":{"line":1228,"column":11}},"547":{"start":{"line":1213,"column":38},"end":{"line":1228,"column":9}},"548":{"start":{"line":1230,"column":8},"end":{"line":1230,"column":29}},"549":{"start":{"line":1236,"column":22},"end":{"line":1244,"column":3}},"550":{"start":{"line":1237,"column":4},"end":{"line":1243,"column":7}},"551":{"start":{"line":1238,"column":18},"end":{"line":1238,"column":78}},"552":{"start":{"line":1239,"column":6},"end":{"line":1242,"column":9}},"553":{"start":{"line":1240,"column":8},"end":{"line":1241,"column":27}},"554":{"start":{"line":1240,"column":17},"end":{"line":1240,"column":29}},"555":{"start":{"line":1241,"column":13},"end":{"line":1241,"column":27}},"556":{"start":{"line":1247,"column":15},"end":{"line":1255,"column":3}},"557":{"start":{"line":1248,"column":4},"end":{"line":1254,"column":7}},"558":{"start":{"line":1249,"column":18},"end":{"line":1249,"column":37}},"559":{"start":{"line":1250,"column":6},"end":{"line":1253,"column":9}},"560":{"start":{"line":1251,"column":8},"end":{"line":1252,"column":27}},"561":{"start":{"line":1251,"column":17},"end":{"line":1251,"column":29}},"562":{"start":{"line":1252,"column":13},"end":{"line":1252,"column":27}},"563":{"start":{"line":1257,"column":28},"end":{"line":1268,"column":3}},"564":{"start":{"line":1258,"column":4},"end":{"line":1267,"column":7}},"565":{"start":{"line":1260,"column":8},"end":{"line":1262,"column":27}},"566":{"start":{"line":1263,"column":6},"end":{"line":1266,"column":9}},"567":{"start":{"line":1264,"column":8},"end":{"line":1265,"column":27}},"568":{"start":{"line":1264,"column":17},"end":{"line":1264,"column":29}},"569":{"start":{"line":1265,"column":13},"end":{"line":1265,"column":27}},"570":{"start":{"line":1270,"column":37},"end":{"line":1281,"column":3}},"571":{"start":{"line":1271,"column":4},"end":{"line":1280,"column":7}},"572":{"start":{"line":1273,"column":8},"end":{"line":1275,"column":55}},"573":{"start":{"line":1276,"column":6},"end":{"line":1279,"column":9}},"574":{"start":{"line":1277,"column":8},"end":{"line":1278,"column":27}},"575":{"start":{"line":1277,"column":17},"end":{"line":1277,"column":29}},"576":{"start":{"line":1278,"column":13},"end":{"line":1278,"column":27}},"577":{"start":{"line":1284,"column":19},"end":{"line":1292,"column":3}},"578":{"start":{"line":1285,"column":4},"end":{"line":1291,"column":7}},"579":{"start":{"line":1286,"column":18},"end":{"line":1286,"column":45}},"580":{"start":{"line":1287,"column":6},"end":{"line":1290,"column":9}},"581":{"start":{"line":1288,"column":8},"end":{"line":1289,"column":27}},"582":{"start":{"line":1288,"column":17},"end":{"line":1288,"column":29}},"583":{"start":{"line":1289,"column":13},"end":{"line":1289,"column":27}},"584":{"start":{"line":1295,"column":24},"end":{"line":1313,"column":3}},"585":{"start":{"line":1296,"column":4},"end":{"line":1312,"column":7}},"586":{"start":{"line":1297,"column":6},"end":{"line":1303,"column":7}},"587":{"start":{"line":1298,"column":8},"end":{"line":1300,"column":9}},"588":{"start":{"line":1299,"column":10},"end":{"line":1299,"column":29}},"589":{"start":{"line":1302,"column":8},"end":{"line":1302,"column":27}},"590":{"start":{"line":1305,"column":8},"end":{"line":1305,"column":139}},"591":{"start":{"line":1306,"column":6},"end":{"line":1311,"column":9}},"592":{"start":{"line":1307,"column":8},"end":{"line":1310,"column":9}},"593":{"start":{"line":1307,"column":17},"end":{"line":1307,"column":29}},"594":{"start":{"line":1309,"column":10},"end":{"line":1309,"column":24}},"595":{"start":{"line":1316,"column":20},"end":{"line":1335,"column":3}},"596":{"start":{"line":1317,"column":4},"end":{"line":1334,"column":7}},"597":{"start":{"line":1318,"column":6},"end":{"line":1324,"column":7}},"598":{"start":{"line":1319,"column":8},"end":{"line":1321,"column":9}},"599":{"start":{"line":1320,"column":10},"end":{"line":1320,"column":29}},"600":{"start":{"line":1323,"column":8},"end":{"line":1323,"column":27}},"601":{"start":{"line":1327,"column":8},"end":{"line":1327,"column":70}},"602":{"start":{"line":1328,"column":6},"end":{"line":1333,"column":9}},"603":{"start":{"line":1329,"column":8},"end":{"line":1332,"column":9}},"604":{"start":{"line":1329,"column":17},"end":{"line":1329,"column":29}},"605":{"start":{"line":1331,"column":10},"end":{"line":1331,"column":24}},"606":{"start":{"line":1338,"column":19},"end":{"line":1361,"column":3}},"607":{"start":{"line":1339,"column":4},"end":{"line":1360,"column":7}},"608":{"start":{"line":1340,"column":6},"end":{"line":1351,"column":7}},"609":{"start":{"line":1341,"column":8},"end":{"line":1348,"column":9}},"610":{"start":{"line":1347,"column":10},"end":{"line":1347,"column":29}},"611":{"start":{"line":1350,"column":8},"end":{"line":1350,"column":27}},"612":{"start":{"line":1353,"column":8},"end":{"line":1353,"column":87}},"613":{"start":{"line":1354,"column":6},"end":{"line":1359,"column":9}},"614":{"start":{"line":1355,"column":8},"end":{"line":1358,"column":9}},"615":{"start":{"line":1355,"column":17},"end":{"line":1355,"column":29}},"616":{"start":{"line":1357,"column":10},"end":{"line":1357,"column":24}},"617":{"start":{"line":1363,"column":18},"end":{"line":1385,"column":3}},"618":{"start":{"line":1364,"column":4},"end":{"line":1384,"column":7}},"619":{"start":{"line":1365,"column":6},"end":{"line":1375,"column":7}},"620":{"start":{"line":1366,"column":8},"end":{"line":1372,"column":9}},"621":{"start":{"line":1371,"column":10},"end":{"line":1371,"column":29}},"622":{"start":{"line":1374,"column":8},"end":{"line":1374,"column":27}},"623":{"start":{"line":1377,"column":8},"end":{"line":1377,"column":82}},"624":{"start":{"line":1378,"column":6},"end":{"line":1383,"column":9}},"625":{"start":{"line":1379,"column":8},"end":{"line":1382,"column":9}},"626":{"start":{"line":1379,"column":17},"end":{"line":1379,"column":29}},"627":{"start":{"line":1381,"column":10},"end":{"line":1381,"column":24}},"628":{"start":{"line":1387,"column":21},"end":{"line":1409,"column":3}},"629":{"start":{"line":1388,"column":4},"end":{"line":1408,"column":7}},"630":{"start":{"line":1389,"column":6},"end":{"line":1399,"column":7}},"631":{"start":{"line":1390,"column":8},"end":{"line":1396,"column":9}},"632":{"start":{"line":1395,"column":10},"end":{"line":1395,"column":29}},"633":{"start":{"line":1398,"column":8},"end":{"line":1398,"column":27}},"634":{"start":{"line":1401,"column":8},"end":{"line":1401,"column":91}},"635":{"start":{"line":1402,"column":6},"end":{"line":1407,"column":9}},"636":{"start":{"line":1403,"column":8},"end":{"line":1406,"column":9}},"637":{"start":{"line":1403,"column":17},"end":{"line":1403,"column":29}},"638":{"start":{"line":1405,"column":10},"end":{"line":1405,"column":24}},"639":{"start":{"line":1412,"column":28},"end":{"line":1430,"column":3}},"640":{"start":{"line":1413,"column":4},"end":{"line":1429,"column":7}},"641":{"start":{"line":1414,"column":6},"end":{"line":1420,"column":7}},"642":{"start":{"line":1415,"column":8},"end":{"line":1417,"column":9}},"643":{"start":{"line":1416,"column":10},"end":{"line":1416,"column":29}},"644":{"start":{"line":1419,"column":8},"end":{"line":1419,"column":27}},"645":{"start":{"line":1422,"column":8},"end":{"line":1422,"column":183}},"646":{"start":{"line":1423,"column":6},"end":{"line":1428,"column":9}},"647":{"start":{"line":1424,"column":8},"end":{"line":1427,"column":9}},"648":{"start":{"line":1424,"column":17},"end":{"line":1424,"column":29}},"649":{"start":{"line":1426,"column":10},"end":{"line":1426,"column":24}},"650":{"start":{"line":1433,"column":24},"end":{"line":1452,"column":3}},"651":{"start":{"line":1434,"column":4},"end":{"line":1451,"column":7}},"652":{"start":{"line":1435,"column":6},"end":{"line":1441,"column":7}},"653":{"start":{"line":1436,"column":8},"end":{"line":1438,"column":9}},"654":{"start":{"line":1437,"column":10},"end":{"line":1437,"column":29}},"655":{"start":{"line":1440,"column":8},"end":{"line":1440,"column":27}},"656":{"start":{"line":1444,"column":8},"end":{"line":1444,"column":74}},"657":{"start":{"line":1445,"column":6},"end":{"line":1450,"column":9}},"658":{"start":{"line":1446,"column":8},"end":{"line":1449,"column":9}},"659":{"start":{"line":1446,"column":17},"end":{"line":1446,"column":29}},"660":{"start":{"line":1448,"column":10},"end":{"line":1448,"column":24}},"661":{"start":{"line":1455,"column":23},"end":{"line":1483,"column":3}},"662":{"start":{"line":1456,"column":4},"end":{"line":1482,"column":7}},"663":{"start":{"line":1457,"column":6},"end":{"line":1468,"column":7}},"664":{"start":{"line":1458,"column":8},"end":{"line":1465,"column":9}},"665":{"start":{"line":1464,"column":10},"end":{"line":1464,"column":29}},"666":{"start":{"line":1467,"column":8},"end":{"line":1467,"column":27}},"667":{"start":{"line":1471,"column":8},"end":{"line":1471,"column":95}},"668":{"start":{"line":1472,"column":6},"end":{"line":1481,"column":8}},"669":{"start":{"line":1476,"column":10},"end":{"line":1479,"column":11}},"670":{"start":{"line":1476,"column":19},"end":{"line":1476,"column":31}},"671":{"start":{"line":1478,"column":12},"end":{"line":1478,"column":26}},"672":{"start":{"line":1486,"column":19},"end":{"line":1509,"column":3}},"673":{"start":{"line":1487,"column":4},"end":{"line":1508,"column":7}},"674":{"start":{"line":1488,"column":6},"end":{"line":1499,"column":7}},"675":{"start":{"line":1489,"column":8},"end":{"line":1496,"column":9}},"676":{"start":{"line":1495,"column":10},"end":{"line":1495,"column":29}},"677":{"start":{"line":1498,"column":8},"end":{"line":1498,"column":27}},"678":{"start":{"line":1501,"column":8},"end":{"line":1501,"column":87}},"679":{"start":{"line":1502,"column":6},"end":{"line":1507,"column":9}},"680":{"start":{"line":1503,"column":8},"end":{"line":1506,"column":9}},"681":{"start":{"line":1503,"column":17},"end":{"line":1503,"column":29}},"682":{"start":{"line":1505,"column":10},"end":{"line":1505,"column":24}},"683":{"start":{"line":1511,"column":11},"end":{"line":1536,"column":3}},"684":{"start":{"line":1512,"column":4},"end":{"line":1535,"column":7}},"685":{"start":{"line":1513,"column":16},"end":{"line":1513,"column":31}},"686":{"start":{"line":1514,"column":6},"end":{"line":1514,"column":22}},"687":{"start":{"line":1516,"column":19},"end":{"line":1516,"column":70}},"688":{"start":{"line":1517,"column":6},"end":{"line":1517,"column":37}},"689":{"start":{"line":1519,"column":19},"end":{"line":1519,"column":46}},"690":{"start":{"line":1520,"column":19},"end":{"line":1520,"column":46}},"691":{"start":{"line":1521,"column":19},"end":{"line":1521,"column":44}},"692":{"start":{"line":1522,"column":6},"end":{"line":1522,"column":37}},"693":{"start":{"line":1524,"column":16},"end":{"line":1524,"column":43}},"694":{"start":{"line":1525,"column":16},"end":{"line":1525,"column":43}},"695":{"start":{"line":1527,"column":16},"end":{"line":1527,"column":47}},"696":{"start":{"line":1528,"column":20},"end":{"line":1528,"column":49}},"697":{"start":{"line":1529,"column":20},"end":{"line":1529,"column":49}},"698":{"start":{"line":1531,"column":6},"end":{"line":1531,"column":43}},"699":{"start":{"line":1532,"column":6},"end":{"line":1532,"column":44}},"700":{"start":{"line":1533,"column":6},"end":{"line":1533,"column":45}},"701":{"start":{"line":1534,"column":6},"end":{"line":1534,"column":46}},"702":{"start":{"line":1538,"column":16},"end":{"line":1559,"column":3}},"703":{"start":{"line":1539,"column":4},"end":{"line":1558,"column":7}},"704":{"start":{"line":1540,"column":6},"end":{"line":1546,"column":7}},"705":{"start":{"line":1541,"column":8},"end":{"line":1543,"column":9}},"706":{"start":{"line":1542,"column":10},"end":{"line":1542,"column":29}},"707":{"start":{"line":1545,"column":8},"end":{"line":1545,"column":27}},"708":{"start":{"line":1547,"column":18},"end":{"line":1547,"column":59}},"709":{"start":{"line":1549,"column":6},"end":{"line":1557,"column":9}},"710":{"start":{"line":1550,"column":8},"end":{"line":1556,"column":9}},"711":{"start":{"line":1550,"column":17},"end":{"line":1550,"column":29}},"712":{"start":{"line":1552,"column":10},"end":{"line":1555,"column":11}},"713":{"start":{"line":1552,"column":32},"end":{"line":1552,"column":42}},"714":{"start":{"line":1554,"column":12},"end":{"line":1554,"column":49}},"715":{"start":{"line":1561,"column":10},"end":{"line":1592,"column":3}},"716":{"start":{"line":1562,"column":4},"end":{"line":1591,"column":7}},"717":{"start":{"line":1563,"column":18},"end":{"line":1563,"column":53}},"718":{"start":{"line":1564,"column":6},"end":{"line":1590,"column":9}},"719":{"start":{"line":1565,"column":8},"end":{"line":1589,"column":9}},"720":{"start":{"line":1566,"column":10},"end":{"line":1566,"column":25}},"721":{"start":{"line":1567,"column":15},"end":{"line":1589,"column":9}},"722":{"start":{"line":1568,"column":10},"end":{"line":1568,"column":25}},"723":{"start":{"line":1570,"column":23},"end":{"line":1576,"column":11}},"724":{"start":{"line":1578,"column":10},"end":{"line":1588,"column":13}},"725":{"start":{"line":1579,"column":12},"end":{"line":1579,"column":33}},"726":{"start":{"line":1579,"column":21},"end":{"line":1579,"column":33}},"727":{"start":{"line":1580,"column":12},"end":{"line":1587,"column":31}},"728":{"start":{"line":1586,"column":14},"end":{"line":1586,"column":29}},"729":{"start":{"line":1587,"column":17},"end":{"line":1587,"column":31}},"730":{"start":{"line":1594,"column":15},"end":{"line":1602,"column":3}},"731":{"start":{"line":1595,"column":4},"end":{"line":1601,"column":7}},"732":{"start":{"line":1596,"column":18},"end":{"line":1596,"column":40}},"733":{"start":{"line":1597,"column":6},"end":{"line":1600,"column":9}},"734":{"start":{"line":1598,"column":8},"end":{"line":1599,"column":27}},"735":{"start":{"line":1598,"column":17},"end":{"line":1598,"column":29}},"736":{"start":{"line":1599,"column":13},"end":{"line":1599,"column":27}},"737":{"start":{"line":1604,"column":17},"end":{"line":1612,"column":3}},"738":{"start":{"line":1605,"column":4},"end":{"line":1611,"column":7}},"739":{"start":{"line":1606,"column":18},"end":{"line":1606,"column":62}},"740":{"start":{"line":1607,"column":6},"end":{"line":1610,"column":9}},"741":{"start":{"line":1608,"column":8},"end":{"line":1609,"column":27}},"742":{"start":{"line":1608,"column":17},"end":{"line":1608,"column":29}},"743":{"start":{"line":1609,"column":13},"end":{"line":1609,"column":27}},"744":{"start":{"line":1614,"column":22},"end":{"line":1622,"column":3}},"745":{"start":{"line":1615,"column":4},"end":{"line":1621,"column":7}},"746":{"start":{"line":1616,"column":18},"end":{"line":1616,"column":68}},"747":{"start":{"line":1617,"column":6},"end":{"line":1620,"column":9}},"748":{"start":{"line":1618,"column":8},"end":{"line":1619,"column":27}},"749":{"start":{"line":1618,"column":17},"end":{"line":1618,"column":29}},"750":{"start":{"line":1619,"column":13},"end":{"line":1619,"column":27}},"751":{"start":{"line":1624,"column":14},"end":{"line":1632,"column":3}},"752":{"start":{"line":1625,"column":4},"end":{"line":1631,"column":7}},"753":{"start":{"line":1626,"column":18},"end":{"line":1626,"column":53}},"754":{"start":{"line":1627,"column":6},"end":{"line":1630,"column":9}},"755":{"start":{"line":1628,"column":8},"end":{"line":1629,"column":27}},"756":{"start":{"line":1628,"column":17},"end":{"line":1628,"column":29}},"757":{"start":{"line":1629,"column":13},"end":{"line":1629,"column":27}},"758":{"start":{"line":1635,"column":0},"end":{"line":1635,"column":26}}},"fnMap":{"0":{"name":"checkPassword","decl":{"start":{"line":10,"column":9},"end":{"line":10,"column":22}},"loc":{"start":{"line":10,"column":33},"end":{"line":31,"column":1}},"line":10},"1":{"name":"(anonymous_1)","decl":{"start":{"line":34,"column":2},"end":{"line":34,"column":3}},"loc":{"start":{"line":34,"column":22},"end":{"line":38,"column":3}},"line":34},"2":{"name":"(anonymous_2)","decl":{"start":{"line":35,"column":42},"end":{"line":35,"column":43}},"loc":{"start":{"line":35,"column":51},"end":{"line":37,"column":5}},"line":35},"3":{"name":"(anonymous_3)","decl":{"start":{"line":40,"column":23},"end":{"line":40,"column":24}},"loc":{"start":{"line":40,"column":36},"end":{"line":166,"column":3}},"line":40},"4":{"name":"(anonymous_4)","decl":{"start":{"line":44,"column":23},"end":{"line":44,"column":24}},"loc":{"start":{"line":44,"column":44},"end":{"line":165,"column":5}},"line":44},"5":{"name":"(anonymous_5)","decl":{"start":{"line":93,"column":30},"end":{"line":93,"column":31}},"loc":{"start":{"line":93,"column":51},"end":{"line":164,"column":7}},"line":93},"6":{"name":"(anonymous_6)","decl":{"start":{"line":98,"column":30},"end":{"line":98,"column":31}},"loc":{"start":{"line":98,"column":38},"end":{"line":115,"column":9}},"line":98},"7":{"name":"(anonymous_7)","decl":{"start":{"line":117,"column":21},"end":{"line":117,"column":22}},"loc":{"start":{"line":117,"column":28},"end":{"line":149,"column":9}},"line":117},"8":{"name":"(anonymous_8)","decl":{"start":{"line":118,"column":25},"end":{"line":118,"column":26}},"loc":{"start":{"line":118,"column":32},"end":{"line":118,"column":45}},"line":118},"9":{"name":"(anonymous_9)","decl":{"start":{"line":119,"column":35},"end":{"line":119,"column":36}},"loc":{"start":{"line":119,"column":45},"end":{"line":119,"column":61}},"line":119},"10":{"name":"(anonymous_10)","decl":{"start":{"line":124,"column":23},"end":{"line":124,"column":24}},"loc":{"start":{"line":124,"column":30},"end":{"line":133,"column":15}},"line":124},"11":{"name":"(anonymous_11)","decl":{"start":{"line":151,"column":35},"end":{"line":151,"column":36}},"loc":{"start":{"line":151,"column":48},"end":{"line":153,"column":9}},"line":151},"12":{"name":"(anonymous_12)","decl":{"start":{"line":156,"column":22},"end":{"line":156,"column":23}},"loc":{"start":{"line":156,"column":42},"end":{"line":161,"column":9}},"line":156},"13":{"name":"(anonymous_13)","decl":{"start":{"line":298,"column":28},"end":{"line":298,"column":29}},"loc":{"start":{"line":298,"column":41},"end":{"line":385,"column":3}},"line":298},"14":{"name":"(anonymous_14)","decl":{"start":{"line":299,"column":23},"end":{"line":299,"column":24}},"loc":{"start":{"line":299,"column":44},"end":{"line":384,"column":5}},"line":299},"15":{"name":"(anonymous_15)","decl":{"start":{"line":302,"column":34},"end":{"line":302,"column":35}},"loc":{"start":{"line":302,"column":55},"end":{"line":383,"column":7}},"line":302},"16":{"name":"(anonymous_16)","decl":{"start":{"line":305,"column":32},"end":{"line":305,"column":33}},"loc":{"start":{"line":305,"column":40},"end":{"line":323,"column":11}},"line":305},"17":{"name":"(anonymous_17)","decl":{"start":{"line":325,"column":23},"end":{"line":325,"column":24}},"loc":{"start":{"line":325,"column":30},"end":{"line":358,"column":11}},"line":325},"18":{"name":"(anonymous_18)","decl":{"start":{"line":326,"column":27},"end":{"line":326,"column":28}},"loc":{"start":{"line":326,"column":34},"end":{"line":326,"column":47}},"line":326},"19":{"name":"(anonymous_19)","decl":{"start":{"line":327,"column":37},"end":{"line":327,"column":38}},"loc":{"start":{"line":327,"column":47},"end":{"line":327,"column":63}},"line":327},"20":{"name":"(anonymous_20)","decl":{"start":{"line":332,"column":25},"end":{"line":332,"column":26}},"loc":{"start":{"line":332,"column":32},"end":{"line":341,"column":17}},"line":332},"21":{"name":"(anonymous_21)","decl":{"start":{"line":360,"column":35},"end":{"line":360,"column":36}},"loc":{"start":{"line":360,"column":48},"end":{"line":362,"column":11}},"line":360},"22":{"name":"(anonymous_22)","decl":{"start":{"line":365,"column":24},"end":{"line":365,"column":25}},"loc":{"start":{"line":365,"column":44},"end":{"line":370,"column":11}},"line":365},"23":{"name":"(anonymous_23)","decl":{"start":{"line":372,"column":31},"end":{"line":372,"column":32}},"loc":{"start":{"line":372,"column":44},"end":{"line":374,"column":11}},"line":372},"24":{"name":"(anonymous_24)","decl":{"start":{"line":377,"column":24},"end":{"line":377,"column":25}},"loc":{"start":{"line":377,"column":44},"end":{"line":379,"column":11}},"line":377},"25":{"name":"(anonymous_25)","decl":{"start":{"line":388,"column":16},"end":{"line":388,"column":17}},"loc":{"start":{"line":388,"column":24},"end":{"line":396,"column":3}},"line":388},"26":{"name":"(anonymous_26)","decl":{"start":{"line":389,"column":23},"end":{"line":389,"column":24}},"loc":{"start":{"line":389,"column":44},"end":{"line":395,"column":5}},"line":389},"27":{"name":"(anonymous_27)","decl":{"start":{"line":391,"column":29},"end":{"line":391,"column":30}},"loc":{"start":{"line":391,"column":50},"end":{"line":394,"column":7}},"line":391},"28":{"name":"(anonymous_28)","decl":{"start":{"line":398,"column":24},"end":{"line":398,"column":25}},"loc":{"start":{"line":398,"column":37},"end":{"line":406,"column":3}},"line":398},"29":{"name":"(anonymous_29)","decl":{"start":{"line":399,"column":23},"end":{"line":399,"column":24}},"loc":{"start":{"line":399,"column":44},"end":{"line":405,"column":5}},"line":399},"30":{"name":"(anonymous_30)","decl":{"start":{"line":401,"column":34},"end":{"line":401,"column":35}},"loc":{"start":{"line":401,"column":55},"end":{"line":404,"column":7}},"line":401},"31":{"name":"(anonymous_31)","decl":{"start":{"line":408,"column":19},"end":{"line":408,"column":20}},"loc":{"start":{"line":408,"column":32},"end":{"line":416,"column":3}},"line":408},"32":{"name":"(anonymous_32)","decl":{"start":{"line":409,"column":23},"end":{"line":409,"column":24}},"loc":{"start":{"line":409,"column":44},"end":{"line":415,"column":5}},"line":409},"33":{"name":"(anonymous_33)","decl":{"start":{"line":411,"column":34},"end":{"line":411,"column":35}},"loc":{"start":{"line":411,"column":61},"end":{"line":414,"column":7}},"line":411},"34":{"name":"(anonymous_34)","decl":{"start":{"line":418,"column":26},"end":{"line":418,"column":27}},"loc":{"start":{"line":418,"column":39},"end":{"line":436,"column":3}},"line":418},"35":{"name":"(anonymous_35)","decl":{"start":{"line":419,"column":23},"end":{"line":419,"column":24}},"loc":{"start":{"line":419,"column":44},"end":{"line":435,"column":5}},"line":419},"36":{"name":"(anonymous_36)","decl":{"start":{"line":421,"column":34},"end":{"line":421,"column":35}},"loc":{"start":{"line":421,"column":60},"end":{"line":434,"column":7}},"line":421},"37":{"name":"(anonymous_37)","decl":{"start":{"line":438,"column":16},"end":{"line":438,"column":17}},"loc":{"start":{"line":438,"column":29},"end":{"line":446,"column":3}},"line":438},"38":{"name":"(anonymous_38)","decl":{"start":{"line":439,"column":23},"end":{"line":439,"column":24}},"loc":{"start":{"line":439,"column":44},"end":{"line":445,"column":5}},"line":439},"39":{"name":"(anonymous_39)","decl":{"start":{"line":441,"column":34},"end":{"line":441,"column":35}},"loc":{"start":{"line":441,"column":55},"end":{"line":444,"column":7}},"line":441},"40":{"name":"(anonymous_40)","decl":{"start":{"line":448,"column":16},"end":{"line":448,"column":17}},"loc":{"start":{"line":448,"column":29},"end":{"line":456,"column":3}},"line":448},"41":{"name":"(anonymous_41)","decl":{"start":{"line":449,"column":23},"end":{"line":449,"column":24}},"loc":{"start":{"line":449,"column":44},"end":{"line":455,"column":5}},"line":449},"42":{"name":"(anonymous_42)","decl":{"start":{"line":451,"column":34},"end":{"line":451,"column":35}},"loc":{"start":{"line":451,"column":55},"end":{"line":454,"column":7}},"line":451},"43":{"name":"(anonymous_43)","decl":{"start":{"line":458,"column":15},"end":{"line":458,"column":16}},"loc":{"start":{"line":458,"column":27},"end":{"line":466,"column":3}},"line":458},"44":{"name":"(anonymous_44)","decl":{"start":{"line":459,"column":23},"end":{"line":459,"column":24}},"loc":{"start":{"line":459,"column":44},"end":{"line":465,"column":5}},"line":459},"45":{"name":"(anonymous_45)","decl":{"start":{"line":461,"column":33},"end":{"line":461,"column":34}},"loc":{"start":{"line":461,"column":54},"end":{"line":464,"column":7}},"line":461},"46":{"name":"(anonymous_46)","decl":{"start":{"line":468,"column":22},"end":{"line":468,"column":23}},"loc":{"start":{"line":468,"column":30},"end":{"line":476,"column":3}},"line":468},"47":{"name":"(anonymous_47)","decl":{"start":{"line":469,"column":23},"end":{"line":469,"column":24}},"loc":{"start":{"line":469,"column":44},"end":{"line":475,"column":5}},"line":469},"48":{"name":"(anonymous_48)","decl":{"start":{"line":471,"column":29},"end":{"line":471,"column":30}},"loc":{"start":{"line":471,"column":50},"end":{"line":474,"column":7}},"line":471},"49":{"name":"(anonymous_49)","decl":{"start":{"line":478,"column":26},"end":{"line":478,"column":27}},"loc":{"start":{"line":478,"column":34},"end":{"line":486,"column":3}},"line":478},"50":{"name":"(anonymous_50)","decl":{"start":{"line":479,"column":23},"end":{"line":479,"column":24}},"loc":{"start":{"line":479,"column":44},"end":{"line":485,"column":5}},"line":479},"51":{"name":"(anonymous_51)","decl":{"start":{"line":481,"column":29},"end":{"line":481,"column":30}},"loc":{"start":{"line":481,"column":50},"end":{"line":484,"column":7}},"line":481},"52":{"name":"(anonymous_52)","decl":{"start":{"line":488,"column":18},"end":{"line":488,"column":19}},"loc":{"start":{"line":488,"column":24},"end":{"line":496,"column":3}},"line":488},"53":{"name":"(anonymous_53)","decl":{"start":{"line":489,"column":23},"end":{"line":489,"column":24}},"loc":{"start":{"line":489,"column":44},"end":{"line":495,"column":5}},"line":489},"54":{"name":"(anonymous_54)","decl":{"start":{"line":491,"column":27},"end":{"line":491,"column":28}},"loc":{"start":{"line":491,"column":48},"end":{"line":494,"column":7}},"line":491},"55":{"name":"(anonymous_55)","decl":{"start":{"line":498,"column":23},"end":{"line":498,"column":24}},"loc":{"start":{"line":498,"column":53},"end":{"line":507,"column":3}},"line":498},"56":{"name":"(anonymous_56)","decl":{"start":{"line":499,"column":23},"end":{"line":499,"column":24}},"loc":{"start":{"line":499,"column":44},"end":{"line":506,"column":5}},"line":499},"57":{"name":"(anonymous_57)","decl":{"start":{"line":502,"column":51},"end":{"line":502,"column":52}},"loc":{"start":{"line":502,"column":72},"end":{"line":505,"column":7}},"line":502},"58":{"name":"(anonymous_58)","decl":{"start":{"line":509,"column":30},"end":{"line":509,"column":31}},"loc":{"start":{"line":509,"column":68},"end":{"line":522,"column":3}},"line":509},"59":{"name":"(anonymous_59)","decl":{"start":{"line":510,"column":23},"end":{"line":510,"column":24}},"loc":{"start":{"line":510,"column":44},"end":{"line":521,"column":5}},"line":510},"60":{"name":"(anonymous_60)","decl":{"start":{"line":516,"column":8},"end":{"line":516,"column":9}},"loc":{"start":{"line":516,"column":29},"end":{"line":519,"column":9}},"line":516},"61":{"name":"(anonymous_61)","decl":{"start":{"line":524,"column":19},"end":{"line":524,"column":20}},"loc":{"start":{"line":524,"column":49},"end":{"line":533,"column":3}},"line":524},"62":{"name":"(anonymous_62)","decl":{"start":{"line":525,"column":23},"end":{"line":525,"column":24}},"loc":{"start":{"line":525,"column":44},"end":{"line":532,"column":5}},"line":525},"63":{"name":"(anonymous_63)","decl":{"start":{"line":528,"column":51},"end":{"line":528,"column":52}},"loc":{"start":{"line":528,"column":72},"end":{"line":531,"column":7}},"line":528},"64":{"name":"(anonymous_64)","decl":{"start":{"line":535,"column":23},"end":{"line":535,"column":24}},"loc":{"start":{"line":535,"column":57},"end":{"line":544,"column":3}},"line":535},"65":{"name":"(anonymous_65)","decl":{"start":{"line":536,"column":23},"end":{"line":536,"column":24}},"loc":{"start":{"line":536,"column":44},"end":{"line":543,"column":5}},"line":536},"66":{"name":"(anonymous_66)","decl":{"start":{"line":539,"column":55},"end":{"line":539,"column":56}},"loc":{"start":{"line":539,"column":76},"end":{"line":542,"column":7}},"line":539},"67":{"name":"(anonymous_67)","decl":{"start":{"line":546,"column":19},"end":{"line":546,"column":20}},"loc":{"start":{"line":546,"column":49},"end":{"line":555,"column":3}},"line":546},"68":{"name":"(anonymous_68)","decl":{"start":{"line":547,"column":23},"end":{"line":547,"column":24}},"loc":{"start":{"line":547,"column":44},"end":{"line":554,"column":5}},"line":547},"69":{"name":"(anonymous_69)","decl":{"start":{"line":550,"column":51},"end":{"line":550,"column":52}},"loc":{"start":{"line":550,"column":72},"end":{"line":553,"column":7}},"line":550},"70":{"name":"(anonymous_70)","decl":{"start":{"line":557,"column":20},"end":{"line":557,"column":21}},"loc":{"start":{"line":557,"column":37},"end":{"line":565,"column":3}},"line":557},"71":{"name":"(anonymous_71)","decl":{"start":{"line":558,"column":23},"end":{"line":558,"column":24}},"loc":{"start":{"line":558,"column":44},"end":{"line":564,"column":5}},"line":558},"72":{"name":"(anonymous_72)","decl":{"start":{"line":560,"column":38},"end":{"line":560,"column":39}},"loc":{"start":{"line":560,"column":59},"end":{"line":563,"column":7}},"line":560},"73":{"name":"(anonymous_73)","decl":{"start":{"line":567,"column":27},"end":{"line":567,"column":28}},"loc":{"start":{"line":567,"column":40},"end":{"line":576,"column":3}},"line":567},"74":{"name":"(anonymous_74)","decl":{"start":{"line":568,"column":23},"end":{"line":568,"column":24}},"loc":{"start":{"line":568,"column":44},"end":{"line":575,"column":5}},"line":568},"75":{"name":"(anonymous_75)","decl":{"start":{"line":571,"column":34},"end":{"line":571,"column":35}},"loc":{"start":{"line":571,"column":55},"end":{"line":574,"column":7}},"line":571},"76":{"name":"(anonymous_76)","decl":{"start":{"line":578,"column":30},"end":{"line":578,"column":31}},"loc":{"start":{"line":578,"column":43},"end":{"line":594,"column":3}},"line":578},"77":{"name":"(anonymous_77)","decl":{"start":{"line":579,"column":23},"end":{"line":579,"column":24}},"loc":{"start":{"line":579,"column":44},"end":{"line":593,"column":5}},"line":579},"78":{"name":"(anonymous_78)","decl":{"start":{"line":589,"column":34},"end":{"line":589,"column":35}},"loc":{"start":{"line":589,"column":55},"end":{"line":592,"column":7}},"line":589},"79":{"name":"(anonymous_79)","decl":{"start":{"line":596,"column":18},"end":{"line":596,"column":19}},"loc":{"start":{"line":596,"column":48},"end":{"line":605,"column":3}},"line":596},"80":{"name":"(anonymous_80)","decl":{"start":{"line":597,"column":23},"end":{"line":597,"column":24}},"loc":{"start":{"line":597,"column":44},"end":{"line":604,"column":5}},"line":597},"81":{"name":"(anonymous_81)","decl":{"start":{"line":600,"column":51},"end":{"line":600,"column":52}},"loc":{"start":{"line":600,"column":72},"end":{"line":603,"column":7}},"line":600},"82":{"name":"(anonymous_82)","decl":{"start":{"line":607,"column":19},"end":{"line":607,"column":20}},"loc":{"start":{"line":607,"column":27},"end":{"line":615,"column":3}},"line":607},"83":{"name":"(anonymous_83)","decl":{"start":{"line":608,"column":23},"end":{"line":608,"column":24}},"loc":{"start":{"line":608,"column":44},"end":{"line":614,"column":5}},"line":608},"84":{"name":"(anonymous_84)","decl":{"start":{"line":610,"column":29},"end":{"line":610,"column":30}},"loc":{"start":{"line":610,"column":44},"end":{"line":613,"column":7}},"line":610},"85":{"name":"(anonymous_85)","decl":{"start":{"line":617,"column":27},"end":{"line":617,"column":28}},"loc":{"start":{"line":617,"column":35},"end":{"line":625,"column":3}},"line":617},"86":{"name":"(anonymous_86)","decl":{"start":{"line":618,"column":23},"end":{"line":618,"column":24}},"loc":{"start":{"line":618,"column":44},"end":{"line":624,"column":5}},"line":618},"87":{"name":"(anonymous_87)","decl":{"start":{"line":620,"column":29},"end":{"line":620,"column":30}},"loc":{"start":{"line":620,"column":44},"end":{"line":623,"column":7}},"line":620},"88":{"name":"(anonymous_88)","decl":{"start":{"line":627,"column":22},"end":{"line":627,"column":23}},"loc":{"start":{"line":627,"column":30},"end":{"line":635,"column":3}},"line":627},"89":{"name":"(anonymous_89)","decl":{"start":{"line":628,"column":23},"end":{"line":628,"column":24}},"loc":{"start":{"line":628,"column":44},"end":{"line":634,"column":5}},"line":628},"90":{"name":"(anonymous_90)","decl":{"start":{"line":630,"column":29},"end":{"line":630,"column":30}},"loc":{"start":{"line":630,"column":44},"end":{"line":633,"column":7}},"line":630},"91":{"name":"(anonymous_91)","decl":{"start":{"line":637,"column":19},"end":{"line":637,"column":20}},"loc":{"start":{"line":637,"column":32},"end":{"line":645,"column":3}},"line":637},"92":{"name":"(anonymous_92)","decl":{"start":{"line":638,"column":23},"end":{"line":638,"column":24}},"loc":{"start":{"line":638,"column":44},"end":{"line":644,"column":5}},"line":638},"93":{"name":"(anonymous_93)","decl":{"start":{"line":640,"column":34},"end":{"line":640,"column":35}},"loc":{"start":{"line":640,"column":49},"end":{"line":643,"column":7}},"line":640},"94":{"name":"(anonymous_94)","decl":{"start":{"line":647,"column":18},"end":{"line":647,"column":19}},"loc":{"start":{"line":647,"column":26},"end":{"line":655,"column":3}},"line":647},"95":{"name":"(anonymous_95)","decl":{"start":{"line":648,"column":23},"end":{"line":648,"column":24}},"loc":{"start":{"line":648,"column":44},"end":{"line":654,"column":5}},"line":648},"96":{"name":"(anonymous_96)","decl":{"start":{"line":650,"column":29},"end":{"line":650,"column":30}},"loc":{"start":{"line":650,"column":44},"end":{"line":653,"column":7}},"line":650},"97":{"name":"(anonymous_97)","decl":{"start":{"line":657,"column":26},"end":{"line":657,"column":27}},"loc":{"start":{"line":657,"column":56},"end":{"line":666,"column":3}},"line":657},"98":{"name":"(anonymous_98)","decl":{"start":{"line":658,"column":23},"end":{"line":658,"column":24}},"loc":{"start":{"line":658,"column":44},"end":{"line":665,"column":5}},"line":658},"99":{"name":"(anonymous_99)","decl":{"start":{"line":661,"column":51},"end":{"line":661,"column":52}},"loc":{"start":{"line":661,"column":66},"end":{"line":664,"column":7}},"line":661},"100":{"name":"(anonymous_100)","decl":{"start":{"line":668,"column":25},"end":{"line":668,"column":26}},"loc":{"start":{"line":668,"column":33},"end":{"line":676,"column":3}},"line":668},"101":{"name":"(anonymous_101)","decl":{"start":{"line":669,"column":23},"end":{"line":669,"column":24}},"loc":{"start":{"line":669,"column":44},"end":{"line":675,"column":5}},"line":669},"102":{"name":"(anonymous_102)","decl":{"start":{"line":671,"column":29},"end":{"line":671,"column":30}},"loc":{"start":{"line":671,"column":44},"end":{"line":674,"column":7}},"line":671},"103":{"name":"(anonymous_103)","decl":{"start":{"line":678,"column":30},"end":{"line":678,"column":31}},"loc":{"start":{"line":678,"column":64},"end":{"line":687,"column":3}},"line":678},"104":{"name":"(anonymous_104)","decl":{"start":{"line":679,"column":23},"end":{"line":679,"column":24}},"loc":{"start":{"line":679,"column":44},"end":{"line":686,"column":5}},"line":679},"105":{"name":"(anonymous_105)","decl":{"start":{"line":682,"column":55},"end":{"line":682,"column":56}},"loc":{"start":{"line":682,"column":70},"end":{"line":685,"column":7}},"line":682},"106":{"name":"(anonymous_106)","decl":{"start":{"line":689,"column":20},"end":{"line":689,"column":21}},"loc":{"start":{"line":689,"column":33},"end":{"line":710,"column":3}},"line":689},"107":{"name":"(anonymous_107)","decl":{"start":{"line":690,"column":23},"end":{"line":690,"column":24}},"loc":{"start":{"line":690,"column":44},"end":{"line":709,"column":5}},"line":690},"108":{"name":"(anonymous_108)","decl":{"start":{"line":700,"column":36},"end":{"line":700,"column":37}},"loc":{"start":{"line":700,"column":51},"end":{"line":708,"column":7}},"line":700},"109":{"name":"(anonymous_109)","decl":{"start":{"line":712,"column":22},"end":{"line":712,"column":23}},"loc":{"start":{"line":712,"column":52},"end":{"line":721,"column":3}},"line":712},"110":{"name":"(anonymous_110)","decl":{"start":{"line":713,"column":23},"end":{"line":713,"column":24}},"loc":{"start":{"line":713,"column":44},"end":{"line":720,"column":5}},"line":713},"111":{"name":"(anonymous_111)","decl":{"start":{"line":716,"column":51},"end":{"line":716,"column":52}},"loc":{"start":{"line":716,"column":66},"end":{"line":719,"column":7}},"line":716},"112":{"name":"(anonymous_112)","decl":{"start":{"line":723,"column":26},"end":{"line":723,"column":27}},"loc":{"start":{"line":723,"column":60},"end":{"line":732,"column":3}},"line":723},"113":{"name":"(anonymous_113)","decl":{"start":{"line":724,"column":23},"end":{"line":724,"column":24}},"loc":{"start":{"line":724,"column":44},"end":{"line":731,"column":5}},"line":724},"114":{"name":"(anonymous_114)","decl":{"start":{"line":727,"column":55},"end":{"line":727,"column":56}},"loc":{"start":{"line":727,"column":70},"end":{"line":730,"column":7}},"line":727},"115":{"name":"(anonymous_115)","decl":{"start":{"line":734,"column":33},"end":{"line":734,"column":34}},"loc":{"start":{"line":734,"column":63},"end":{"line":743,"column":3}},"line":734},"116":{"name":"(anonymous_116)","decl":{"start":{"line":735,"column":23},"end":{"line":735,"column":24}},"loc":{"start":{"line":735,"column":44},"end":{"line":742,"column":5}},"line":735},"117":{"name":"(anonymous_117)","decl":{"start":{"line":738,"column":51},"end":{"line":738,"column":52}},"loc":{"start":{"line":738,"column":66},"end":{"line":741,"column":7}},"line":738},"118":{"name":"(anonymous_118)","decl":{"start":{"line":745,"column":23},"end":{"line":745,"column":24}},"loc":{"start":{"line":745,"column":40},"end":{"line":753,"column":3}},"line":745},"119":{"name":"(anonymous_119)","decl":{"start":{"line":746,"column":23},"end":{"line":746,"column":24}},"loc":{"start":{"line":746,"column":44},"end":{"line":752,"column":5}},"line":746},"120":{"name":"(anonymous_120)","decl":{"start":{"line":748,"column":38},"end":{"line":748,"column":39}},"loc":{"start":{"line":748,"column":53},"end":{"line":751,"column":7}},"line":748},"121":{"name":"(anonymous_121)","decl":{"start":{"line":755,"column":29},"end":{"line":755,"column":30}},"loc":{"start":{"line":755,"column":40},"end":{"line":763,"column":3}},"line":755},"122":{"name":"(anonymous_122)","decl":{"start":{"line":756,"column":23},"end":{"line":756,"column":24}},"loc":{"start":{"line":756,"column":44},"end":{"line":762,"column":5}},"line":756},"123":{"name":"(anonymous_123)","decl":{"start":{"line":758,"column":32},"end":{"line":758,"column":33}},"loc":{"start":{"line":758,"column":47},"end":{"line":761,"column":7}},"line":758},"124":{"name":"(anonymous_124)","decl":{"start":{"line":765,"column":21},"end":{"line":765,"column":22}},"loc":{"start":{"line":765,"column":51},"end":{"line":773,"column":3}},"line":765},"125":{"name":"(anonymous_125)","decl":{"start":{"line":766,"column":23},"end":{"line":766,"column":24}},"loc":{"start":{"line":766,"column":44},"end":{"line":772,"column":5}},"line":766},"126":{"name":"(anonymous_126)","decl":{"start":{"line":768,"column":51},"end":{"line":768,"column":52}},"loc":{"start":{"line":768,"column":66},"end":{"line":771,"column":7}},"line":768},"127":{"name":"(anonymous_127)","decl":{"start":{"line":777,"column":15},"end":{"line":777,"column":16}},"loc":{"start":{"line":777,"column":46},"end":{"line":816,"column":3}},"line":777},"128":{"name":"(anonymous_128)","decl":{"start":{"line":778,"column":23},"end":{"line":778,"column":24}},"loc":{"start":{"line":778,"column":44},"end":{"line":815,"column":5}},"line":778},"129":{"name":"(anonymous_129)","decl":{"start":{"line":810,"column":8},"end":{"line":810,"column":9}},"loc":{"start":{"line":810,"column":23},"end":{"line":813,"column":9}},"line":810},"130":{"name":"(anonymous_130)","decl":{"start":{"line":818,"column":19},"end":{"line":818,"column":20}},"loc":{"start":{"line":818,"column":59},"end":{"line":872,"column":3}},"line":818},"131":{"name":"(anonymous_131)","decl":{"start":{"line":819,"column":23},"end":{"line":819,"column":24}},"loc":{"start":{"line":819,"column":44},"end":{"line":871,"column":5}},"line":819},"132":{"name":"(anonymous_132)","decl":{"start":{"line":866,"column":8},"end":{"line":866,"column":9}},"loc":{"start":{"line":866,"column":23},"end":{"line":869,"column":9}},"line":866},"133":{"name":"(anonymous_133)","decl":{"start":{"line":874,"column":18},"end":{"line":874,"column":19}},"loc":{"start":{"line":874,"column":41},"end":{"line":889,"column":3}},"line":874},"134":{"name":"(anonymous_134)","decl":{"start":{"line":875,"column":23},"end":{"line":875,"column":24}},"loc":{"start":{"line":875,"column":44},"end":{"line":888,"column":5}},"line":875},"135":{"name":"(anonymous_135)","decl":{"start":{"line":884,"column":44},"end":{"line":884,"column":45}},"loc":{"start":{"line":884,"column":59},"end":{"line":887,"column":7}},"line":884},"136":{"name":"(anonymous_136)","decl":{"start":{"line":891,"column":20},"end":{"line":891,"column":21}},"loc":{"start":{"line
[...]
8},"end":{"line":1241,"column":27}},{"start":{"line":1241,"column":13},"end":{"line":1241,"column":27}}],"line":1240},"116":{"loc":{"start":{"line":1251,"column":8},"end":{"line":1252,"column":27}},"type":"if","locations":[{"start":{"line":1251,"column":8},"end":{"line":1252,"column":27}},{"start":{"line":1252,"column":13},"end":{"line":1252,"column":27}}],"line":1251},"117":{"loc":{"start":{"line":1264,"column":8},"end":{"line":1265,"column":27}},"type":"if","locations":[{"start":{"line":1264,"column":8},"end":{"line":1265,"column":27}},{"start":{"line":1265,"column":13},"end":{"line":1265,"column":27}}],"line":1264},"118":{"loc":{"start":{"line":1277,"column":8},"end":{"line":1278,"column":27}},"type":"if","locations":[{"start":{"line":1277,"column":8},"end":{"line":1278,"column":27}},{"start":{"line":1278,"column":13},"end":{"line":1278,"column":27}}],"line":1277},"119":{"loc":{"start":{"line":1288,"column":8},"end":{"line":1289,"column":27}},"type":"if","locations":[{"start":{"line":1288,"column":8},"end":{"line":1289,"column":27}},{"start":{"line":1289,"column":13},"end":{"line":1289,"column":27}}],"line":1288},"120":{"loc":{"start":{"line":1298,"column":8},"end":{"line":1300,"column":9}},"type":"if","locations":[{"start":{"line":1298,"column":8},"end":{"line":1300,"column":9}},{"start":{},"end":{}}],"line":1298},"121":{"loc":{"start":{"line":1307,"column":8},"end":{"line":1310,"column":9}},"type":"if","locations":[{"start":{"line":1307,"column":8},"end":{"line":1310,"column":9}},{"start":{"line":1308,"column":13},"end":{"line":1310,"column":9}}],"line":1307},"122":{"loc":{"start":{"line":1319,"column":8},"end":{"line":1321,"column":9}},"type":"if","locations":[{"start":{"line":1319,"column":8},"end":{"line":1321,"column":9}},{"start":{},"end":{}}],"line":1319},"123":{"loc":{"start":{"line":1319,"column":12},"end":{"line":1319,"column":71}},"type":"binary-expr","locations":[{"start":{"line":1319,"column":12},"end":{"line":1319,"column":39}},{"start":{"line":1319,"column":43},"end":{"line":1319,"column":71}}],"line":1319},"124":{"loc":{"start":{"line":1329,"column":8},"end":{"line":1332,"column":9}},"type":"if","locations":[{"start":{"line":1329,"column":8},"end":{"line":1332,"column":9}},{"start":{"line":1330,"column":13},"end":{"line":1332,"column":9}}],"line":1329},"125":{"loc":{"start":{"line":1341,"column":8},"end":{"line":1348,"column":9}},"type":"if","locations":[{"start":{"line":1341,"column":8},"end":{"line":1348,"column":9}},{"start":{},"end":{}}],"line":1341},"126":{"loc":{"start":{"line":1342,"column":10},"end":{"line":1345,"column":38}},"type":"binary-expr","locations":[{"start":{"line":1342,"column":10},"end":{"line":1342,"column":37}},{"start":{"line":1343,"column":10},"end":{"line":1343,"column":37}},{"start":{"line":1344,"column":10},"end":{"line":1344,"column":36}},{"start":{"line":1345,"column":10},"end":{"line":1345,"column":38}}],"line":1342},"127":{"loc":{"start":{"line":1355,"column":8},"end":{"line":1358,"column":9}},"type":"if","locations":[{"start":{"line":1355,"column":8},"end":{"line":1358,"column":9}},{"start":{"line":1356,"column":13},"end":{"line":1358,"column":9}}],"line":1355},"128":{"loc":{"start":{"line":1366,"column":8},"end":{"line":1372,"column":9}},"type":"if","locations":[{"start":{"line":1366,"column":8},"end":{"line":1372,"column":9}},{"start":{},"end":{}}],"line":1366},"129":{"loc":{"start":{"line":1367,"column":10},"end":{"line":1369,"column":36}},"type":"binary-expr","locations":[{"start":{"line":1367,"column":10},"end":{"line":1367,"column":37}},{"start":{"line":1368,"column":10},"end":{"line":1368,"column":37}},{"start":{"line":1369,"column":10},"end":{"line":1369,"column":36}}],"line":1367},"130":{"loc":{"start":{"line":1379,"column":8},"end":{"line":1382,"column":9}},"type":"if","locations":[{"start":{"line":1379,"column":8},"end":{"line":1382,"column":9}},{"start":{"line":1380,"column":13},"end":{"line":1382,"column":9}}],"line":1379},"131":{"loc":{"start":{"line":1390,"column":8},"end":{"line":1396,"column":9}},"type":"if","locations":[{"start":{"line":1390,"column":8},"end":{"line":1396,"column":9}},{"start":{},"end":{}}],"line":1390},"132":{"loc":{"start":{"line":1391,"column":10},"end":{"line":1393,"column":36}},"type":"binary-expr","locations":[{"start":{"line":1391,"column":10},"end":{"line":1391,"column":37}},{"start":{"line":1392,"column":10},"end":{"line":1392,"column":37}},{"start":{"line":1393,"column":10},"end":{"line":1393,"column":36}}],"line":1391},"133":{"loc":{"start":{"line":1403,"column":8},"end":{"line":1406,"column":9}},"type":"if","locations":[{"start":{"line":1403,"column":8},"end":{"line":1406,"column":9}},{"start":{"line":1404,"column":13},"end":{"line":1406,"column":9}}],"line":1403},"134":{"loc":{"start":{"line":1415,"column":8},"end":{"line":1417,"column":9}},"type":"if","locations":[{"start":{"line":1415,"column":8},"end":{"line":1417,"column":9}},{"start":{},"end":{}}],"line":1415},"135":{"loc":{"start":{"line":1424,"column":8},"end":{"line":1427,"column":9}},"type":"if","locations":[{"start":{"line":1424,"column":8},"end":{"line":1427,"column":9}},{"start":{"line":1425,"column":13},"end":{"line":1427,"column":9}}],"line":1424},"136":{"loc":{"start":{"line":1436,"column":8},"end":{"line":1438,"column":9}},"type":"if","locations":[{"start":{"line":1436,"column":8},"end":{"line":1438,"column":9}},{"start":{},"end":{}}],"line":1436},"137":{"loc":{"start":{"line":1436,"column":12},"end":{"line":1436,"column":71}},"type":"binary-expr","locations":[{"start":{"line":1436,"column":12},"end":{"line":1436,"column":39}},{"start":{"line":1436,"column":43},"end":{"line":1436,"column":71}}],"line":1436},"138":{"loc":{"start":{"line":1446,"column":8},"end":{"line":1449,"column":9}},"type":"if","locations":[{"start":{"line":1446,"column":8},"end":{"line":1449,"column":9}},{"start":{"line":1447,"column":13},"end":{"line":1449,"column":9}}],"line":1446},"139":{"loc":{"start":{"line":1458,"column":8},"end":{"line":1465,"column":9}},"type":"if","locations":[{"start":{"line":1458,"column":8},"end":{"line":1465,"column":9}},{"start":{},"end":{}}],"line":1458},"140":{"loc":{"start":{"line":1459,"column":10},"end":{"line":1462,"column":38}},"type":"binary-expr","locations":[{"start":{"line":1459,"column":10},"end":{"line":1459,"column":37}},{"start":{"line":1460,"column":10},"end":{"line":1460,"column":37}},{"start":{"line":1461,"column":10},"end":{"line":1461,"column":40}},{"start":{"line":1462,"column":10},"end":{"line":1462,"column":38}}],"line":1459},"141":{"loc":{"start":{"line":1476,"column":10},"end":{"line":1479,"column":11}},"type":"if","locations":[{"start":{"line":1476,"column":10},"end":{"line":1479,"column":11}},{"start":{"line":1477,"column":15},"end":{"line":1479,"column":11}}],"line":1476},"142":{"loc":{"start":{"line":1489,"column":8},"end":{"line":1496,"column":9}},"type":"if","locations":[{"start":{"line":1489,"column":8},"end":{"line":1496,"column":9}},{"start":{},"end":{}}],"line":1489},"143":{"loc":{"start":{"line":1490,"column":10},"end":{"line":1492,"column":36}},"type":"binary-expr","locations":[{"start":{"line":1490,"column":10},"end":{"line":1490,"column":37}},{"start":{"line":1491,"column":10},"end":{"line":1491,"column":37}},{"start":{"line":1492,"column":10},"end":{"line":1492,"column":36}}],"line":1490},"144":{"loc":{"start":{"line":1503,"column":8},"end":{"line":1506,"column":9}},"type":"if","locations":[{"start":{"line":1503,"column":8},"end":{"line":1506,"column":9}},{"start":{"line":1504,"column":13},"end":{"line":1506,"column":9}}],"line":1503},"145":{"loc":{"start":{"line":1541,"column":8},"end":{"line":1543,"column":9}},"type":"if","locations":[{"start":{"line":1541,"column":8},"end":{"line":1543,"column":9}},{"start":{},"end":{}}],"line":1541},"146":{"loc":{"start":{"line":1550,"column":8},"end":{"line":1556,"column":9}},"type":"if","locations":[{"start":{"line":1550,"column":8},"end":{"line":1556,"column":9}},{"start":{"line":1551,"column":13},"end":{"line":1556,"column":9}}],"line":1550},"147":{"loc":{"start":{"line":1552,"column":10},"end":{"line":1555,"column":11}},"type":"if","locations":[{"start":{"line":1552,"column":10},"end":{"line":1555,"column":11}},{"start":{"line":1553,"column":15},"end":{"line":1555,"column":11}}],"line":1552},"148":{"loc":{"start":{"line":1565,"column":8},"end":{"line":1589,"column":9}},"type":"if","locations":[{"start":{"line":1565,"column":8},"end":{"line":1589,"column":9}},{"start":{"line":1567,"column":15},"end":{"line":1589,"column":9}}],"line":1565},"149":{"loc":{"start":{"line":1567,"column":15},"end":{"line":1589,"column":9}},"type":"if","locations":[{"start":{"line":1567,"column":15},"end":{"line":1589,"column":9}},{"start":{"line":1569,"column":15},"end":{"line":1589,"column":9}}],"line":1567},"150":{"loc":{"start":{"line":1579,"column":12},"end":{"line":1579,"column":33}},"type":"if","locations":[{"start":{"line":1579,"column":12},"end":{"line":1579,"column":33}},{"start":{},"end":{}}],"line":1579},"151":{"loc":{"start":{"line":1580,"column":12},"end":{"line":1587,"column":31}},"type":"if","locations":[{"start":{"line":1580,"column":12},"end":{"line":1587,"column":31}},{"start":{"line":1587,"column":17},"end":{"line":1587,"column":31}}],"line":1580},"152":{"loc":{"start":{"line":1598,"column":8},"end":{"line":1599,"column":27}},"type":"if","locations":[{"start":{"line":1598,"column":8},"end":{"line":1599,"column":27}},{"start":{"line":1599,"column":13},"end":{"line":1599,"column":27}}],"line":1598},"153":{"loc":{"start":{"line":1608,"column":8},"end":{"line":1609,"column":27}},"type":"if","locations":[{"start":{"line":1608,"column":8},"end":{"line":1609,"column":27}},{"start":{"line":1609,"column":13},"end":{"line":1609,"column":27}}],"line":1608},"154":{"loc":{"start":{"line":1618,"column":8},"end":{"line":1619,"column":27}},"type":"if","locations":[{"start":{"line":1618,"column":8},"end":{"line":1619,"column":27}},{"start":{"line":1619,"column":13},"end":{"line":1619,"column":27}}],"line":1618},"155":{"loc":{"start":{"line":1628,"column":8},"end":{"line":1629,"column":27}},"type":"if","locations":[{"start":{"line":1628,"column":8},"end":{"line":1629,"column":27}},{"start":{"line":1629,"column":13},"end":{"line":1629,"column":27}}],"line":1628}},"s":{"0":1,"1":1,"2":1,"3":1,"4":1,"5":1,"6":1,"7":1,"8":1,"9":1,"10":1,"11":1,"12":1,"13":1,"14":1,"15":1,"16":1,"17":1,"18":0,"19":1,"20":1,"21":1,"22":1,"23":1,"24":1,"25":1,"26":0,"27":0,"28":0,"29":0,"30":0,"31":0,"32":0,"33":0,"34":0,"35":0,"36":0,"37":0,"38":0,"39":0,"40":0,"41":0,"42":0,"43":0,"44":0,"45":0,"46":0,"47":0,"48":0,"49":0,"50":1,"51":1,"52":1,"53":1,"54":1,"55":0,"56":0,"57":1,"58":100,"59":1,"60":1,"61":100,"62":2500,"63":50,"64":5000,"65":50,"66":0,"67":50,"68":50,"69":100,"70":100,"71":50,"72":1,"73":50,"74":1,"75":1,"76":50,"77":1,"78":1,"79":3,"80":3,"81":3,"82":3,"83":2,"84":1,"85":2,"86":1,"87":1,"88":2,"89":1,"90":1,"91":2,"92":1,"93":0,"94":1,"95":1,"96":2,"97":2,"98":1,"99":1,"100":1,"101":1,"102":1,"103":1,"104":1,"105":1,"106":1,"107":1,"108":1,"109":1,"110":1,"111":1,"112":1,"113":1,"114":1,"115":0,"116":1,"117":1,"118":0,"119":0,"120":0,"121":0,"122":0,"123":0,"124":1,"125":0,"126":0,"127":0,"128":0,"129":0,"130":0,"131":1,"132":51,"133":51,"134":51,"135":51,"136":0,"137":51,"138":43,"139":43,"140":43,"141":8,"142":8,"143":8,"144":1,"145":0,"146":0,"147":0,"148":0,"149":0,"150":0,"151":1,"152":2,"153":2,"154":2,"155":2,"156":0,"157":2,"158":1,"159":1,"160":1,"161":1,"162":1,"163":0,"164":1,"165":1,"166":1,"167":1,"168":1,"169":1,"170":0,"171":1,"172":1,"173":1,"174":1,"175":1,"176":1,"177":0,"178":1,"179":1,"180":0,"181":0,"182":0,"183":0,"184":0,"185":0,"186":1,"187":0,"188":0,"189":0,"190":0,"191":0,"192":0,"193":1,"194":0,"195":0,"196":0,"197":0,"198":0,"199":0,"200":1,"201":2,"202":2,"203":2,"204":2,"205":0,"206":2,"207":1,"208":1,"209":1,"210":1,"211":1,"212":0,"213":1,"214":1,"215":1,"216":1,"217":1,"218":1,"219":0,"220":1,"221":1,"222":3,"223":3,"224":3,"225":3,"226":0,"227":3,"228":1,"229":0,"230":0,"231":0,"232":0,"233":0,"234":0,"235":1,"236":3,"237":3,"238":3,"239":2,"240":0,"241":1,"242":1,"243":1,"244":0,"245":1,"246":1,"247":2,"248":2,"249":2,"250":2,"251":0,"252":2,"253":1,"254":1,"255":1,"256":1,"257":1,"258":0,"259":1,"260":1,"261":1,"262":1,"263":1,"264":1,"265":0,"266":1,"267":1,"268":1,"269":1,"270":1,"271":1,"272":0,"273":1,"274":1,"275":1,"276":1,"277":1,"278":1,"279":0,"280":1,"281":1,"282":1,"283":1,"284":1,"285":1,"286":0,"287":1,"288":1,"289":0,"290":0,"291":0,"292":0,"293":0,"294":0,"295":1,"296":1,"297":1,"298":1,"299":1,"300":0,"301":1,"302":1,"303":0,"304":0,"305":0,"306":0,"307":0,"308":0,"309":1,"310":3,"311":3,"312":3,"313":0,"314":0,"315":3,"316":3,"317":3,"318":0,"319":3,"320":3,"321":0,"322":1,"323":2,"324":2,"325":2,"326":2,"327":0,"328":2,"329":1,"330":1,"331":1,"332":1,"333":1,"334":0,"335":1,"336":1,"337":1,"338":1,"339":1,"340":1,"341":0,"342":1,"343":1,"344":1,"345":1,"346":1,"347":1,"348":0,"349":1,"350":1,"351":1,"352":1,"353":1,"354":1,"355":0,"356":1,"357":1,"358":1,"359":1,"360":1,"361":1,"362":0,"363":1,"364":1,"365":3,"366":3,"367":3,"368":1,"369":1,"370":1,"371":1,"372":1,"373":0,"374":0,"375":0,"376":0,"377":0,"378":0,"379":1,"380":2,"381":2,"382":2,"383":1,"384":1,"385":0,"386":0,"387":0,"388":0,"389":0,"390":0,"391":0,"392":0,"393":0,"394":0,"395":0,"396":0,"397":0,"398":0,"399":0,"400":0,"401":0,"402":0,"403":0,"404":0,"405":0,"406":1,"407":2,"408":2,"409":2,"410":2,"411":0,"412":0,"413":0,"414":0,"415":0,"416":0,"417":1,"418":0,"419":0,"420":0,"421":0,"422":0,"423":0,"424":0,"425":0,"426":0,"427":0,"428":1,"429":3,"430":3,"431":3,"432":1,"433":1,"434":1,"435":1,"436":1,"437":0,"438":1,"439":1,"440":3,"441":3,"442":3,"443":2,"444":0,"445":1,"446":1,"447":1,"448":0,"449":1,"450":1,"451":0,"452":0,"453":0,"454":0,"455":0,"456":0,"457":0,"458":0,"459":0,"460":0,"461":1,"462":3,"463":3,"464":3,"465":1,"466":1,"467":1,"468":1,"469":0,"470":1,"471":1,"472":1,"473":1,"474":1,"475":1,"476":0,"477":1,"478":1,"479":1,"480":3,"481":3,"482":1,"483":1,"484":1,"485":1,"486":0,"487":1,"488":1,"489":3,"490":3,"491":1,"492":1,"493":1,"494":1,"495":0,"496":1,"497":1,"498":3,"499":3,"500":1,"501":1,"502":1,"503":1,"504":0,"505":1,"506":1,"507":1,"508":1,"509":1,"510":1,"511":0,"512":0,"513":0,"514":0,"515":0,"516":0,"517":0,"518":0,"519":0,"520":0,"521":0,"522":0,"523":0,"524":0,"525":0,"526":0,"527":0,"528":0,"529":0,"530":0,"531":0,"532":0,"533":0,"534":0,"535":0,"536":0,"537":0,"538":0,"539":1,"540":1,"541":1,"542":1,"543":1,"544":0,"545":0,"546":1,"547":21,"548":1,"549":1,"550":0,"551":0,"552":0,"553":0,"554":0,"555":0,"556":1,"557":0,"558":0,"559":0,"560":0,"561":0,"562":0,"563":1,"564":0,"565":0,"566":0,"567":0,"568":0,"569":0,"570":1,"571":0,"572":0,"573":0,"574":0,"575":0,"576":0,"577":1,"578":0,"579":0,"580":0,"581":0,"582":0,"583":0,"584":1,"585":0,"586":0,"587":0,"588":0,"589":0,"590":0,"591":0,"592":0,"593":0,"594":0,"595":1,"596":0,"597":0,"598":0,"599":0,"600":0,"601":0,"602":0,"603":0,"604":0,"605":0,"606":1,"607":6,"608":6,"609":6,"610":4,"611":0,"612":2,"613":2,"614":2,"615":0,"616":2,"617":1,"618":3,"619":3,"620":3,"621":2,"622":0,"623":1,"624":1,"625":1,"626":0,"627":1,"628":1,"629":3,"630":3,"631":3,"632":2,"633":0,"634":1,"635":1,"636":1,"637":0,"638":1,"639":1,"640":0,"641":0,"642":0,"643":0,"644":0,"645":0,"646":0,"647":0,"648":0,"649":0,"650":1,"651":0,"652":0,"653":0,"654":0,"655":0,"656":0,"657":0,"658":0,"659":0,"660":0,"661":1,"662":3,"663":3,"664":3,"665":2,"666":0,"667":1,"668":1,"669":1,"670":0,"671":1,"672":1,"673":3,"674":3,"675":3,"676":2,"677":0,"678":1,"679":1,"680":1,"681":0,"682":1,"683":1,"684":0,"685":0,"686":0,"687":0,"688":0,"689":0,"690":0,"691":0,"692":0,"693":0,"694":0,"695":0,"696":0,"697":0,"698":0,"699":0,"700":0,"701":0,"702":1,"703":3,"704":3,"705":3,"706":2,"707":0,"708":1,"709":1,"710":1,"711":0,"712":1,"713":1,"714":0,"715":1,"716":0,"717":0,"718":0,"719":0,"720":0,"721":0,"722":0,"723":0,"724":0,"725":0,"726":0,"727":0,"728":0,"729":0,"730":1,"731":0,"732":0,"733":0,"734":0,"735":0,"736":0,"737":1,"738":0,"739":0,"740":0,"741":0,"742":0,"743":0,"744":1,"745":0,"746":0,"747":0,"748":0,"749":0,"750":0,"751":1,"752":0,"753":0,"754":0,"755":0,"756":0,"757":0,"758":1},"f":{"0":1,"1":1,"2":1,"3":1,"4":1,"5":1,"6":100,"7":100,"8":2500,"9":5000,"10":100,"11":50,"12":50,"13":3,"14":3,"15":3,"16":2,"17":2,"18":1,"19":2,"20":2,"21":1,"22":1,"23":1,"24":1,"25":1,"26":1,"27":1,"28":0,"29":0,"30":0,"31":0,"32":0,"33":0,"34":51,"35":51,"36":51,"37":0,"38":0,"39":0,"40":2,"41":2,"42":2,"43":1,"44":1,"45":1,"46":1,"47":1,"48":1,"49":1,"50":1,"51":1,"52":0,"53":0,"54":0,"55":0,"56":0,"57":0,"58":0,"59":0,"60":0,"61":2,"62":2,"63":2,"64":1,"65":1,"66":1,"67":1,"68":1,"69":1,"70":3,"71":3,"72":3,"73":0,"74":0,"75":0,"76":3,"77":3,"78":1,"79":2,"80":2,"81":2,"82":1,"83":1,"84":1,"85":1,"86":1,"87":1,"88":1,"89":1,"90":1,"91":1,"92":1,"93":1,"94":1,"95":1,"96":1,"97":0,"98":0,"99":0,"100":1,"101":1,"102":1,"103":0,"104":0,"105":0,"106":3,"107":3,"108":3,"109":2,"110":2,"111":2,"112":1,"113":1,"114":1,"115":1,"116":1,"117":1,"118":1,"119":1,"120":1,"121":1,"122":1,"123":1,"124":1,"125":1,"126":1,"127":3,"128":3,"129":0,"130":2,"131":2,"132":0,"133":2,"134":2,"135":0,"136":0,"137":0,"138":0,"139":3,"140":3,"141":1,"142":3,"143":3,"144":1,"145":0,"146":0,"147":0,"148":3,"149":3,"150":1,"151":1,"152":3,"153":3,"154":1,"155":3,"156":3,"157":1,"158":3,"159":3,"160":1,"161":1,"162":1,"163":1,"164":21,"165":0,"166":0,"167":0,"168":0,"169":0,"170":0,"171":0,"172":0,"173":0,"174":0,"175":0,"176":0,"177":0,"178":0,"179":0,"180":0,"181":0,"182":0,"183":0,"184":0,"185":0,"186":6,"187":6,"188":2,"189":3,"190":3,"191":1,"192":3,"193":3,"194":1,"195":0,"196":0,"197":0,"198":0,"199":0,"200":0,"201":3,"202":3,"203":1,"204":3,"205":3,"206":1,"207":0,"208":0,"209":3,"210":3,"211":1,"212":0,"213":0,"214":0,"215":0,"216":0,"217":0,"218":0,"219":0,"220":0,"221":0,"222":0,"223":0,"224":0,"225":0,"226":0,"227":0},"b":{"0":[1,0],"1":[1,0],"2":[1,0],"3":[1,0],"4":[0,1],"5":[0,1],"6":[0,0],"7":[0,0,0,0],"8":[0,0],"9":[0,0,0],"10":[0,0],"11":[0,0],"12":[0,0],"13":[0,0],"14":[0,0],"15":[0,0],"16":[0,0],"17":[0,0],"18":[0,1],"19":[50,50],"20":[0,50],"21":[2,1],"22":[3,3],"23":[1,1],"24":[0,1],"25":[0,1],"26":[0,0],"27":[0,0],"28":[0,51],"29":[43,8],"30":[0,0],"31":[0,2],"32":[0,1],"33":[0,1],"34":[0,1],"35":[0,0],"36":[0,0],"37":[0,0],"38":[0,2],"39":[0,1],"40":[0,1],"41":[0,3],"42":[0,0],"43":[2,1],"44":[0,1],"45":[0,2],"46":[0,1],"47":[0,1],"48":[0,1],"49":[0,1],"50":[0,1],"51":[0,0],"52":[0,1],"53":[0,0],"54":[0,3],"55":[0,3],"56":[3,0],"57":[0,2],"58":[0,1],"59":[0,1],"60":[0,1],"61":[0,1],"62":[0,1],"63":[1,1],"64":[3,1,1,1,1,1],"65":[0,0],"66":[1,0],"67":[2,0,0,0,0],"68":[0,0],"69":[0,0],"70":[0,0],"71":[2,0],"72":[2,0],"73":[0,0],"74":[0,0],"75":[0,0],"76":[0,0],"77":[1,1],"78":[3,1,1],"79":[0,1],"80":[2,1],"81":[3,1,1],"82":[0,1],"83":[0,0],"84":[0,0],"85":[0,0],"86":[1,1],"87":[3,2,2,1,1],"88":[0,1],"89":[0,1],"90":[1,1],"91":[3,1,1,1,1,1,1,1,1,1,1,1,1,1],"92":[0,1],"93":[1,1],"94":[3,2,2,2,2,1,1],"95":[0,1],"96":[1,1],"97":[3,2,1,1,1,1,1],"98":[0,1],"99":[0,1],"100":[0,0],"101":[0,0,0,0],"102":[0,0],"103":[0,0,0],"104":[0,0],"105":[0,0],"106":[0,0],"107":[0,0],"108":[0,0],"109":[0,0],"110":[0,0],"111":[0,0],"112":[0,0],"113":[0,0],"114":[0,1],"115":[0,0],"116":[0,0],"117":[0,0],"118":[0,0],"119":[0,0],"120":[0,0],"121":[0,0],"122":[0,0],"123":[0,0],"124":[0,0],"125":[4,2],"126":[6,2,2,2],"127":[0,2],"128":[2,1],"129":[3,1,1],"130":[0,1],"131":[2,1],"132":[3,1,1],"133":[0,1],"134":[0,0],"135":[0,0],"136":[0,0],"137":[0,0],"138":[0,0],"139":[2,1],"140":[3,1,1,1],"141":[0,1],"142":[2,1],"143":[3,1,1],"144":[0,1],"145":[2,1],"146":[0,1],"147":[1,0],"148":[0,0],"149":[0,0],"150":[0,0],"151":[0,0],"152":[0,0],"153":[0,0],"154":[0,0],"155":[0,0]},"_coverageSchema":"1a1c01bbd47fc00a2c39e90264f33305004495a9","hash":"e41886b3a861c05d7821a391ce87c6d99081e71b"}
}
