{"D:\\SE2_HIKES\\se2022-10-HikeTracker\\backend\\database.js": {"path":"D:\\SE2_HIKES\\se2022-10-HikeTracker\\backend\\database.js","statementMap":{"0":{"start":{"line":3,"column":15},"end":{"line":3,"column":33}},"1":{"start":{"line":4,"column":15},"end":{"line":4,"column":32}},"2":{"start":{"line":5,"column":14},"end":{"line":5,"column":30}},"3":{"start":{"line":6,"column":18},"end":{"line":6,"column":38}},"4":{"start":{"line":11,"column":4},"end":{"line":13,"column":7}},"5":{"start":{"line":12,"column":6},"end":{"line":12,"column":25}},"6":{"start":{"line":12,"column":15},"end":{"line":12,"column":25}},"7":{"start":{"line":16,"column":23},"end":{"line":128,"column":3}},"8":{"start":{"line":17,"column":4},"end":{"line":17,"column":25}},"9":{"start":{"line":18,"column":4},"end":{"line":18,"column":45}},"10":{"start":{"line":20,"column":4},"end":{"line":127,"column":7}},"11":{"start":{"line":22,"column":8},"end":{"line":22,"column":78}},"12":{"start":{"line":23,"column":19},"end":{"line":23,"column":21}},"13":{"start":{"line":24,"column":6},"end":{"line":67,"column":7}},"14":{"start":{"line":25,"column":8},"end":{"line":25,"column":41}},"15":{"start":{"line":26,"column":8},"end":{"line":61,"column":9}},"16":{"start":{"line":27,"column":20},"end":{"line":27,"column":28}},"17":{"start":{"line":28,"column":22},"end":{"line":28,"column":30}},"18":{"start":{"line":29,"column":10},"end":{"line":31,"column":11}},"19":{"start":{"line":30,"column":12},"end":{"line":30,"column":36}},"20":{"start":{"line":32,"column":10},"end":{"line":34,"column":11}},"21":{"start":{"line":33,"column":12},"end":{"line":33,"column":36}},"22":{"start":{"line":35,"column":10},"end":{"line":59,"column":11}},"23":{"start":{"line":36,"column":12},"end":{"line":48,"column":13}},"24":{"start":{"line":37,"column":14},"end":{"line":47,"column":15}},"25":{"start":{"line":38,"column":16},"end":{"line":42,"column":18}},"26":{"start":{"line":43,"column":21},"end":{"line":47,"column":15}},"27":{"start":{"line":44,"column":16},"end":{"line":44,"column":80}},"28":{"start":{"line":46,"column":16},"end":{"line":46,"column":68}},"29":{"start":{"line":49,"column":17},"end":{"line":59,"column":11}},"30":{"start":{"line":50,"column":12},"end":{"line":58,"column":13}},"31":{"start":{"line":51,"column":14},"end":{"line":51,"column":61}},"32":{"start":{"line":52,"column":19},"end":{"line":58,"column":13}},"33":{"start":{"line":53,"column":14},"end":{"line":53,"column":61}},"34":{"start":{"line":54,"column":19},"end":{"line":58,"column":13}},"35":{"start":{"line":55,"column":14},"end":{"line":55,"column":61}},"36":{"start":{"line":56,"column":19},"end":{"line":58,"column":13}},"37":{"start":{"line":57,"column":14},"end":{"line":57,"column":61}},"38":{"start":{"line":60,"column":10},"end":{"line":60,"column":42}},"39":{"start":{"line":62,"column":8},"end":{"line":62,"column":52}},"40":{"start":{"line":63,"column":8},"end":{"line":63,"column":28}},"41":{"start":{"line":65,"column":8},"end":{"line":65,"column":38}},"42":{"start":{"line":66,"column":8},"end":{"line":66,"column":28}},"43":{"start":{"line":69,"column":6},"end":{"line":69,"column":43}},"44":{"start":{"line":70,"column":6},"end":{"line":126,"column":9}},"45":{"start":{"line":71,"column":8},"end":{"line":74,"column":9}},"46":{"start":{"line":72,"column":10},"end":{"line":72,"column":22}},"47":{"start":{"line":73,"column":10},"end":{"line":73,"column":17}},"48":{"start":{"line":75,"column":21},"end":{"line":91,"column":11}},"49":{"start":{"line":75,"column":38},"end":{"line":91,"column":9}},"50":{"start":{"line":92,"column":20},"end":{"line":92,"column":22}},"51":{"start":{"line":93,"column":8},"end":{"line":124,"column":11}},"52":{"start":{"line":94,"column":10},"end":{"line":123,"column":11}},"53":{"start":{"line":94,"column":32},"end":{"line":94,"column":45}},"54":{"start":{"line":95,"column":23},"end":{"line":95,"column":62}},"55":{"start":{"line":95,"column":45},"end":{"line":95,"column":61}},"56":{"start":{"line":96,"column":12},"end":{"line":122,"column":13}},"57":{"start":{"line":97,"column":14},"end":{"line":97,"column":34}},"58":{"start":{"line":99,"column":29},"end":{"line":99,"column":31}},"59":{"start":{"line":100,"column":14},"end":{"line":109,"column":17}},"60":{"start":{"line":101,"column":16},"end":{"line":107,"column":19}},"61":{"start":{"line":108,"column":16},"end":{"line":108,"column":25}},"62":{"start":{"line":110,"column":14},"end":{"line":121,"column":17}},"63":{"start":{"line":125,"column":8},"end":{"line":125,"column":30}},"64":{"start":{"line":131,"column":28},"end":{"line":193,"column":3}},"65":{"start":{"line":132,"column":4},"end":{"line":192,"column":7}},"66":{"start":{"line":133,"column":18},"end":{"line":133,"column":156}},"67":{"start":{"line":134,"column":6},"end":{"line":191,"column":9}},"68":{"start":{"line":135,"column":8},"end":{"line":190,"column":9}},"69":{"start":{"line":135,"column":36},"end":{"line":135,"column":48}},"70":{"start":{"line":137,"column":23},"end":{"line":154,"column":13}},"71":{"start":{"line":137,"column":40},"end":{"line":154,"column":11}},"72":{"start":{"line":155,"column":22},"end":{"line":155,"column":24}},"73":{"start":{"line":156,"column":10},"end":{"line":188,"column":13}},"74":{"start":{"line":157,"column":12},"end":{"line":187,"column":13}},"75":{"start":{"line":157,"column":34},"end":{"line":157,"column":47}},"76":{"start":{"line":158,"column":25},"end":{"line":158,"column":64}},"77":{"start":{"line":158,"column":47},"end":{"line":158,"column":63}},"78":{"start":{"line":159,"column":14},"end":{"line":186,"column":15}},"79":{"start":{"line":160,"column":16},"end":{"line":160,"column":36}},"80":{"start":{"line":162,"column":31},"end":{"line":162,"column":33}},"81":{"start":{"line":163,"column":16},"end":{"line":172,"column":19}},"82":{"start":{"line":164,"column":18},"end":{"line":170,"column":21}},"83":{"start":{"line":171,"column":18},"end":{"line":171,"column":27}},"84":{"start":{"line":173,"column":16},"end":{"line":185,"column":19}},"85":{"start":{"line":189,"column":10},"end":{"line":189,"column":32}},"86":{"start":{"line":197,"column":16},"end":{"line":205,"column":3}},"87":{"start":{"line":198,"column":4},"end":{"line":204,"column":7}},"88":{"start":{"line":199,"column":18},"end":{"line":199,"column":51}},"89":{"start":{"line":200,"column":6},"end":{"line":203,"column":9}},"90":{"start":{"line":201,"column":8},"end":{"line":202,"column":27}},"91":{"start":{"line":201,"column":17},"end":{"line":201,"column":29}},"92":{"start":{"line":202,"column":13},"end":{"line":202,"column":27}},"93":{"start":{"line":207,"column":24},"end":{"line":215,"column":3}},"94":{"start":{"line":208,"column":4},"end":{"line":214,"column":7}},"95":{"start":{"line":209,"column":18},"end":{"line":209,"column":60}},"96":{"start":{"line":210,"column":6},"end":{"line":213,"column":9}},"97":{"start":{"line":211,"column":8},"end":{"line":212,"column":27}},"98":{"start":{"line":211,"column":17},"end":{"line":211,"column":29}},"99":{"start":{"line":212,"column":13},"end":{"line":212,"column":27}},"100":{"start":{"line":217,"column":19},"end":{"line":225,"column":3}},"101":{"start":{"line":218,"column":4},"end":{"line":224,"column":7}},"102":{"start":{"line":219,"column":18},"end":{"line":219,"column":60}},"103":{"start":{"line":220,"column":6},"end":{"line":223,"column":9}},"104":{"start":{"line":221,"column":8},"end":{"line":222,"column":27}},"105":{"start":{"line":221,"column":17},"end":{"line":221,"column":29}},"106":{"start":{"line":222,"column":13},"end":{"line":222,"column":27}},"107":{"start":{"line":227,"column":16},"end":{"line":235,"column":3}},"108":{"start":{"line":228,"column":4},"end":{"line":234,"column":7}},"109":{"start":{"line":229,"column":18},"end":{"line":229,"column":73}},"110":{"start":{"line":230,"column":6},"end":{"line":233,"column":9}},"111":{"start":{"line":231,"column":8},"end":{"line":232,"column":27}},"112":{"start":{"line":231,"column":17},"end":{"line":231,"column":29}},"113":{"start":{"line":232,"column":13},"end":{"line":232,"column":27}},"114":{"start":{"line":237,"column":16},"end":{"line":245,"column":3}},"115":{"start":{"line":238,"column":4},"end":{"line":244,"column":7}},"116":{"start":{"line":239,"column":18},"end":{"line":239,"column":51}},"117":{"start":{"line":240,"column":6},"end":{"line":243,"column":9}},"118":{"start":{"line":241,"column":8},"end":{"line":242,"column":27}},"119":{"start":{"line":241,"column":17},"end":{"line":241,"column":29}},"120":{"start":{"line":242,"column":13},"end":{"line":242,"column":27}},"121":{"start":{"line":247,"column":19},"end":{"line":255,"column":3}},"122":{"start":{"line":248,"column":4},"end":{"line":254,"column":7}},"123":{"start":{"line":249,"column":18},"end":{"line":249,"column":47}},"124":{"start":{"line":250,"column":6},"end":{"line":253,"column":9}},"125":{"start":{"line":251,"column":8},"end":{"line":252,"column":27}},"126":{"start":{"line":251,"column":17},"end":{"line":251,"column":29}},"127":{"start":{"line":252,"column":13},"end":{"line":252,"column":27}},"128":{"start":{"line":257,"column":27},"end":{"line":265,"column":3}},"129":{"start":{"line":258,"column":4},"end":{"line":264,"column":7}},"130":{"start":{"line":259,"column":18},"end":{"line":259,"column":56}},"131":{"start":{"line":260,"column":6},"end":{"line":263,"column":9}},"132":{"start":{"line":261,"column":8},"end":{"line":262,"column":27}},"133":{"start":{"line":261,"column":17},"end":{"line":261,"column":29}},"134":{"start":{"line":262,"column":13},"end":{"line":262,"column":27}},"135":{"start":{"line":267,"column":23},"end":{"line":275,"column":3}},"136":{"start":{"line":268,"column":4},"end":{"line":274,"column":7}},"137":{"start":{"line":269,"column":18},"end":{"line":269,"column":71}},"138":{"start":{"line":270,"column":6},"end":{"line":273,"column":9}},"139":{"start":{"line":271,"column":8},"end":{"line":272,"column":27}},"140":{"start":{"line":271,"column":17},"end":{"line":271,"column":29}},"141":{"start":{"line":272,"column":13},"end":{"line":272,"column":27}},"142":{"start":{"line":277,"column":22},"end":{"line":285,"column":3}},"143":{"start":{"line":278,"column":4},"end":{"line":284,"column":7}},"144":{"start":{"line":279,"column":18},"end":{"line":279,"column":56}},"145":{"start":{"line":280,"column":6},"end":{"line":283,"column":9}},"146":{"start":{"line":281,"column":8},"end":{"line":282,"column":27}},"147":{"start":{"line":281,"column":17},"end":{"line":281,"column":29}},"148":{"start":{"line":282,"column":13},"end":{"line":282,"column":27}},"149":{"start":{"line":287,"column":19},"end":{"line":295,"column":3}},"150":{"start":{"line":288,"column":4},"end":{"line":294,"column":7}},"151":{"start":{"line":289,"column":18},"end":{"line":289,"column":47}},"152":{"start":{"line":290,"column":6},"end":{"line":293,"column":9}},"153":{"start":{"line":291,"column":8},"end":{"line":292,"column":27}},"154":{"start":{"line":291,"column":17},"end":{"line":291,"column":29}},"155":{"start":{"line":292,"column":13},"end":{"line":292,"column":27}},"156":{"start":{"line":300,"column":15},"end":{"line":339,"column":3}},"157":{"start":{"line":301,"column":4},"end":{"line":338,"column":7}},"158":{"start":{"line":302,"column":6},"end":{"line":314,"column":7}},"159":{"start":{"line":303,"column":8},"end":{"line":311,"column":9}},"160":{"start":{"line":310,"column":10},"end":{"line":310,"column":29}},"161":{"start":{"line":313,"column":8},"end":{"line":313,"column":27}},"162":{"start":{"line":315,"column":16},"end":{"line":315,"column":31}},"163":{"start":{"line":316,"column":6},"end":{"line":316,"column":28}},"164":{"start":{"line":317,"column":19},"end":{"line":317,"column":66}},"165":{"start":{"line":318,"column":19},"end":{"line":318,"column":58}},"166":{"start":{"line":319,"column":6},"end":{"line":319,"column":39}},"167":{"start":{"line":320,"column":6},"end":{"line":320,"column":39}},"168":{"start":{"line":322,"column":8},"end":{"line":322,"column":103}},"169":{"start":{"line":323,"column":6},"end":{"line":337,"column":8}},"170":{"start":{"line":334,"column":10},"end":{"line":335,"column":36}},"171":{"start":{"line":334,"column":19},"end":{"line":334,"column":31}},"172":{"start":{"line":335,"column":15},"end":{"line":335,"column":36}},"173":{"start":{"line":341,"column":19},"end":{"line":392,"column":3}},"174":{"start":{"line":342,"column":4},"end":{"line":391,"column":7}},"175":{"start":{"line":343,"column":6},"end":{"line":355,"column":7}},"176":{"start":{"line":344,"column":8},"end":{"line":352,"column":9}},"177":{"start":{"line":351,"column":10},"end":{"line":351,"column":29}},"178":{"start":{"line":354,"column":8},"end":{"line":354,"column":27}},"179":{"start":{"line":356,"column":16},"end":{"line":356,"column":31}},"180":{"start":{"line":357,"column":6},"end":{"line":357,"column":28}},"181":{"start":{"line":358,"column":16},"end":{"line":358,"column":43}},"182":{"start":{"line":359,"column":16},"end":{"line":359,"column":43}},"183":{"start":{"line":361,"column":16},"end":{"line":361,"column":47}},"184":{"start":{"line":362,"column":20},"end":{"line":362,"column":49}},"185":{"start":{"line":363,"column":20},"end":{"line":363,"column":49}},"186":{"start":{"line":365,"column":6},"end":{"line":373,"column":7}},"187":{"start":{"line":366,"column":8},"end":{"line":366,"column":23}},"188":{"start":{"line":367,"column":8},"end":{"line":367,"column":24}},"189":{"start":{"line":368,"column":13},"end":{"line":373,"column":7}},"190":{"start":{"line":369,"column":8},"end":{"line":369,"column":27}},"191":{"start":{"line":370,"column":8},"end":{"line":370,"column":28}},"192":{"start":{"line":372,"column":8},"end":{"line":372,"column":27}},"193":{"start":{"line":375,"column":8},"end":{"line":375,"column":111}},"194":{"start":{"line":376,"column":6},"end":{"line":390,"column":8}},"195":{"start":{"line":387,"column":10},"end":{"line":388,"column":29}},"196":{"start":{"line":387,"column":19},"end":{"line":387,"column":31}},"197":{"start":{"line":388,"column":15},"end":{"line":388,"column":29}},"198":{"start":{"line":395,"column":18},"end":{"line":414,"column":3}},"199":{"start":{"line":396,"column":4},"end":{"line":413,"column":7}},"200":{"start":{"line":397,"column":6},"end":{"line":406,"column":7}},"201":{"start":{"line":398,"column":8},"end":{"line":403,"column":9}},"202":{"start":{"line":402,"column":10},"end":{"line":402,"column":29}},"203":{"start":{"line":405,"column":8},"end":{"line":405,"column":27}},"204":{"start":{"line":407,"column":18},"end":{"line":407,"column":65}},"205":{"start":{"line":408,"column":6},"end":{"line":412,"column":9}},"206":{"start":{"line":409,"column":8},"end":{"line":411,"column":31}},"207":{"start":{"line":409,"column":17},"end":{"line":409,"column":29}},"208":{"start":{"line":411,"column":10},"end":{"line":411,"column":31}},"209":{"start":{"line":416,"column":12},"end":{"line":446,"column":3}},"210":{"start":{"line":417,"column":4},"end":{"line":445,"column":7}},"211":{"start":{"line":418,"column":6},"end":{"line":430,"column":7}},"212":{"start":{"line":419,"column":8},"end":{"line":427,"column":9}},"213":{"start":{"line":426,"column":10},"end":{"line":426,"column":29}},"214":{"start":{"line":429,"column":8},"end":{"line":429,"column":27}},"215":{"start":{"line":431,"column":21},"end":{"line":431,"column":28}},"216":{"start":{"line":432,"column":17},"end":{"line":432,"column":39}},"217":{"start":{"line":433,"column":6},"end":{"line":433,"column":57}},"218":{"start":{"line":434,"column":6},"end":{"line":444,"column":9}},"219":{"start":{"line":435,"column":20},"end":{"line":435,"column":107}},"220":{"start":{"line":436,"column":8},"end":{"line":443,"column":13}},"221":{"start":{"line":438,"column":12},"end":{"line":442,"column":13}},"222":{"start":{"line":438,"column":21},"end":{"line":438,"column":33}},"223":{"start":{"line":440,"column":14},"end":{"line":440,"column":39}},"224":{"start":{"line":441,"column":14},"end":{"line":441,"column":35}},"225":{"start":{"line":449,"column":17},"end":{"line":467,"column":3}},"226":{"start":{"line":450,"column":4},"end":{"line":466,"column":7}},"227":{"start":{"line":451,"column":6},"end":{"line":460,"column":7}},"228":{"start":{"line":452,"column":8},"end":{"line":457,"column":9}},"229":{"start":{"line":456,"column":10},"end":{"line":456,"column":29}},"230":{"start":{"line":459,"column":8},"end":{"line":459,"column":27}},"231":{"start":{"line":461,"column":18},"end":{"line":461,"column":71}},"232":{"start":{"line":462,"column":6},"end":{"line":465,"column":9}},"233":{"start":{"line":463,"column":8},"end":{"line":464,"column":27}},"234":{"start":{"line":463,"column":17},"end":{"line":463,"column":29}},"235":{"start":{"line":464,"column":13},"end":{"line":464,"column":27}},"236":{"start":{"line":469,"column":11},"end":{"line":499,"column":3}},"237":{"start":{"line":470,"column":4},"end":{"line":498,"column":7}},"238":{"start":{"line":471,"column":16},"end":{"line":471,"column":31}},"239":{"start":{"line":472,"column":6},"end":{"line":472,"column":22}},"240":{"start":{"line":477,"column":19},"end":{"line":477,"column":70}},"241":{"start":{"line":478,"column":6},"end":{"line":478,"column":37}},"242":{"start":{"line":480,"column":19},"end":{"line":480,"column":46}},"243":{"start":{"line":481,"column":19},"end":{"line":481,"column":46}},"244":{"start":{"line":482,"column":19},"end":{"line":482,"column":46}},"245":{"start":{"line":483,"column":6},"end":{"line":483,"column":37}},"246":{"start":{"line":485,"column":16},"end":{"line":485,"column":43}},"247":{"start":{"line":486,"column":16},"end":{"line":486,"column":43}},"248":{"start":{"line":488,"column":16},"end":{"line":488,"column":47}},"249":{"start":{"line":489,"column":20},"end":{"line":489,"column":49}},"250":{"start":{"line":490,"column":20},"end":{"line":490,"column":49}},"251":{"start":{"line":493,"column":6},"end":{"line":493,"column":43}},"252":{"start":{"line":494,"column":6},"end":{"line":494,"column":44}},"253":{"start":{"line":495,"column":6},"end":{"line":495,"column":45}},"254":{"start":{"line":496,"column":6},"end":{"line":496,"column":46}},"255":{"start":{"line":501,"column":16},"end":{"line":524,"column":3}},"256":{"start":{"line":502,"column":4},"end":{"line":523,"column":7}},"257":{"start":{"line":503,"column":6},"end":{"line":509,"column":7}},"258":{"start":{"line":504,"column":8},"end":{"line":506,"column":9}},"259":{"start":{"line":505,"column":10},"end":{"line":505,"column":29}},"260":{"start":{"line":508,"column":8},"end":{"line":508,"column":27}},"261":{"start":{"line":510,"column":18},"end":{"line":510,"column":59}},"262":{"start":{"line":512,"column":6},"end":{"line":522,"column":9}},"263":{"start":{"line":513,"column":8},"end":{"line":521,"column":9}},"264":{"start":{"line":514,"column":10},"end":{"line":514,"column":22}},"265":{"start":{"line":516,"column":10},"end":{"line":520,"column":11}},"266":{"start":{"line":517,"column":12},"end":{"line":517,"column":22}},"267":{"start":{"line":519,"column":12},"end":{"line":519,"column":49}},"268":{"start":{"line":526,"column":20},"end":{"line":549,"column":3}},"269":{"start":{"line":527,"column":4},"end":{"line":548,"column":7}},"270":{"start":{"line":528,"column":6},"end":{"line":534,"column":7}},"271":{"start":{"line":529,"column":8},"end":{"line":531,"column":9}},"272":{"start":{"line":530,"column":10},"end":{"line":530,"column":29}},"273":{"start":{"line":533,"column":8},"end":{"line":533,"column":27}},"274":{"start":{"line":535,"column":18},"end":{"line":535,"column":59}},"275":{"start":{"line":537,"column":6},"end":{"line":547,"column":9}},"276":{"start":{"line":538,"column":8},"end":{"line":546,"column":9}},"277":{"start":{"line":539,"column":10},"end":{"line":539,"column":22}},"278":{"start":{"line":541,"column":10},"end":{"line":545,"column":11}},"279":{"start":{"line":542,"column":12},"end":{"line":542,"column":22}},"280":{"start":{"line":544,"column":12},"end":{"line":544,"column":49}},"281":{"start":{"line":551,"column":10},"end":{"line":581,"column":3}},"282":{"start":{"line":552,"column":4},"end":{"line":580,"column":7}},"283":{"start":{"line":553,"column":18},"end":{"line":553,"column":70}},"284":{"start":{"line":554,"column":6},"end":{"line":579,"column":9}},"285":{"start":{"line":555,"column":8},"end":{"line":578,"column":9}},"286":{"start":{"line":556,"column":10},"end":{"line":556,"column":25}},"287":{"start":{"line":557,"column":15},"end":{"line":578,"column":9}},"288":{"start":{"line":558,"column":10},"end":{"line":558,"column":25}},"289":{"start":{"line":560,"column":23},"end":{"line":565,"column":11}},"290":{"start":{"line":567,"column":10},"end":{"line":577,"column":13}},"291":{"start":{"line":568,"column":12},"end":{"line":568,"column":33}},"292":{"start":{"line":568,"column":21},"end":{"line":568,"column":33}},"293":{"start":{"line":569,"column":12},"end":{"line":576,"column":31}},"294":{"start":{"line":575,"column":14},"end":{"line":575,"column":29}},"295":{"start":{"line":576,"column":17},"end":{"line":576,"column":31}},"296":{"start":{"line":584,"column":0},"end":{"line":584,"column":26}}},"fnMap":{"0":{"name":"(anonymous_0)","decl":{"start":{"line":10,"column":2},"end":{"line":10,"column":3}},"loc":{"start":{"line":10,"column":22},"end":{"line":14,"column":3}},"line":10},"1":{"name":"(anonymous_1)","decl":{"start":{"line":11,"column":42},"end":{"line":11,"column":43}},"loc":{"start":{"line":11,"column":51},"end":{"line":13,"column":5}},"line":11},"2":{"name":"(anonymous_2)","decl":{"start":{"line":16,"column":23},"end":{"line":16,"column":24}},"loc":{"start":{"line":16,"column":36},"end":{"line":128,"column":3}},"line":16},"3":{"name":"(anonymous_3)","decl":{"start":{"line":20,"column":23},"end":{"line":20,"column":24}},"loc":{"start":{"line":20,"column":44},"end":{"line":127,"column":5}},"line":20},"4":{"name":"(anonymous_4)","decl":{"start":{"line":70,"column":30},"end":{"line":70,"column":31}},"loc":{"start":{"line":70,"column":45},"end":{"line":126,"column":7}},"line":70},"5":{"name":"(anonymous_5)","decl":{"start":{"line":75,"column":30},"end":{"line":75,"column":31}},"loc":{"start":{"line":75,"column":38},"end":{"line":91,"column":9}},"line":75},"6":{"name":"(anonymous_6)","decl":{"start":{"line":93,"column":21},"end":{"line":93,"column":22}},"loc":{"start":{"line":93,"column":28},"end":{"line":124,"column":9}},"line":93},"7":{"name":"(anonymous_7)","decl":{"start":{"line":94,"column":25},"end":{"line":94,"column":26}},"loc":{"start":{"line":94,"column":32},"end":{"line":94,"column":45}},"line":94},"8":{"name":"(anonymous_8)","decl":{"start":{"line":95,"column":35},"end":{"line":95,"column":36}},"loc":{"start":{"line":95,"column":45},"end":{"line":95,"column":61}},"line":95},"9":{"name":"(anonymous_9)","decl":{"start":{"line":100,"column":23},"end":{"line":100,"column":24}},"loc":{"start":{"line":100,"column":30},"end":{"line":109,"column":15}},"line":100},"10":{"name":"(anonymous_10)","decl":{"start":{"line":131,"column":28},"end":{"line":131,"column":29}},"loc":{"start":{"line":131,"column":41},"end":{"line":193,"column":3}},"line":131},"11":{"name":"(anonymous_11)","decl":{"start":{"line":132,"column":23},"end":{"line":132,"column":24}},"loc":{"start":{"line":132,"column":44},"end":{"line":192,"column":5}},"line":132},"12":{"name":"(anonymous_12)","decl":{"start":{"line":134,"column":34},"end":{"line":134,"column":35}},"loc":{"start":{"line":134,"column":55},"end":{"line":191,"column":7}},"line":134},"13":{"name":"(anonymous_13)","decl":{"start":{"line":137,"column":32},"end":{"line":137,"column":33}},"loc":{"start":{"line":137,"column":40},"end":{"line":154,"column":11}},"line":137},"14":{"name":"(anonymous_14)","decl":{"start":{"line":156,"column":23},"end":{"line":156,"column":24}},"loc":{"start":{"line":156,"column":30},"end":{"line":188,"column":11}},"line":156},"15":{"name":"(anonymous_15)","decl":{"start":{"line":157,"column":27},"end":{"line":157,"column":28}},"loc":{"start":{"line":157,"column":34},"end":{"line":157,"column":47}},"line":157},"16":{"name":"(anonymous_16)","decl":{"start":{"line":158,"column":37},"end":{"line":158,"column":38}},"loc":{"start":{"line":158,"column":47},"end":{"line":158,"column":63}},"line":158},"17":{"name":"(anonymous_17)","decl":{"start":{"line":163,"column":25},"end":{"line":163,"column":26}},"loc":{"start":{"line":163,"column":32},"end":{"line":172,"column":17}},"line":163},"18":{"name":"(anonymous_18)","decl":{"start":{"line":197,"column":16},"end":{"line":197,"column":17}},"loc":{"start":{"line":197,"column":24},"end":{"line":205,"column":3}},"line":197},"19":{"name":"(anonymous_19)","decl":{"start":{"line":198,"column":23},"end":{"line":198,"column":24}},"loc":{"start":{"line":198,"column":44},"end":{"line":204,"column":5}},"line":198},"20":{"name":"(anonymous_20)","decl":{"start":{"line":200,"column":29},"end":{"line":200,"column":30}},"loc":{"start":{"line":200,"column":50},"end":{"line":203,"column":7}},"line":200},"21":{"name":"(anonymous_21)","decl":{"start":{"line":207,"column":24},"end":{"line":207,"column":25}},"loc":{"start":{"line":207,"column":37},"end":{"line":215,"column":3}},"line":207},"22":{"name":"(anonymous_22)","decl":{"start":{"line":208,"column":23},"end":{"line":208,"column":24}},"loc":{"start":{"line":208,"column":44},"end":{"line":214,"column":5}},"line":208},"23":{"name":"(anonymous_23)","decl":{"start":{"line":210,"column":34},"end":{"line":210,"column":35}},"loc":{"start":{"line":210,"column":55},"end":{"line":213,"column":7}},"line":210},"24":{"name":"(anonymous_24)","decl":{"start":{"line":217,"column":19},"end":{"line":217,"column":20}},"loc":{"start":{"line":217,"column":32},"end":{"line":225,"column":3}},"line":217},"25":{"name":"(anonymous_25)","decl":{"start":{"line":218,"column":23},"end":{"line":218,"column":24}},"loc":{"start":{"line":218,"column":44},"end":{"line":224,"column":5}},"line":218},"26":{"name":"(anonymous_26)","decl":{"start":{"line":220,"column":34},"end":{"line":220,"column":35}},"loc":{"start":{"line":220,"column":55},"end":{"line":223,"column":7}},"line":220},"27":{"name":"(anonymous_27)","decl":{"start":{"line":227,"column":16},"end":{"line":227,"column":17}},"loc":{"start":{"line":227,"column":38},"end":{"line":235,"column":3}},"line":227},"28":{"name":"(anonymous_28)","decl":{"start":{"line":228,"column":23},"end":{"line":228,"column":24}},"loc":{"start":{"line":228,"column":44},"end":{"line":234,"column":5}},"line":228},"29":{"name":"(anonymous_29)","decl":{"start":{"line":230,"column":43},"end":{"line":230,"column":44}},"loc":{"start":{"line":230,"column":64},"end":{"line":233,"column":7}},"line":230},"30":{"name":"(anonymous_30)","decl":{"start":{"line":237,"column":16},"end":{"line":237,"column":17}},"loc":{"start":{"line":237,"column":29},"end":{"line":245,"column":3}},"line":237},"31":{"name":"(anonymous_31)","decl":{"start":{"line":238,"column":23},"end":{"line":238,"column":24}},"loc":{"start":{"line":238,"column":44},"end":{"line":244,"column":5}},"line":238},"32":{"name":"(anonymous_32)","decl":{"start":{"line":240,"column":34},"end":{"line":240,"column":35}},"loc":{"start":{"line":240,"column":55},"end":{"line":243,"column":7}},"line":240},"33":{"name":"(anonymous_33)","decl":{"start":{"line":247,"column":19},"end":{"line":247,"column":20}},"loc":{"start":{"line":247,"column":27},"end":{"line":255,"column":3}},"line":247},"34":{"name":"(anonymous_34)","decl":{"start":{"line":248,"column":23},"end":{"line":248,"column":24}},"loc":{"start":{"line":248,"column":44},"end":{"line":254,"column":5}},"line":248},"35":{"name":"(anonymous_35)","decl":{"start":{"line":250,"column":29},"end":{"line":250,"column":30}},"loc":{"start":{"line":250,"column":44},"end":{"line":253,"column":7}},"line":250},"36":{"name":"(anonymous_36)","decl":{"start":{"line":257,"column":27},"end":{"line":257,"column":28}},"loc":{"start":{"line":257,"column":35},"end":{"line":265,"column":3}},"line":257},"37":{"name":"(anonymous_37)","decl":{"start":{"line":258,"column":23},"end":{"line":258,"column":24}},"loc":{"start":{"line":258,"column":44},"end":{"line":264,"column":5}},"line":258},"38":{"name":"(anonymous_38)","decl":{"start":{"line":260,"column":29},"end":{"line":260,"column":30}},"loc":{"start":{"line":260,"column":44},"end":{"line":263,"column":7}},"line":260},"39":{"name":"(anonymous_39)","decl":{"start":{"line":267,"column":23},"end":{"line":267,"column":24}},"loc":{"start":{"line":267,"column":45},"end":{"line":275,"column":3}},"line":267},"40":{"name":"(anonymous_40)","decl":{"start":{"line":268,"column":23},"end":{"line":268,"column":24}},"loc":{"start":{"line":268,"column":44},"end":{"line":274,"column":5}},"line":268},"41":{"name":"(anonymous_41)","decl":{"start":{"line":270,"column":43},"end":{"line":270,"column":44}},"loc":{"start":{"line":270,"column":58},"end":{"line":273,"column":7}},"line":270},"42":{"name":"(anonymous_42)","decl":{"start":{"line":277,"column":22},"end":{"line":277,"column":23}},"loc":{"start":{"line":277,"column":30},"end":{"line":285,"column":3}},"line":277},"43":{"name":"(anonymous_43)","decl":{"start":{"line":278,"column":23},"end":{"line":278,"column":24}},"loc":{"start":{"line":278,"column":44},"end":{"line":284,"column":5}},"line":278},"44":{"name":"(anonymous_44)","decl":{"start":{"line":280,"column":29},"end":{"line":280,"column":30}},"loc":{"start":{"line":280,"column":44},"end":{"line":283,"column":7}},"line":280},"45":{"name":"(anonymous_45)","decl":{"start":{"line":287,"column":19},"end":{"line":287,"column":20}},"loc":{"start":{"line":287,"column":32},"end":{"line":295,"column":3}},"line":287},"46":{"name":"(anonymous_46)","decl":{"start":{"line":288,"column":23},"end":{"line":288,"column":24}},"loc":{"start":{"line":288,"column":44},"end":{"line":294,"column":5}},"line":288},"47":{"name":"(anonymous_47)","decl":{"start":{"line":290,"column":34},"end":{"line":290,"column":35}},"loc":{"start":{"line":290,"column":49},"end":{"line":293,"column":7}},"line":290},"48":{"name":"(anonymous_48)","decl":{"start":{"line":300,"column":15},"end":{"line":300,"column":16}},"loc":{"start":{"line":300,"column":37},"end":{"line":339,"column":3}},"line":300},"49":{"name":"(anonymous_49)","decl":{"start":{"line":301,"column":23},"end":{"line":301,"column":24}},"loc":{"start":{"line":301,"column":44},"end":{"line":338,"column":5}},"line":301},"50":{"name":"(anonymous_50)","decl":{"start":{"line":333,"column":8},"end":{"line":333,"column":9}},"loc":{"start":{"line":333,"column":23},"end":{"line":336,"column":9}},"line":333},"51":{"name":"(anonymous_51)","decl":{"start":{"line":341,"column":19},"end":{"line":341,"column":20}},"loc":{"start":{"line":341,"column":59},"end":{"line":392,"column":3}},"line":341},"52":{"name":"(anonymous_52)","decl":{"start":{"line":342,"column":23},"end":{"line":342,"column":24}},"loc":{"start":{"line":342,"column":44},"end":{"line":391,"column":5}},"line":342},"53":{"name":"(anonymous_53)","decl":{"start":{"line":386,"column":8},"end":{"line":386,"column":9}},"loc":{"start":{"line":386,"column":23},"end":{"line":389,"column":9}},"line":386},"54":{"name":"(anonymous_54)","decl":{"start":{"line":395,"column":18},"end":{"line":395,"column":19}},"loc":{"start":{"line":395,"column":43},"end":{"line":414,"column":3}},"line":395},"55":{"name":"(anonymous_55)","decl":{"start":{"line":396,"column":23},"end":{"line":396,"column":24}},"loc":{"start":{"line":396,"column":44},"end":{"line":413,"column":5}},"line":396},"56":{"name":"(anonymous_56)","decl":{"start":{"line":408,"column":46},"end":{"line":408,"column":47}},"loc":{"start":{"line":408,"column":61},"end":{"line":412,"column":7}},"line":408},"57":{"name":"(anonymous_57)","decl":{"start":{"line":416,"column":12},"end":{"line":416,"column":13}},"loc":{"start":{"line":416,"column":22},"end":{"line":446,"column":3}},"line":416},"58":{"name":"(anonymous_58)","decl":{"start":{"line":417,"column":23},"end":{"line":417,"column":24}},"loc":{"start":{"line":417,"column":44},"end":{"line":445,"column":5}},"line":417},"59":{"name":"(anonymous_59)","decl":{"start":{"line":434,"column":61},"end":{"line":434,"column":62}},"loc":{"start":{"line":434,"column":92},"end":{"line":444,"column":7}},"line":434},"60":{"name":"(anonymous_60)","decl":{"start":{"line":437,"column":121},"end":{"line":437,"column":122}},"loc":{"start":{"line":437,"column":136},"end":{"line":443,"column":11}},"line":437},"61":{"name":"(anonymous_61)","decl":{"start":{"line":449,"column":17},"end":{"line":449,"column":18}},"loc":{"start":{"line":449,"column":39},"end":{"line":467,"column":3}},"line":449},"62":{"name":"(anonymous_62)","decl":{"start":{"line":450,"column":23},"end":{"line":450,"column":24}},"loc":{"start":{"line":450,"column":44},"end":{"line":466,"column":5}},"line":450},"63":{"name":"(anonymous_63)","decl":{"start":{"line":462,"column":43},"end":{"line":462,"column":44}},"loc":{"start":{"line":462,"column":58},"end":{"line":465,"column":7}},"line":462},"64":{"name":"(anonymous_64)","decl":{"start":{"line":469,"column":11},"end":{"line":469,"column":12}},"loc":{"start":{"line":469,"column":21},"end":{"line":499,"column":3}},"line":469},"65":{"name":"(anonymous_65)","decl":{"start":{"line":470,"column":23},"end":{"line":470,"column":24}},"loc":{"start":{"line":470,"column":44},"end":{"line":498,"column":5}},"line":470},"66":{"name":"(anonymous_66)","decl":{"start":{"line":501,"column":16},"end":{"line":501,"column":17}},"loc":{"start":{"line":501,"column":29},"end":{"line":524,"column":3}},"line":501},"67":{"name":"(anonymous_67)","decl":{"start":{"line":502,"column":23},"end":{"line":502,"column":24}},"loc":{"start":{"line":502,"column":44},"end":{"line":523,"column":5}},"line":502},"68":{"name":"(anonymous_68)","decl":{"start":{"line":512,"column":36},"end":{"line":512,"column":37}},"loc":{"start":{"line":512,"column":51},"end":{"line":522,"column":7}},"line":512},"69":{"name":"(anonymous_69)","decl":{"start":{"line":526,"column":20},"end":{"line":526,"column":21}},"loc":{"start":{"line":526,"column":33},"end":{"line":549,"column":3}},"line":526},"70":{"name":"(anonymous_70)","decl":{"start":{"line":527,"column":23},"end":{"line":527,"column":24}},"loc":{"start":{"line":527,"column":44},"end":{"line":548,"column":5}},"line":527},"71":{"name":"(anonymous_71)","decl":{"start":{"line":537,"column":36},"end":{"line":537,"column":37}},"loc":{"start":{"line":537,"column":51},"end":{"line":547,"column":7}},"line":537},"72":{"name":"(anonymous_72)","decl":{"start":{"line":551,"column":10},"end":{"line":551,"column":11}},"loc":{"start":{"line":551,"column":34},"end":{"line":581,"column":3}},"line":551},"73":{"name":"(anonymous_73)","decl":{"start":{"line":552,"column":23},"end":{"line":552,"column":24}},"loc":{"start":{"line":552,"column":44},"end":{"line":580,"column":5}},"line":552},"74":{"name":"(anonymous_74)","decl":{"start":{"line":554,"column":35},"end":{"line":554,"column":36}},"loc":{"start":{"line":554,"column":49},"end":{"line":579,"column":7}},"line":554},"75":{"name":"(anonymous_75)","decl":{"start":{"line":567,"column":48},"end":{"line":567,"column":49}},"loc":{"start":{"line":567,"column":79},"end":{"line":577,"column":11}},"line":567}},"branchMap":{"0":{"loc":{"start":{"line":12,"column":6},"end":{"line":12,"column":25}},"type":"if","locations":[{"start":{"line":12,"column":6},"end":{"line":12,"column":25}},{"start":{},"end":{}}],"line":12},"1":{"loc":{"start":{"line":24,"column":6},"end":{"line":67,"column":7}},"type":"if","locations":[{"start":{"line":24,"column":6},"end":{"line":67,"column":7}},{"start":{"line":64,"column":13},"end":{"line":67,"column":7}}],"line":24},"2":{"loc":{"start":{"line":29,"column":10},"end":{"line":31,"column":11}},"type":"if","locations":[{"start":{"line":29,"column":10},"end":{"line":31,"column":11}},{"start":{},"end":{}}],"line":29},"3":{"loc":{"start":{"line":29,"column":14},"end":{"line":29,"column":52}},"type":"binary-expr","locations":[{"start":{"line":29,"column":14},"end":{"line":29,"column":32}},{"start":{"line":29,"column":36},"end":{"line":29,"column":52}}],"line":29},"4":{"loc":{"start":{"line":32,"column":10},"end":{"line":34,"column":11}},"type":"if","locations":[{"start":{"line":32,"column":10},"end":{"line":34,"column":11}},{"start":{},"end":{}}],"line":32},"5":{"loc":{"start":{"line":32,"column":14},"end":{"line":32,"column":52}},"type":"binary-expr","locations":[{"start":{"line":32,"column":14},"end":{"line":32,"column":32}},{"start":{"line":32,"column":36},"end":{"line":32,"column":52}}],"line":32},"6":{"loc":{"start":{"line":35,"column":10},"end":{"line":59,"column":11}},"type":"if","locations":[{"start":{"line":35,"column":10},"end":{"line":59,"column":11}},{"start":{"line":49,"column":17},"end":{"line":59,"column":11}}],"line":35},"7":{"loc":{"start":{"line":35,"column":14},"end":{"line":35,"column":66}},"type":"binary-expr","locations":[{"start":{"line":35,"column":14},"end":{"line":35,"column":39}},{"start":{"line":35,"column":43},"end":{"line":35,"column":66}}],"line":35},"8":{"loc":{"start":{"line":36,"column":12},"end":{"line":48,"column":13}},"type":"if","locations":[{"start":{"line":36,"column":12},"end":{"line":48,"column":13}},{"start":{},"end":{}}],"line":36},"9":{"loc":{"start":{"line":37,"column":14},"end":{"line":47,"column":15}},"type":"if","locations":[{"start":{"line":37,"column":14},"end":{"line":47,"column":15}},{"start":{"line":43,"column":21},"end":{"line":47,"column":15}}],"line":37},"10":{"loc":{"start":{"line":43,"column":21},"end":{"line":47,"column":15}},"type":"if","locations":[{"start":{"line":43,"column":21},"end":{"line":47,"column":15}},{"start":{"line":45,"column":21},"end":{"line":47,"column":15}}],"line":43},"11":{"loc":{"start":{"line":49,"column":17},"end":{"line":59,"column":11}},"type":"if","locations":[{"start":{"line":49,"column":17},"end":{"line":59,"column":11}},{"start":{},"end":{}}],"line":49},"12":{"loc":{"start":{"line":49,"column":21},"end":{"line":49,"column":73}},"type":"binary-expr","locations":[{"start":{"line":49,"column":21},"end":{"line":49,"column":46}},{"start":{"line":49,"column":50},"end":{"line":49,"column":73}}],"line":49},"13":{"loc":{"start":{"line":50,"column":12},"end":{"line":58,"column":13}},"type":"if","locations":[{"start":{"line":50,"column":12},"end":{"line":58,"column":13}},{"start":{"line":52,"column":19},"end":{"line":58,"column":13}}],"line":50},"14":{"loc":{"start":{"line":52,"column":19},"end":{"line":58,"column":13}},"type":"if","locations":[{"start":{"line":52,"column":19},"end":{"line":58,"column":13}},{"start":{"line":54,"column":19},"end":{"line":58,"column":13}}],"line":52},"15":{"loc":{"start":{"line":54,"column":19},"end":{"line":58,"column":13}},"type":"if","locations":[{"start":{"line":54,"column":19},"end":{"line":58,"column":13}},{"start":{"line":56,"column":19},"end":{"line":58,"column":13}}],"line":54},"16":{"loc":{"start":{"line":56,"column":19},"end":{"line":58,"column":13}},"type":"if","locations":[{"start":{"line":56,"column":19},"end":{"line":58,"column":13}},{"start":{},"end":{}}],"line":56},"17":{"loc":{"start":{"line":71,"column":8},"end":{"line":74,"column":9}},"type":"if","locations":[{"start":{"line":71,"column":8},"end":{"line":74,"column":9}},{"start":{},"end":{}}],"line":71},"18":{"loc":{"start":{"line":94,"column":10},"end":{"line":123,"column":11}},"type":"if","locations":[{"start":{"line":94,"column":10},"end":{"line":123,"column":11}},{"start":{},"end":{}}],"line":94},"19":{"loc":{"start":{"line":96,"column":12},"end":{"line":122,"column":13}},"type":"if","locations":[{"start":{"line":96,"column":12},"end":{"line":122,"column":13}},{"start":{"line":98,"column":19},"end":{"line":122,"column":13}}],"line":96},"20":{"loc":{"start":{"line":135,"column":8},"end":{"line":190,"column":9}},"type":"if","locations":[{"start":{"line":135,"column":8},"end":{"line":190,"column":9}},{"start":{"line":136,"column":13},"end":{"line":190,"column":9}}],"line":135},"21":{"loc":{"start":{"line":135,"column":12},"end":{"line":135,"column":34}},"type":"binary-expr","locations":[{"start":{"line":135,"column":12},"end":{"line":135,"column":15}},{"start":{"line":135,"column":17},"end":{"line":135,"column":34}}],"line":135},"22":{"loc":{"start":{"line":157,"column":12},"end":{"line":187,"column":13}},"type":"if","locations":[{"start":{"line":157,"column":12},"end":{"line":187,"column":13}},{"start":{},"end":{}}],"line":157},"23":{"loc":{"start":{"line":159,"column":14},"end":{"line":186,"column":15}},"type":"if","locations":[{"start":{"line":159,"column":14},"end":{"line":186,"column":15}},{"start":{"line":161,"column":21},"end":{"line":186,"column":15}}],"line":159},"24":{"loc":{"start":{"line":201,"column":8},"end":{"line":202,"column":27}},"type":"if","locations":[{"start":{"line":201,"column":8},"end":{"line":202,"column":27}},{"start":{"line":202,"column":13},"end":{"line":202,"column":27}}],"line":201},"25":{"loc":{"start":{"line":211,"column":8},"end":{"line":212,"column":27}},"type":"if","locations":[{"start":{"line":211,"column":8},"end":{"line":212,"column":27}},{"start":{"line":212,"column":13},"end":{"line":212,"column":27}}],"line":211},"26":{"loc":{"start":{"line":221,"column":8},"end":{"line":222,"column":27}},"type":"if","locations":[{"start":{"line":221,"column":8},"end":{"line":222,"column":27}},{"start":{"line":222,"column":13},"end":{"line":222,"column":27}}],"line":221},"27":{"loc":{"start":{"line":231,"column":8},"end":{"line":232,"column":27}},"type":"if","locations":[{"start":{"line":231,"column":8},"end":{"line":232,"column":27}},{"start":{"line":232,"column":13},"end":{"line":232,"column":27}}],"line":231},"28":{"loc":{"start":{"line":241,"column":8},"end":{"line":242,"column":27}},"type":"if","locations":[{"start":{"line":241,"column":8},"end":{"line":242,"column":27}},{"start":{"line":242,"column":13},"end":{"line":242,"column":27}}],"line":241},"29":{"loc":{"start":{"line":251,"column":8},"end":{"line":252,"column":27}},"type":"if","locations":[{"start":{"line":251,"column":8},"end":{"line":252,"column":27}},{"start":{"line":252,"column":13},"end":{"line":252,"column":27}}],"line":251},"30":{"loc":{"start":{"line":261,"column":8},"end":{"line":262,"column":27}},"type":"if","locations":[{"start":{"line":261,"column":8},"end":{"line":262,"column":27}},{"start":{"line":262,"column":13},"end":{"line":262,"column":27}}],"line":261},"31":{"loc":{"start":{"line":271,"column":8},"end":{"line":272,"column":27}},"type":"if","locations":[{"start":{"line":271,"column":8},"end":{"line":272,"column":27}},{"start":{"line":272,"column":13},"end":{"line":272,"column":27}}],"line":271},"32":{"loc":{"start":{"line":281,"column":8},"end":{"line":282,"column":27}},"type":"if","locations":[{"start":{"line":281,"column":8},"end":{"line":282,"column":27}},{"start":{"line":282,"column":13},"end":{"line":282,"column":27}}],"line":281},"33":{"loc":{"start":{"line":291,"column":8},"end":{"line":292,"column":27}},"type":"if","locations":[{"start":{"line":291,"column":8},"end":{"line":292,"column":27}},{"start":{"line":292,"column":13},"end":{"line":292,"column":27}}],"line":291},"34":{"loc":{"start":{"line":303,"column":8},"end":{"line":311,"column":9}},"type":"if","locations":[{"start":{"line":303,"column":8},"end":{"line":311,"column":9}},{"start":{},"end":{}}],"line":303},"35":{"loc":{"start":{"line":304,"column":10},"end":{"line":308,"column":40}},"type":"binary-expr","locations":[{"start":{"line":304,"column":10},"end":{"line":304,"column":39}},{"start":{"line":305,"column":10},"end":{"line":305,"column":48}},{"start":{"line":306,"column":10},"end":{"line":306,"column":45}},{"start":{"line":307,"column":10},"end":{"line":307,"column":46}},{"start":{"line":308,"column":10},"end":{"line":308,"column":40}}],"line":304},"36":{"loc":{"start":{"line":334,"column":10},"end":{"line":335,"column":36}},"type":"if","locations":[{"start":{"line":334,"column":10},"end":{"line":335,"column":36}},{"start":{"line":335,"column":15},"end":{"line":335,"column":36}}],"line":334},"37":{"loc":{"start":{"line":344,"column":8},"end":{"line":352,"column":9}},"type":"if","locations":[{"start":{"line":344,"column":8},"end":{"line":352,"column":9}},{"start":{},"end":{}}],"line":344},"38":{"loc":{"start":{"line":345,"column":10},"end":{"line":349,"column":37}},"type":"binary-expr","locations":[{"start":{"line":345,"column":10},"end":{"line":345,"column":47}},{"start":{"line":346,"column":10},"end":{"line":346,"column":38}},{"start":{"line":347,"column":10},"end":{"line":347,"column":42}},{"start":{"line":348,"column":10},"end":{"line":348,"column":38}},{"start":{"line":349,"column":10},"end":{"line":349,"column":37}}],"line":345},"39":{"loc":{"start":{"line":365,"column":6},"end":{"line":373,"column":7}},"type":"if","locations":[{"start":{"line":365,"column":6},"end":{"line":373,"column":7}},{"start":{"line":368,"column":13},"end":{"line":373,"column":7}}],"line":365},"40":{"loc":{"start":{"line":368,"column":13},"end":{"line":373,"column":7}},"type":"if","locations":[{"start":{"line":368,"column":13},"end":{"line":373,"column":7}},{"start":{"line":371,"column":13},"end":{"line":373,"column":7}}],"line":368},"41":{"loc":{"start":{"line":387,"column":10},"end":{"line":388,"column":29}},"type":"if","locations":[{"start":{"line":387,"column":10},"end":{"line":388,"column":29}},{"start":{"line":388,"column":15},"end":{"line":388,"column":29}}],"line":387},"42":{"loc":{"start":{"line":398,"column":8},"end":{"line":403,"column":9}},"type":"if","locations":[{"start":{"line":398,"column":8},"end":{"line":403,"column":9}},{"start":{},"end":{}}],"line":398},"43":{"loc":{"start":{"line":399,"column":10},"end":{"line":400,"column":37}},"type":"binary-expr","locations":[{"start":{"line":399,"column":10},"end":{"line":399,"column":40}},{"start":{"line":400,"column":10},"end":{"line":400,"column":37}}],"line":399},"44":{"loc":{"start":{"line":409,"column":8},"end":{"line":411,"column":31}},"type":"if","locations":[{"start":{"line":409,"column":8},"end":{"line":411,"column":31}},{"start":{"line":411,"column":10},"end":{"line":411,"column":31}}],"line":409},"45":{"loc":{"start":{"line":419,"column":8},"end":{"line":427,"column":9}},"type":"if","locations":[{"start":{"line":419,"column":8},"end":{"line":427,"column":9}},{"start":{},"end":{}}],"line":419},"46":{"loc":{"start":{"line":420,"column":10},"end":{"line":424,"column":43}},"type":"binary-expr","locations":[{"start":{"line":420,"column":10},"end":{"line":420,"column":39}},{"start":{"line":421,"column":10},"end":{"line":421,"column":42}},{"start":{"line":422,"column":10},"end":{"line":422,"column":39}},{"start":{"line":423,"column":10},"end":{"line":423,"column":39}},{"start":{"line":424,"column":10},"end":{"line":424,"column":43}}],"line":420},"47":{"loc":{"start":{"line":438,"column":12},"end":{"line":442,"column":13}},"type":"if","locations":[{"start":{"line":438,"column":12},"end":{"line":442,"column":13}},{"start":{"line":439,"column":17},"end":{"line":442,"column":13}}],"line":438},"48":{"loc":{"start":{"line":452,"column":8},"end":{"line":457,"column":9}},"type":"if","locations":[{"start":{"line":452,"column":8},"end":{"line":457,"column":9}},{"start":{},"end":{}}],"line":452},"49":{"loc":{"start":{"line":453,"column":10},"end":{"line":454,"column":37}},"type":"binary-expr","locations":[{"start":{"line":453,"column":10},"end":{"line":453,"column":37}},{"start":{"line":454,"column":10},"end":{"line":454,"column":37}}],"line":453},"50":{"loc":{"start":{"line":463,"column":8},"end":{"line":464,"column":27}},"type":"if","locations":[{"start":{"line":463,"column":8},"end":{"line":464,"column":27}},{"start":{"line":464,"column":13},"end":{"line":464,"column":27}}],"line":463},"51":{"loc":{"start":{"line":504,"column":8},"end":{"line":506,"column":9}},"type":"if","locations":[{"start":{"line":504,"column":8},"end":{"line":506,"column":9}},{"start":{},"end":{}}],"line":504},"52":{"loc":{"start":{"line":513,"column":8},"end":{"line":521,"column":9}},"type":"if","locations":[{"start":{"line":513,"column":8},"end":{"line":521,"column":9}},{"start":{"line":515,"column":13},"end":{"line":521,"column":9}}],"line":513},"53":{"loc":{"start":{"line":516,"column":10},"end":{"line":520,"column":11}},"type":"if","locations":[{"start":{"line":516,"column":10},"end":{"line":520,"column":11}},{"start":{"line":518,"column":15},"end":{"line":520,"column":11}}],"line":516},"54":{"loc":{"start":{"line":529,"column":8},"end":{"line":531,"column":9}},"type":"if","locations":[{"start":{"line":529,"column":8},"end":{"line":531,"column":9}},{"start":{},"end":{}}],"line":529},"55":{"loc":{"start":{"line":538,"column":8},"end":{"line":546,"column":9}},"type":"if","locations":[{"start":{"line":538,"column":8},"end":{"line":546,"column":9}},{"start":{"line":540,"column":13},"end":{"line":546,"column":9}}],"line":538},"56":{"loc":{"start":{"line":541,"column":10},"end":{"line":545,"column":11}},"type":"if","locations":[{"start":{"line":541,"column":10},"end":{"line":545,"column":11}},{"start":{"line":543,"column":15},"end":{"line":545,"column":11}}],"line":541},"57":{"loc":{"start":{"line":555,"column":8},"end":{"line":578,"column":9}},"type":"if","locations":[{"start":{"line":555,"column":8},"end":{"line":578,"column":9}},{"start":{"line":557,"column":15},"end":{"line":578,"column":9}}],"line":555},"58":{"loc":{"start":{"line":557,"column":15},"end":{"line":578,"column":9}},"type":"if","locations":[{"start":{"line":557,"column":15},"end":{"line":578,"column":9}},{"start":{"line":559,"column":15},"end":{"line":578,"column":9}}],"line":557},"59":{"loc":{"start":{"line":568,"column":12},"end":{"line":568,"column":33}},"type":"if","locations":[{"start":{"line":568,"column":12},"end":{"line":568,"column":33}},{"start":{},"end":{}}],"line":568},"60":{"loc":{"start":{"line":569,"column":12},"end":{"line":576,"column":31}},"type":"if","locations":[{"start":{"line":569,"column":12},"end":{"line":576,"column":31}},{"start":{"line":576,"column":17},"end":{"line":576,"column":31}}],"line":569}},"s":{"0":1,"1":1,"2":1,"3":1,"4":1,"5":1,"6":0,"7":1,"8":1,"9":1,"10":1,"11":1,"12":1,"13":1,"14":0,"15":0,"16":0,"17":0,"18":0,"19":0,"20":0,"21":0,"22":0,"23":0,"24":0,"25":0,"26":0,"27":0,"28":0,"29":0,"30":0,"31":0,"32":0,"33":0,"34":0,"35":0,"36":0,"37":0,"38":0,"39":0,"40":0,"41":1,"42":1,"43":1,"44":1,"45":1,"46":0,"47":0,"48":1,"49":50,"50":1,"51":1,"52":50,"53":625,"54":25,"55":1250,"56":25,"57":0,"58":25,"59":25,"60":50,"61":50,"62":25,"63":1,"64":1,"65":3,"66":3,"67":3,"68":3,"69":2,"70":1,"71":2,"72":1,"73":1,"74":2,"75":1,"76":1,"77":2,"78":1,"79":0,"80":1,"81":1,"82":2,"83":2,"84":1,"85":1,"86":1,"87":2,"88":2,"89":2,"90":2,"91":0,"92":2,"93":1,"94":1,"95":1,"96":1,"97":1,"98":0,"99":1,"100":1,"101":1,"102":1,"103":1,"104":1,"105":0,"106":1,"107":1,"108":1,"109":1,"110":1,"111":1,"112":0,"113":1,"114":1,"115":2,"116":2,"117":2,"118":2,"119":0,"120":2,"121":1,"122":1,"123":1,"124":1,"125":1,"126":0,"127":1,"128":1,"129":1,"130":1,"131":1,"132":1,"133":0,"134":1,"135":1,"136":1,"137":1,"138":1,"139":1,"140":0,"141":1,"142":1,"143":1,"144":1,"145":1,"146":1,"147":0,"148":1,"149":1,"150":1,"151":1,"152":1,"153":1,"154":0,"155":1,"156":1,"157":4,"158":4,"159":4,"160":2,"161":1,"162":1,"163":1,"164":1,"165":1,"166":1,"167":1,"168":1,"169":1,"170":1,"171":0,"172":1,"173":1,"174":5,"175":5,"176":5,"177":1,"178":2,"179":2,"180":2,"181":2,"182":2,"183":2,"184":2,"185":2,"186":2,"187":1,"188":1,"189":1,"190":1,"191":1,"192":0,"193":2,"194":2,"195":2,"196":0,"197":2,"198":1,"199":3,"200":3,"201":3,"202":2,"203":0,"204":1,"205":1,"206":1,"207":0,"208":1,"209":1,"210":3,"211":3,"212":3,"213":1,"214":1,"215":1,"216":1,"217":1,"218":1,"219":1,"220":1,"221":1,"222":0,"223":1,"224":1,"225":1,"226":2,"227":2,"228":2,"229":1,"230":0,"231":1,"232":1,"233":1,"234":0,"235":1,"236":1,"237":0,"238":0,"239":0,"240":0,"241":0,"242":0,"243":0,"244":0,"245":0,"246":0,"247":0,"248":0,"249":0,"250":0,"251":0,"252":0,"253":0,"254":0,"255":1,"256":3,"257":3,"258":3,"259":2,"260":0,"261":1,"262":1,"263":1,"264":0,"265":1,"266":1,"267":0,"268":1,"269":3,"270":3,"271":3,"272":0,"273":0,"274":3,"275":3,"276":3,"277":0,"278":3,"279":3,"280":0,"281":1,"282":0,"283":0,"284":0,"285":0,"286":0,"287":0,"288":0,"289":0,"290":0,"291":0,"292":0,"293":0,"294":0,"295":0,"296":1},"f":{"0":1,"1":1,"2":1,"3":1,"4":1,"5":50,"6":50,"7":625,"8":1250,"9":50,"10":3,"11":3,"12":3,"13":2,"14":2,"15":1,"16":2,"17":2,"18":2,"19":2,"20":2,"21":1,"22":1,"23":1,"24":1,"25":1,"26":1,"27":1,"28":1,"29":1,"30":2,"31":2,"32":2,"33":1,"34":1,"35":1,"36":1,"37":1,"38":1,"39":1,"40":1,"41":1,"42":1,"43":1,"44":1,"45":1,"46":1,"47":1,"48":4,"49":4,"50":1,"51":5,"52":5,"53":2,"54":3,"55":3,"56":1,"57":3,"58":3,"59":1,"60":1,"61":2,"62":2,"63":1,"64":0,"65":0,"66":3,"67":3,"68":1,"69":3,"70":3,"71":3,"72":0,"73":0,"74":0,"75":0},"b":{"0":[0,1],"1":[0,1],"2":[0,0],"3":[0,0],"4":[0,0],"5":[0,0],"6":[0,0],"7":[0,0],"8":[0,0],"9":[0,0],"10":[0,0],"11":[0,0],"12":[0,0],"13":[0,0],"14":[0,0],"15":[0,0],"16":[0,0],"17":[0,1],"18":[25,25],"19":[0,25],"20":[2,1],"21":[3,3],"22":[1,1],"23":[0,1],"24":[0,2],"25":[0,1],"26":[0,1],"27":[0,1],"28":[0,2],"29":[0,1],"30":[0,1],"31":[0,1],"32":[0,1],"33":[0,1],"34":[2,1],"35":[4,1,1,1,1],"36":[0,1],"37":[1,2],"38":[5,2,2,2,2],"39":[1,1],"40":[1,0],"41":[0,2],"42":[2,1],"43":[3,1],"44":[0,1],"45":[1,1],"46":[3,2,2,1,1],"47":[0,1],"48":[1,1],"49":[2,1],"50":[0,1],"51":[2,1],"52":[0,1],"53":[1,0],"54":[0,3],"55":[0,3],"56":[3,0],"57":[0,0],"58":[0,0],"59":[0,0],"60":[0,0]},"_coverageSchema":"1a1c01bbd47fc00a2c39e90264f33305004495a9","hash":"5e44ab65c54e447f94ef143223d316078ddfb8b1"}
}
