TN:
SF:database.js
FN:10,checkPassword
FN:34,(anonymous_1)
FN:35,(anonymous_2)
FN:40,(anonymous_3)
FN:44,(anonymous_4)
FN:93,(anonymous_5)
FN:98,(anonymous_6)
FN:116,(anonymous_7)
FN:117,(anonymous_8)
FN:118,(anonymous_9)
FN:123,(anonymous_10)
FN:149,(anonymous_11)
FN:154,(anonymous_12)
FN:166,(anonymous_13)
FN:167,(anonymous_14)
FN:170,(anonymous_15)
FN:173,(anonymous_16)
FN:192,(anonymous_17)
FN:193,(anonymous_18)
FN:194,(anonymous_19)
FN:199,(anonymous_20)
FN:226,(anonymous_21)
FN:231,(anonymous_22)
FN:245,(anonymous_23)
FN:246,(anonymous_24)
FN:248,(anonymous_25)
FN:255,(anonymous_26)
FN:256,(anonymous_27)
FN:258,(anonymous_28)
FN:265,(anonymous_29)
FN:266,(anonymous_30)
FN:268,(anonymous_31)
FN:275,(anonymous_32)
FN:276,(anonymous_33)
FN:278,(anonymous_34)
FN:295,(anonymous_35)
FN:296,(anonymous_36)
FN:298,(anonymous_37)
FN:305,(anonymous_38)
FN:306,(anonymous_39)
FN:308,(anonymous_40)
FN:315,(anonymous_41)
FN:316,(anonymous_42)
FN:318,(anonymous_43)
FN:325,(anonymous_44)
FN:326,(anonymous_45)
FN:328,(anonymous_46)
FN:335,(anonymous_47)
FN:336,(anonymous_48)
FN:339,(anonymous_49)
FN:346,(anonymous_50)
FN:347,(anonymous_51)
FN:353,(anonymous_52)
FN:361,(anonymous_53)
FN:362,(anonymous_54)
FN:364,(anonymous_55)
FN:371,(anonymous_56)
FN:372,(anonymous_57)
FN:374,(anonymous_58)
FN:381,(anonymous_59)
FN:382,(anonymous_60)
FN:384,(anonymous_61)
FN:392,(anonymous_62)
FN:393,(anonymous_63)
FN:395,(anonymous_64)
FN:402,(anonymous_65)
FN:403,(anonymous_66)
FN:405,(anonymous_67)
FN:412,(anonymous_68)
FN:413,(anonymous_69)
FN:415,(anonymous_70)
FN:422,(anonymous_71)
FN:423,(anonymous_72)
FN:425,(anonymous_73)
FN:432,(anonymous_74)
FN:433,(anonymous_75)
FN:435,(anonymous_76)
FN:442,(anonymous_77)
FN:443,(anonymous_78)
FN:446,(anonymous_79)
FN:453,(anonymous_80)
FN:454,(anonymous_81)
FN:456,(anonymous_82)
FN:463,(anonymous_83)
FN:464,(anonymous_84)
FN:467,(anonymous_85)
FN:474,(anonymous_86)
FN:475,(anonymous_87)
FN:485,(anonymous_88)
FN:497,(anonymous_89)
FN:498,(anonymous_90)
FN:500,(anonymous_91)
FN:507,(anonymous_92)
FN:508,(anonymous_93)
FN:510,(anonymous_94)
FN:517,(anonymous_95)
FN:518,(anonymous_96)
FN:520,(anonymous_97)
FN:529,(anonymous_98)
FN:530,(anonymous_99)
FN:562,(anonymous_100)
FN:570,(anonymous_101)
FN:571,(anonymous_102)
FN:618,(anonymous_103)
FN:626,(anonymous_104)
FN:627,(anonymous_105)
FN:636,(anonymous_106)
FN:643,(anonymous_107)
FN:644,(anonymous_108)
FN:653,(anonymous_109)
FN:660,(anonymous_110)
FN:661,(anonymous_111)
FN:684,(anonymous_112)
FN:692,(anonymous_113)
FN:693,(anonymous_114)
FN:714,(anonymous_115)
FN:722,(anonymous_116)
FN:723,(anonymous_117)
FN:749,(anonymous_118)
FN:763,(anonymous_119)
FN:776,(anonymous_120)
FN:777,(anonymous_121)
FN:816,(anonymous_122)
FN:826,(anonymous_123)
FN:827,(anonymous_124)
FN:853,(anonymous_125)
FN:863,(anonymous_126)
FN:864,(anonymous_127)
FN:920,(anonymous_128)
FN:925,(anonymous_129)
FN:948,(anonymous_130)
FN:949,(anonymous_131)
FN:951,(anonymous_132)
FN:959,(anonymous_133)
FN:960,(anonymous_134)
FN:962,(anonymous_135)
FN:970,(anonymous_136)
FN:971,(anonymous_137)
FN:973,(anonymous_138)
FN:981,(anonymous_139)
FN:982,(anonymous_140)
FN:997,(anonymous_141)
FN:1007,(anonymous_142)
FN:1008,(anonymous_143)
FN:1023,(anonymous_144)
FN:1062,(anonymous_145)
FN:1063,(anonymous_146)
FN:1089,(anonymous_147)
FN:1090,(anonymous_148)
FN:1100,(anonymous_149)
FN:1112,(anonymous_150)
FN:1113,(anonymous_151)
FN:1115,(anonymous_152)
FN:1129,(anonymous_153)
FN:1145,(anonymous_154)
FN:1146,(anonymous_155)
FN:1148,(anonymous_156)
FN:1155,(anonymous_157)
FN:1156,(anonymous_158)
FN:1158,(anonymous_159)
FN:1165,(anonymous_160)
FN:1166,(anonymous_161)
FN:1168,(anonymous_162)
FN:1175,(anonymous_163)
FN:1176,(anonymous_164)
FN:1178,(anonymous_165)
FNF:166
FNH:121
FNDA:1,checkPassword
FNDA:1,(anonymous_1)
FNDA:1,(anonymous_2)
FNDA:1,(anonymous_3)
FNDA:1,(anonymous_4)
FNDA:1,(anonymous_5)
FNDA:100,(anonymous_6)
FNDA:100,(anonymous_7)
FNDA:2500,(anonymous_8)
FNDA:5000,(anonymous_9)
FNDA:100,(anonymous_10)
FNDA:50,(anonymous_11)
FNDA:50,(anonymous_12)
FNDA:3,(anonymous_13)
FNDA:3,(anonymous_14)
FNDA:3,(anonymous_15)
FNDA:2,(anonymous_16)
FNDA:2,(anonymous_17)
FNDA:1,(anonymous_18)
FNDA:2,(anonymous_19)
FNDA:2,(anonymous_20)
FNDA:1,(anonymous_21)
FNDA:1,(anonymous_22)
FNDA:2,(anonymous_23)
FNDA:2,(anonymous_24)
FNDA:2,(anonymous_25)
FNDA:1,(anonymous_26)
FNDA:1,(anonymous_27)
FNDA:1,(anonymous_28)
FNDA:1,(anonymous_29)
FNDA:1,(anonymous_30)
FNDA:1,(anonymous_31)
FNDA:51,(anonymous_32)
FNDA:51,(anonymous_33)
FNDA:51,(anonymous_34)
FNDA:0,(anonymous_35)
FNDA:0,(anonymous_36)
FNDA:0,(anonymous_37)
FNDA:2,(anonymous_38)
FNDA:2,(anonymous_39)
FNDA:2,(anonymous_40)
FNDA:1,(anonymous_41)
FNDA:1,(anonymous_42)
FNDA:1,(anonymous_43)
FNDA:1,(anonymous_44)
FNDA:1,(anonymous_45)
FNDA:1,(anonymous_46)
FNDA:0,(anonymous_47)
FNDA:0,(anonymous_48)
FNDA:0,(anonymous_49)
FNDA:0,(anonymous_50)
FNDA:0,(anonymous_51)
FNDA:0,(anonymous_52)
FNDA:1,(anonymous_53)
FNDA:1,(anonymous_54)
FNDA:1,(anonymous_55)
FNDA:1,(anonymous_56)
FNDA:1,(anonymous_57)
FNDA:1,(anonymous_58)
FNDA:3,(anonymous_59)
FNDA:3,(anonymous_60)
FNDA:3,(anonymous_61)
FNDA:1,(anonymous_62)
FNDA:1,(anonymous_63)
FNDA:1,(anonymous_64)
FNDA:1,(anonymous_65)
FNDA:1,(anonymous_66)
FNDA:1,(anonymous_67)
FNDA:1,(anonymous_68)
FNDA:1,(anonymous_69)
FNDA:1,(anonymous_70)
FNDA:1,(anonymous_71)
FNDA:1,(anonymous_72)
FNDA:1,(anonymous_73)
FNDA:1,(anonymous_74)
FNDA:1,(anonymous_75)
FNDA:1,(anonymous_76)
FNDA:0,(anonymous_77)
FNDA:0,(anonymous_78)
FNDA:0,(anonymous_79)
FNDA:1,(anonymous_80)
FNDA:1,(anonymous_81)
FNDA:1,(anonymous_82)
FNDA:0,(anonymous_83)
FNDA:0,(anonymous_84)
FNDA:0,(anonymous_85)
FNDA:3,(anonymous_86)
FNDA:3,(anonymous_87)
FNDA:3,(anonymous_88)
FNDA:1,(anonymous_89)
FNDA:1,(anonymous_90)
FNDA:1,(anonymous_91)
FNDA:1,(anonymous_92)
FNDA:1,(anonymous_93)
FNDA:1,(anonymous_94)
FNDA:1,(anonymous_95)
FNDA:1,(anonymous_96)
FNDA:1,(anonymous_97)
FNDA:3,(anonymous_98)
FNDA:3,(anonymous_99)
FNDA:1,(anonymous_100)
FNDA:4,(anonymous_101)
FNDA:4,(anonymous_102)
FNDA:2,(anonymous_103)
FNDA:3,(anonymous_104)
FNDA:3,(anonymous_105)
FNDA:1,(anonymous_106)
FNDA:0,(anonymous_107)
FNDA:0,(anonymous_108)
FNDA:0,(anonymous_109)
FNDA:3,(anonymous_110)
FNDA:3,(anonymous_111)
FNDA:1,(anonymous_112)
FNDA:3,(anonymous_113)
FNDA:3,(anonymous_114)
FNDA:1,(anonymous_115)
FNDA:3,(anonymous_116)
FNDA:3,(anonymous_117)
FNDA:1,(anonymous_118)
FNDA:1,(anonymous_119)
FNDA:3,(anonymous_120)
FNDA:3,(anonymous_121)
FNDA:1,(anonymous_122)
FNDA:3,(anonymous_123)
FNDA:3,(anonymous_124)
FNDA:1,(anonymous_125)
FNDA:1,(anonymous_126)
FNDA:1,(anonymous_127)
FNDA:1,(anonymous_128)
FNDA:20,(anonymous_129)
FNDA:0,(anonymous_130)
FNDA:0,(anonymous_131)
FNDA:0,(anonymous_132)
FNDA:0,(anonymous_133)
FNDA:0,(anonymous_134)
FNDA:0,(anonymous_135)
FNDA:0,(anonymous_136)
FNDA:0,(anonymous_137)
FNDA:0,(anonymous_138)
FNDA:3,(anonymous_139)
FNDA:3,(anonymous_140)
FNDA:1,(anonymous_141)
FNDA:3,(anonymous_142)
FNDA:3,(anonymous_143)
FNDA:1,(anonymous_144)
FNDA:0,(anonymous_145)
FNDA:0,(anonymous_146)
FNDA:3,(anonymous_147)
FNDA:3,(anonymous_148)
FNDA:1,(anonymous_149)
FNDA:0,(anonymous_150)
FNDA:0,(anonymous_151)
FNDA:0,(anonymous_152)
FNDA:0,(anonymous_153)
FNDA:0,(anonymous_154)
FNDA:0,(anonymous_155)
FNDA:0,(anonymous_156)
FNDA:0,(anonymous_157)
FNDA:0,(anonymous_158)
FNDA:0,(anonymous_159)
FNDA:0,(anonymous_160)
FNDA:0,(anonymous_161)
FNDA:0,(anonymous_162)
FNDA:0,(anonymous_163)
FNDA:0,(anonymous_164)
FNDA:0,(anonymous_165)
DA:3,1
DA:4,1
DA:5,1
DA:6,1
DA:7,1
DA:8,1
DA:11,1
DA:13,1
DA:14,1
DA:18,1
DA:19,1
DA:22,1
DA:23,1
DA:26,1
DA:27,1
DA:30,1
DA:35,1
DA:36,1
DA:40,1
DA:41,1
DA:42,1
DA:44,1
DA:46,1
DA:47,1
DA:48,1
DA:49,0
DA:50,0
DA:51,0
DA:52,0
DA:53,0
DA:59,0
DA:61,0
DA:65,0
DA:66,0
DA:67,0
DA:68,0
DA:70,0
DA:72,0
DA:73,0
DA:74,0
DA:75,0
DA:76,0
DA:77,0
DA:78,0
DA:79,0
DA:80,0
DA:83,0
DA:85,0
DA:86,0
DA:88,1
DA:89,1
DA:92,1
DA:93,1
DA:94,1
DA:95,0
DA:96,0
DA:98,100
DA:115,1
DA:116,1
DA:117,2500
DA:118,5000
DA:119,50
DA:120,0
DA:122,50
DA:123,50
DA:124,100
DA:131,100
DA:133,50
DA:149,1
DA:150,50
DA:152,1
DA:154,1
DA:155,50
DA:161,1
DA:166,1
DA:167,3
DA:169,3
DA:170,3
DA:171,3
DA:173,2
DA:191,1
DA:192,1
DA:193,2
DA:194,2
DA:195,1
DA:196,0
DA:198,1
DA:199,1
DA:200,2
DA:207,2
DA:209,1
DA:226,1
DA:227,1
DA:229,1
DA:231,1
DA:232,1
DA:238,1
DA:245,1
DA:246,2
DA:247,2
DA:248,2
DA:249,2
DA:250,2
DA:255,1
DA:256,1
DA:257,1
DA:258,1
DA:259,1
DA:260,1
DA:265,1
DA:266,1
DA:267,1
DA:268,1
DA:269,1
DA:270,1
DA:275,1
DA:276,51
DA:277,51
DA:278,51
DA:279,51
DA:281,51
DA:282,43
DA:283,43
DA:284,43
DA:287,8
DA:288,8
DA:290,8
DA:295,1
DA:296,0
DA:297,0
DA:298,0
DA:299,0
DA:300,0
DA:305,1
DA:306,2
DA:307,2
DA:308,2
DA:309,2
DA:310,2
DA:315,1
DA:316,1
DA:317,1
DA:318,1
DA:319,1
DA:320,1
DA:325,1
DA:326,1
DA:327,1
DA:328,1
DA:329,1
DA:330,1
DA:335,1
DA:336,0
DA:338,0
DA:339,0
DA:340,0
DA:341,0
DA:346,1
DA:347,0
DA:349,0
DA:350,0
DA:354,0
DA:355,0
DA:361,1
DA:362,1
DA:363,1
DA:364,1
DA:365,1
DA:366,1
DA:371,1
DA:372,1
DA:373,1
DA:374,1
DA:375,1
DA:376,1
DA:381,1
DA:382,3
DA:383,3
DA:384,3
DA:385,3
DA:386,3
DA:392,1
DA:393,1
DA:394,1
DA:395,1
DA:396,1
DA:397,1
DA:402,1
DA:403,1
DA:404,1
DA:405,1
DA:406,1
DA:407,1
DA:412,1
DA:413,1
DA:414,1
DA:415,1
DA:416,1
DA:417,1
DA:422,1
DA:423,1
DA:424,1
DA:425,1
DA:426,1
DA:427,1
DA:432,1
DA:433,1
DA:434,1
DA:435,1
DA:436,1
DA:437,1
DA:442,1
DA:443,0
DA:445,0
DA:446,0
DA:447,0
DA:448,0
DA:453,1
DA:454,1
DA:455,1
DA:456,1
DA:457,1
DA:458,1
DA:463,1
DA:464,0
DA:466,0
DA:467,0
DA:468,0
DA:469,0
DA:474,1
DA:475,3
DA:476,3
DA:477,3
DA:478,0
DA:481,0
DA:483,3
DA:485,3
DA:486,3
DA:488,3
DA:490,0
DA:497,1
DA:498,1
DA:499,1
DA:500,1
DA:501,1
DA:502,1
DA:507,1
DA:508,1
DA:509,1
DA:510,1
DA:511,1
DA:512,1
DA:517,1
DA:518,1
DA:519,1
DA:520,1
DA:521,1
DA:522,1
DA:529,1
DA:530,3
DA:531,3
DA:532,3
DA:540,1
DA:543,1
DA:545,1
DA:546,1
DA:547,1
DA:548,1
DA:550,1
DA:551,1
DA:563,1
DA:564,1
DA:570,1
DA:571,4
DA:572,4
DA:573,4
DA:580,1
DA:583,1
DA:585,2
DA:586,2
DA:587,2
DA:588,2
DA:590,2
DA:591,2
DA:592,2
DA:594,2
DA:595,1
DA:596,1
DA:597,1
DA:598,1
DA:599,1
DA:600,1
DA:601,1
DA:603,0
DA:606,2
DA:607,2
DA:619,2
DA:620,2
DA:626,1
DA:627,3
DA:628,3
DA:629,3
DA:630,2
DA:633,0
DA:635,1
DA:636,1
DA:637,1
DA:638,1
DA:643,1
DA:644,0
DA:645,0
DA:646,0
DA:647,0
DA:650,0
DA:652,0
DA:653,0
DA:654,0
DA:655,0
DA:660,1
DA:661,3
DA:662,3
DA:663,3
DA:669,1
DA:672,1
DA:675,1
DA:676,1
DA:685,1
DA:686,1
DA:692,1
DA:693,3
DA:694,3
DA:695,3
DA:700,2
DA:703,0
DA:706,1
DA:707,1
DA:715,1
DA:716,1
DA:722,1
DA:723,3
DA:724,3
DA:725,3
DA:732,1
DA:735,1
DA:738,1
DA:739,1
DA:740,0
DA:743,1
DA:744,1
DA:745,1
DA:751,1
DA:752,1
DA:764,1
DA:766,1
DA:767,1
DA:776,1
DA:777,3
DA:778,3
DA:794,1
DA:797,1
DA:798,1
DA:817,1
DA:819,1
DA:826,1
DA:827,3
DA:828,3
DA:837,1
DA:841,1
DA:842,1
DA:854,1
DA:856,1
DA:863,1
DA:864,1
DA:865,1
DA:866,1
DA:867,1
DA:868,0
DA:869,0
DA:870,0
DA:871,0
DA:872,0
DA:878,0
DA:880,0
DA:884,0
DA:885,0
DA:886,0
DA:887,0
DA:888,0
DA:889,0
DA:890,0
DA:891,0
DA:893,0
DA:895,0
DA:896,0
DA:898,0
DA:899,0
DA:901,0
DA:902,0
DA:904,0
DA:905,0
DA:907,0
DA:910,0
DA:912,0
DA:913,0
DA:915,1
DA:916,1
DA:919,1
DA:920,1
DA:921,1
DA:922,0
DA:923,0
DA:925,20
DA:942,1
DA:948,1
DA:949,0
DA:950,0
DA:951,0
DA:952,0
DA:953,0
DA:959,1
DA:960,0
DA:961,0
DA:962,0
DA:963,0
DA:964,0
DA:970,1
DA:971,0
DA:972,0
DA:973,0
DA:974,0
DA:975,0
DA:981,1
DA:982,3
DA:983,3
DA:984,3
DA:990,2
DA:993,0
DA:995,1
DA:996,1
DA:998,1
DA:1000,1
DA:1007,1
DA:1008,3
DA:1009,3
DA:1010,3
DA:1016,2
DA:1019,0
DA:1021,1
DA:1022,1
DA:1024,1
DA:1026,1
DA:1062,1
DA:1063,0
DA:1064,0
DA:1065,0
DA:1067,0
DA:1068,0
DA:1070,0
DA:1071,0
DA:1072,0
DA:1073,0
DA:1075,0
DA:1076,0
DA:1078,0
DA:1079,0
DA:1080,0
DA:1082,0
DA:1083,0
DA:1084,0
DA:1085,0
DA:1089,1
DA:1090,3
DA:1091,3
DA:1092,3
DA:1093,2
DA:1096,0
DA:1098,1
DA:1100,1
DA:1101,1
DA:1103,1
DA:1105,0
DA:1112,1
DA:1113,0
DA:1114,0
DA:1115,0
DA:1116,0
DA:1117,0
DA:1118,0
DA:1119,0
DA:1121,0
DA:1129,0
DA:1130,0
DA:1131,0
DA:1137,0
DA:1138,0
DA:1145,1
DA:1146,0
DA:1147,0
DA:1148,0
DA:1149,0
DA:1150,0
DA:1155,1
DA:1156,0
DA:1157,0
DA:1158,0
DA:1159,0
DA:1160,0
DA:1165,1
DA:1166,0
DA:1167,0
DA:1168,0
DA:1169,0
DA:1170,0
DA:1175,1
DA:1176,0
DA:1177,0
DA:1178,0
DA:1179,0
DA:1180,0
DA:1186,1
LF:520
LH:351
BRDA:13,0,0,1
BRDA:13,0,1,0
BRDA:18,1,0,1
BRDA:18,1,1,0
BRDA:22,2,0,1
BRDA:22,2,1,0
BRDA:26,3,0,1
BRDA:26,3,1,0
BRDA:36,4,0,0
BRDA:36,4,1,1
BRDA:48,5,0,0
BRDA:48,5,1,1
BRDA:53,6,0,0
BRDA:53,6,1,0
BRDA:54,7,0,0
BRDA:54,7,1,0
BRDA:54,7,2,0
BRDA:54,7,3,0
BRDA:61,8,0,0
BRDA:61,8,1,0
BRDA:62,9,0,0
BRDA:62,9,1,0
BRDA:62,9,2,0
BRDA:65,10,0,0
BRDA:65,10,1,0
BRDA:67,11,0,0
BRDA:67,11,1,0
BRDA:72,12,0,0
BRDA:72,12,1,0
BRDA:72,13,0,0
BRDA:72,13,1,0
BRDA:73,14,0,0
BRDA:73,14,1,0
BRDA:75,15,0,0
BRDA:75,15,1,0
BRDA:77,16,0,0
BRDA:77,16,1,0
BRDA:79,17,0,0
BRDA:79,17,1,0
BRDA:94,18,0,0
BRDA:94,18,1,1
BRDA:117,19,0,50
BRDA:117,19,1,50
BRDA:119,20,0,0
BRDA:119,20,1,50
BRDA:171,21,0,2
BRDA:171,21,1,1
BRDA:171,22,0,3
BRDA:171,22,1,3
BRDA:193,23,0,1
BRDA:193,23,1,1
BRDA:195,24,0,0
BRDA:195,24,1,1
BRDA:249,25,0,0
BRDA:249,25,1,2
BRDA:259,26,0,0
BRDA:259,26,1,1
BRDA:269,27,0,0
BRDA:269,27,1,1
BRDA:279,28,0,0
BRDA:279,28,1,51
BRDA:281,29,0,43
BRDA:281,29,1,8
BRDA:299,30,0,0
BRDA:299,30,1,0
BRDA:309,31,0,0
BRDA:309,31,1,2
BRDA:319,32,0,0
BRDA:319,32,1,1
BRDA:329,33,0,0
BRDA:329,33,1,1
BRDA:340,34,0,0
BRDA:340,34,1,0
BRDA:354,35,0,0
BRDA:354,35,1,0
BRDA:365,36,0,0
BRDA:365,36,1,1
BRDA:375,37,0,0
BRDA:375,37,1,1
BRDA:385,38,0,0
BRDA:385,38,1,3
BRDA:396,39,0,0
BRDA:396,39,1,1
BRDA:406,40,0,0
BRDA:406,40,1,1
BRDA:416,41,0,0
BRDA:416,41,1,1
BRDA:426,42,0,0
BRDA:426,42,1,1
BRDA:436,43,0,0
BRDA:436,43,1,1
BRDA:447,44,0,0
BRDA:447,44,1,0
BRDA:457,45,0,0
BRDA:457,45,1,1
BRDA:468,46,0,0
BRDA:468,46,1,0
BRDA:477,47,0,0
BRDA:477,47,1,3
BRDA:486,48,0,0
BRDA:486,48,1,3
BRDA:488,49,0,3
BRDA:488,49,1,0
BRDA:501,50,0,0
BRDA:501,50,1,1
BRDA:511,51,0,0
BRDA:511,51,1,1
BRDA:521,52,0,0
BRDA:521,52,1,1
BRDA:532,53,0,1
BRDA:532,53,1,1
BRDA:533,54,0,3
BRDA:533,54,1,1
BRDA:533,54,2,1
BRDA:533,54,3,1
BRDA:533,54,4,1
BRDA:533,54,5,1
BRDA:563,55,0,0
BRDA:563,55,1,1
BRDA:573,56,0,1
BRDA:573,56,1,2
BRDA:574,57,0,4
BRDA:574,57,1,2
BRDA:574,57,2,2
BRDA:574,57,3,2
BRDA:574,57,4,2
BRDA:594,58,0,1
BRDA:594,58,1,1
BRDA:598,59,0,1
BRDA:598,59,1,0
BRDA:619,60,0,0
BRDA:619,60,1,2
BRDA:629,61,0,2
BRDA:629,61,1,1
BRDA:629,62,0,3
BRDA:629,62,1,1
BRDA:637,63,0,0
BRDA:637,63,1,1
BRDA:646,64,0,0
BRDA:646,64,1,0
BRDA:646,65,0,0
BRDA:646,65,1,0
BRDA:654,66,0,0
BRDA:654,66,1,0
BRDA:663,67,0,1
BRDA:663,67,1,1
BRDA:664,68,0,3
BRDA:664,68,1,1
BRDA:664,68,2,1
BRDA:664,68,3,1
BRDA:685,69,0,0
BRDA:685,69,1,1
BRDA:695,70,0,2
BRDA:695,70,1,1
BRDA:696,71,0,3
BRDA:696,71,1,1
BRDA:696,71,2,1
BRDA:715,72,0,0
BRDA:715,72,1,1
BRDA:725,73,0,1
BRDA:725,73,1,1
BRDA:726,74,0,3
BRDA:726,74,1,2
BRDA:726,74,2,2
BRDA:726,74,3,1
BRDA:726,74,4,1
BRDA:739,75,0,0
BRDA:739,75,1,1
BRDA:764,76,0,0
BRDA:764,76,1,1
BRDA:778,77,0,1
BRDA:778,77,1,1
BRDA:779,78,0,3
BRDA:779,78,1,1
BRDA:779,78,2,1
BRDA:779,78,3,1
BRDA:779,78,4,1
BRDA:779,78,5,1
BRDA:779,78,6,1
BRDA:779,78,7,1
BRDA:779,78,8,1
BRDA:779,78,9,1
BRDA:779,78,10,1
BRDA:779,78,11,1
BRDA:779,78,12,1
BRDA:779,78,13,1
BRDA:817,79,0,0
BRDA:817,79,1,1
BRDA:828,80,0,1
BRDA:828,80,1,1
BRDA:829,81,0,3
BRDA:829,81,1,2
BRDA:829,81,2,2
BRDA:829,81,3,2
BRDA:829,81,4,2
BRDA:829,81,5,1
BRDA:829,81,6,1
BRDA:854,82,0,0
BRDA:854,82,1,1
BRDA:867,83,0,0
BRDA:867,83,1,1
BRDA:872,84,0,0
BRDA:872,84,1,0
BRDA:873,85,0,0
BRDA:873,85,1,0
BRDA:873,85,2,0
BRDA:873,85,3,0
BRDA:880,86,0,0
BRDA:880,86,1,0
BRDA:881,87,0,0
BRDA:881,87,1,0
BRDA:881,87,2,0
BRDA:884,88,0,0
BRDA:884,88,1,0
BRDA:886,89,0,0
BRDA:886,89,1,0
BRDA:888,90,0,0
BRDA:888,90,1,0
BRDA:890,91,0,0
BRDA:890,91,1,0
BRDA:895,92,0,0
BRDA:895,92,1,0
BRDA:895,93,0,0
BRDA:895,93,1,0
BRDA:896,94,0,0
BRDA:896,94,1,0
BRDA:899,95,0,0
BRDA:899,95,1,0
BRDA:902,96,0,0
BRDA:902,96,1,0
BRDA:905,97,0,0
BRDA:905,97,1,0
BRDA:921,98,0,0
BRDA:921,98,1,1
BRDA:952,99,0,0
BRDA:952,99,1,0
BRDA:963,100,0,0
BRDA:963,100,1,0
BRDA:974,101,0,0
BRDA:974,101,1,0
BRDA:984,102,0,2
BRDA:984,102,1,1
BRDA:985,103,0,3
BRDA:985,103,1,1
BRDA:985,103,2,1
BRDA:985,103,3,1
BRDA:998,104,0,0
BRDA:998,104,1,1
BRDA:1010,105,0,2
BRDA:1010,105,1,1
BRDA:1011,106,0,3
BRDA:1011,106,1,1
BRDA:1011,106,2,1
BRDA:1011,106,3,1
BRDA:1024,107,0,0
BRDA:1024,107,1,1
BRDA:1092,108,0,2
BRDA:1092,108,1,1
BRDA:1101,109,0,0
BRDA:1101,109,1,1
BRDA:1103,110,0,1
BRDA:1103,110,1,0
BRDA:1116,111,0,0
BRDA:1116,111,1,0
BRDA:1118,112,0,0
BRDA:1118,112,1,0
BRDA:1130,113,0,0
BRDA:1130,113,1,0
BRDA:1131,114,0,0
BRDA:1131,114,1,0
BRDA:1149,115,0,0
BRDA:1149,115,1,0
BRDA:1159,116,0,0
BRDA:1159,116,1,0
BRDA:1169,117,0,0
BRDA:1169,117,1,0
BRDA:1179,118,0,0
BRDA:1179,118,1,0
BRF:278
BRH:135
end_of_record
