TN:
SF:database.js
FN:8,(anonymous_0)
FN:9,(anonymous_1)
FN:14,(anonymous_2)
FN:18,(anonymous_3)
FN:68,(anonymous_4)
FN:73,(anonymous_5)
FN:92,(anonymous_6)
FN:93,(anonymous_7)
FN:94,(anonymous_8)
FN:101,(anonymous_9)
FN:132,(anonymous_10)
FN:133,(anonymous_11)
FN:135,(anonymous_12)
FN:142,(anonymous_13)
FN:143,(anonymous_14)
FN:145,(anonymous_15)
FN:152,(anonymous_16)
FN:153,(anonymous_17)
FN:155,(anonymous_18)
FN:162,(anonymous_19)
FN:163,(anonymous_20)
FN:165,(anonymous_21)
FN:172,(anonymous_22)
FN:173,(anonymous_23)
FN:175,(anonymous_24)
FN:182,(anonymous_25)
FN:183,(anonymous_26)
FN:185,(anonymous_27)
FN:192,(anonymous_28)
FN:193,(anonymous_29)
FN:224,(anonymous_30)
FN:232,(anonymous_31)
FN:233,(anonymous_32)
FN:245,(anonymous_33)
FN:252,(anonymous_34)
FN:253,(anonymous_35)
FN:280,(anonymous_36)
FN:289,(anonymous_37)
FN:290,(anonymous_38)
FN:292,(anonymous_39)
FN:302,(anonymous_40)
FN:303,(anonymous_41)
FN:305,(anonymous_42)
FN:322,(anonymous_43)
FN:323,(anonymous_44)
FN:325,(anonymous_45)
FN:338,(anonymous_46)
FNF:47
FNH:37
FNDA:1,(anonymous_0)
FNDA:1,(anonymous_1)
FNDA:1,(anonymous_2)
FNDA:1,(anonymous_3)
FNDA:1,(anonymous_4)
FNDA:50,(anonymous_5)
FNDA:50,(anonymous_6)
FNDA:625,(anonymous_7)
FNDA:1250,(anonymous_8)
FNDA:50,(anonymous_9)
FNDA:2,(anonymous_10)
FNDA:2,(anonymous_11)
FNDA:2,(anonymous_12)
FNDA:1,(anonymous_13)
FNDA:1,(anonymous_14)
FNDA:1,(anonymous_15)
FNDA:1,(anonymous_16)
FNDA:1,(anonymous_17)
FNDA:1,(anonymous_18)
FNDA:1,(anonymous_19)
FNDA:1,(anonymous_20)
FNDA:1,(anonymous_21)
FNDA:1,(anonymous_22)
FNDA:1,(anonymous_23)
FNDA:1,(anonymous_24)
FNDA:1,(anonymous_25)
FNDA:1,(anonymous_26)
FNDA:1,(anonymous_27)
FNDA:2,(anonymous_28)
FNDA:2,(anonymous_29)
FNDA:1,(anonymous_30)
FNDA:2,(anonymous_31)
FNDA:2,(anonymous_32)
FNDA:1,(anonymous_33)
FNDA:5,(anonymous_34)
FNDA:5,(anonymous_35)
FNDA:2,(anonymous_36)
FNDA:0,(anonymous_37)
FNDA:0,(anonymous_38)
FNDA:0,(anonymous_39)
FNDA:0,(anonymous_40)
FNDA:0,(anonymous_41)
FNDA:0,(anonymous_42)
FNDA:0,(anonymous_43)
FNDA:0,(anonymous_44)
FNDA:0,(anonymous_45)
FNDA:0,(anonymous_46)
DA:3,1
DA:4,1
DA:5,1
DA:9,1
DA:10,1
DA:14,1
DA:15,1
DA:16,1
DA:18,1
DA:20,1
DA:21,1
DA:22,1
DA:23,0
DA:24,0
DA:25,0
DA:26,0
DA:27,0
DA:28,0
DA:30,0
DA:31,0
DA:33,0
DA:34,0
DA:35,0
DA:36,0
DA:41,0
DA:42,0
DA:44,0
DA:47,0
DA:48,0
DA:49,0
DA:50,0
DA:51,0
DA:52,0
DA:53,0
DA:54,0
DA:55,0
DA:58,0
DA:60,0
DA:61,0
DA:63,1
DA:64,1
DA:67,1
DA:68,1
DA:69,1
DA:70,0
DA:71,0
DA:73,50
DA:91,1
DA:92,1
DA:93,625
DA:94,1250
DA:97,25
DA:98,0
DA:100,25
DA:101,25
DA:102,50
DA:109,50
DA:111,25
DA:126,1
DA:132,1
DA:133,2
DA:134,2
DA:135,2
DA:136,2
DA:137,2
DA:142,1
DA:143,1
DA:144,1
DA:145,1
DA:146,1
DA:147,1
DA:152,1
DA:153,1
DA:154,1
DA:155,1
DA:156,1
DA:157,1
DA:162,1
DA:163,1
DA:164,1
DA:165,1
DA:166,1
DA:167,1
DA:172,1
DA:173,1
DA:174,1
DA:175,1
DA:176,1
DA:177,1
DA:182,1
DA:183,1
DA:184,1
DA:185,1
DA:186,1
DA:187,1
DA:192,1
DA:193,2
DA:194,2
DA:195,2
DA:205,1
DA:208,0
DA:211,1
DA:212,1
DA:225,1
DA:226,1
DA:232,1
DA:233,2
DA:234,2
DA:235,2
DA:239,1
DA:242,0
DA:244,1
DA:245,1
DA:246,1
DA:247,1
DA:252,1
DA:253,5
DA:254,5
DA:255,5
DA:263,2
DA:266,1
DA:269,2
DA:270,2
DA:281,2
DA:282,2
DA:289,1
DA:290,0
DA:291,0
DA:292,0
DA:293,0
DA:295,0
DA:302,1
DA:303,0
DA:304,0
DA:305,0
DA:306,0
DA:307,0
DA:310,0
DA:316,0
DA:322,1
DA:323,0
DA:324,0
DA:325,0
DA:326,0
DA:327,0
DA:328,0
DA:329,0
DA:331,0
DA:338,0
DA:339,0
DA:340,0
DA:346,0
DA:347,0
DA:355,1
LF:154
LH:97
BRDA:10,0,0,0
BRDA:10,0,1,1
BRDA:22,1,0,0
BRDA:22,1,1,1
BRDA:27,2,0,0
BRDA:27,2,1,0
BRDA:27,3,0,0
BRDA:27,3,1,0
BRDA:30,4,0,0
BRDA:30,4,1,0
BRDA:30,5,0,0
BRDA:30,5,1,0
BRDA:33,6,0,0
BRDA:33,6,1,0
BRDA:33,7,0,0
BRDA:33,7,1,0
BRDA:34,8,0,0
BRDA:34,8,1,0
BRDA:35,9,0,0
BRDA:35,9,1,0
BRDA:41,10,0,0
BRDA:41,10,1,0
BRDA:47,11,0,0
BRDA:47,11,1,0
BRDA:47,12,0,0
BRDA:47,12,1,0
BRDA:48,13,0,0
BRDA:48,13,1,0
BRDA:50,14,0,0
BRDA:50,14,1,0
BRDA:52,15,0,0
BRDA:52,15,1,0
BRDA:54,16,0,0
BRDA:54,16,1,0
BRDA:69,17,0,0
BRDA:69,17,1,1
BRDA:93,18,0,25
BRDA:93,18,1,25
BRDA:97,19,0,0
BRDA:97,19,1,25
BRDA:136,20,0,0
BRDA:136,20,1,2
BRDA:146,21,0,0
BRDA:146,21,1,1
BRDA:156,22,0,0
BRDA:156,22,1,1
BRDA:166,23,0,0
BRDA:166,23,1,1
BRDA:176,24,0,0
BRDA:176,24,1,1
BRDA:186,25,0,0
BRDA:186,25,1,1
BRDA:195,26,0,1
BRDA:195,26,1,1
BRDA:196,27,0,2
BRDA:196,27,1,1
BRDA:196,27,2,1
BRDA:196,27,3,1
BRDA:196,27,4,1
BRDA:196,27,5,1
BRDA:196,27,6,1
BRDA:196,27,7,1
BRDA:225,28,0,0
BRDA:225,28,1,1
BRDA:235,29,0,1
BRDA:235,29,1,1
BRDA:236,30,0,2
BRDA:236,30,1,1
BRDA:246,31,0,0
BRDA:246,31,1,1
BRDA:255,32,0,2
BRDA:255,32,1,2
BRDA:256,33,0,5
BRDA:256,33,1,2
BRDA:256,33,2,2
BRDA:256,33,3,2
BRDA:256,33,4,2
BRDA:256,33,5,2
BRDA:281,34,0,0
BRDA:281,34,1,2
BRDA:293,35,0,0
BRDA:293,35,1,0
BRDA:306,36,0,0
BRDA:306,36,1,0
BRDA:307,37,0,0
BRDA:307,37,1,0
BRDA:326,38,0,0
BRDA:326,38,1,0
BRDA:328,39,0,0
BRDA:328,39,1,0
BRDA:339,40,0,0
BRDA:339,40,1,0
BRDA:340,41,0,0
BRDA:340,41,1,0
BRF:94
BRH:37
end_of_record
